{"/home/ubuntu/resistance-hub-backend/src/cache/redis.js": {"path":"/home/ubuntu/resistance-hub-backend/src/cache/redis.js","statementMap":{"0":{"start":{"line":5,"column":0},"end":{"line":5,"column":16}},"1":{"start":{"line":7,"column":17},"end":{"line":7,"column":66}},"2":{"start":{"line":9,"column":15},"end":{"line":20,"column":2}},"3":{"start":{"line":13,"column":6},"end":{"line":16,"column":7}},"4":{"start":{"line":14,"column":8},"end":{"line":14,"column":64}},"5":{"start":{"line":15,"column":8},"end":{"line":15,"column":48}},"6":{"start":{"line":17,"column":6},"end":{"line":17,"column":26}},"7":{"start":{"line":22,"column":0},"end":{"line":24,"column":3}},"8":{"start":{"line":23,"column":2},"end":{"line":23,"column":61}},"9":{"start":{"line":26,"column":0},"end":{"line":28,"column":3}},"10":{"start":{"line":27,"column":2},"end":{"line":27,"column":40}},"11":{"start":{"line":30,"column":0},"end":{"line":32,"column":3}},"12":{"start":{"line":31,"column":2},"end":{"line":31,"column":36}},"13":{"start":{"line":34,"column":0},"end":{"line":36,"column":3}},"14":{"start":{"line":35,"column":2},"end":{"line":35,"column":43}},"15":{"start":{"line":39,"column":0},"end":{"line":42,"column":3}},"16":{"start":{"line":40,"column":2},"end":{"line":40,"column":69}},"17":{"start":{"line":41,"column":2},"end":{"line":41,"column":18}},"18":{"start":{"line":45,"column":19},"end":{"line":59,"column":1}},"19":{"start":{"line":46,"column":2},"end":{"line":58,"column":3}},"20":{"start":{"line":47,"column":4},"end":{"line":49,"column":5}},"21":{"start":{"line":48,"column":6},"end":{"line":48,"column":36}},"22":{"start":{"line":50,"column":4},"end":{"line":54,"column":5}},"23":{"start":{"line":51,"column":6},"end":{"line":51,"column":42}},"24":{"start":{"line":53,"column":6},"end":{"line":53,"column":35}},"25":{"start":{"line":55,"column":4},"end":{"line":55,"column":44}},"26":{"start":{"line":57,"column":4},"end":{"line":57,"column":67}},"27":{"start":{"line":61,"column":19},"end":{"line":78,"column":1}},"28":{"start":{"line":62,"column":2},"end":{"line":77,"column":3}},"29":{"start":{"line":63,"column":18},"end":{"line":63,"column":39}},"30":{"start":{"line":64,"column":4},"end":{"line":71,"column":5}},"31":{"start":{"line":65,"column":6},"end":{"line":65,"column":41}},"32":{"start":{"line":66,"column":6},"end":{"line":70,"column":7}},"33":{"start":{"line":67,"column":8},"end":{"line":67,"column":33}},"34":{"start":{"line":69,"column":8},"end":{"line":69,"column":21}},"35":{"start":{"line":72,"column":4},"end":{"line":72,"column":40}},"36":{"start":{"line":73,"column":4},"end":{"line":73,"column":16}},"37":{"start":{"line":75,"column":4},"end":{"line":75,"column":67}},"38":{"start":{"line":76,"column":4},"end":{"line":76,"column":16}},"39":{"start":{"line":80,"column":19},"end":{"line":87,"column":1}},"40":{"start":{"line":81,"column":2},"end":{"line":86,"column":3}},"41":{"start":{"line":82,"column":4},"end":{"line":82,"column":26}},"42":{"start":{"line":83,"column":4},"end":{"line":83,"column":43}},"43":{"start":{"line":85,"column":4},"end":{"line":85,"column":70}},"44":{"start":{"line":89,"column":21},"end":{"line":96,"column":1}},"45":{"start":{"line":90,"column":2},"end":{"line":95,"column":3}},"46":{"start":{"line":91,"column":4},"end":{"line":91,"column":27}},"47":{"start":{"line":92,"column":4},"end":{"line":92,"column":33}},"48":{"start":{"line":94,"column":4},"end":{"line":94,"column":64}},"49":{"start":{"line":98,"column":21},"end":{"line":101,"column":1}},"50":{"start":{"line":99,"column":2},"end":{"line":99,"column":22}},"51":{"start":{"line":100,"column":2},"end":{"line":100,"column":41}}},"fnMap":{"0":{"name":"(anonymous_0)","decl":{"start":{"line":12,"column":23},"end":{"line":12,"column":24}},"loc":{"start":{"line":12,"column":36},"end":{"line":18,"column":5}},"line":12},"1":{"name":"(anonymous_1)","decl":{"start":{"line":22,"column":19},"end":{"line":22,"column":20}},"loc":{"start":{"line":22,"column":28},"end":{"line":24,"column":1}},"line":22},"2":{"name":"(anonymous_2)","decl":{"start":{"line":26,"column":21},"end":{"line":26,"column":22}},"loc":{"start":{"line":26,"column":27},"end":{"line":28,"column":1}},"line":26},"3":{"name":"(anonymous_3)","decl":{"start":{"line":30,"column":19},"end":{"line":30,"column":20}},"loc":{"start":{"line":30,"column":25},"end":{"line":32,"column":1}},"line":30},"4":{"name":"(anonymous_4)","decl":{"start":{"line":34,"column":26},"end":{"line":34,"column":27}},"loc":{"start":{"line":34,"column":32},"end":{"line":36,"column":1}},"line":34},"5":{"name":"(anonymous_5)","decl":{"start":{"line":39,"column":29},"end":{"line":39,"column":30}},"loc":{"start":{"line":39,"column":36},"end":{"line":42,"column":1}},"line":39},"6":{"name":"(anonymous_6)","decl":{"start":{"line":45,"column":19},"end":{"line":45,"column":20}},"loc":{"start":{"line":45,"column":53},"end":{"line":59,"column":1}},"line":45},"7":{"name":"(anonymous_7)","decl":{"start":{"line":61,"column":19},"end":{"line":61,"column":20}},"loc":{"start":{"line":61,"column":34},"end":{"line":78,"column":1}},"line":61},"8":{"name":"(anonymous_8)","decl":{"start":{"line":80,"column":19},"end":{"line":80,"column":20}},"loc":{"start":{"line":80,"column":34},"end":{"line":87,"column":1}},"line":80},"9":{"name":"(anonymous_9)","decl":{"start":{"line":89,"column":21},"end":{"line":89,"column":22}},"loc":{"start":{"line":89,"column":33},"end":{"line":96,"column":1}},"line":89},"10":{"name":"(anonymous_10)","decl":{"start":{"line":98,"column":21},"end":{"line":98,"column":22}},"loc":{"start":{"line":98,"column":33},"end":{"line":101,"column":1}},"line":98}},"branchMap":{"0":{"loc":{"start":{"line":7,"column":17},"end":{"line":7,"column":66}},"type":"binary-expr","locations":[{"start":{"line":7,"column":17},"end":{"line":7,"column":38}},{"start":{"line":7,"column":42},"end":{"line":7,"column":66}}],"line":7},"1":{"loc":{"start":{"line":13,"column":6},"end":{"line":16,"column":7}},"type":"if","locations":[{"start":{"line":13,"column":6},"end":{"line":16,"column":7}},{"start":{},"end":{}}],"line":13},"2":{"loc":{"start":{"line":45,"column":38},"end":{"line":45,"column":48}},"type":"default-arg","locations":[{"start":{"line":45,"column":44},"end":{"line":45,"column":48}}],"line":45},"3":{"loc":{"start":{"line":47,"column":4},"end":{"line":49,"column":5}},"type":"if","locations":[{"start":{"line":47,"column":4},"end":{"line":49,"column":5}},{"start":{},"end":{}}],"line":47},"4":{"loc":{"start":{"line":50,"column":4},"end":{"line":54,"column":5}},"type":"if","locations":[{"start":{"line":50,"column":4},"end":{"line":54,"column":5}},{"start":{"line":52,"column":11},"end":{"line":54,"column":5}}],"line":50},"5":{"loc":{"start":{"line":64,"column":4},"end":{"line":71,"column":5}},"type":"if","locations":[{"start":{"line":64,"column":4},"end":{"line":71,"column":5}},{"start":{},"end":{}}],"line":64}},"s":{"0":0,"1":0,"2":0,"3":0,"4":0,"5":0,"6":0,"7":0,"8":0,"9":0,"10":0,"11":0,"12":0,"13":0,"14":0,"15":0,"16":0,"17":0,"18":0,"19":0,"20":0,"21":0,"22":0,"23":0,"24":0,"25":0,"26":0,"27":0,"28":0,"29":0,"30":0,"31":0,"32":0,"33":0,"34":0,"35":0,"36":0,"37":0,"38":0,"39":0,"40":0,"41":0,"42":0,"43":0,"44":0,"45":0,"46":0,"47":0,"48":0,"49":0,"50":0,"51":0},"f":{"0":0,"1":0,"2":0,"3":0,"4":0,"5":0,"6":0,"7":0,"8":0,"9":0,"10":0},"b":{"0":[0,0],"1":[0,0],"2":[0],"3":[0,0],"4":[0,0],"5":[0,0]}}
,"/home/ubuntu/resistance-hub-backend/src/db/connection.js": {"path":"/home/ubuntu/resistance-hub-backend/src/db/connection.js","statementMap":{"0":{"start":{"line":5,"column":17},"end":{"line":5,"column":20}},"1":{"start":{"line":7,"column":0},"end":{"line":7,"column":16}},"2":{"start":{"line":9,"column":13},"end":{"line":15,"column":2}},"3":{"start":{"line":17,"column":0},"end":{"line":19,"column":3}},"4":{"start":{"line":18,"column":2},"end":{"line":18,"column":74}},"5":{"start":{"line":21,"column":0},"end":{"line":23,"column":3}},"6":{"start":{"line":22,"column":2},"end":{"line":22,"column":50}},"7":{"start":{"line":25,"column":21},"end":{"line":35,"column":1}},"8":{"start":{"line":26,"column":16},"end":{"line":26,"column":26}},"9":{"start":{"line":27,"column":2},"end":{"line":34,"column":5}},"10":{"start":{"line":28,"column":21},"end":{"line":28,"column":39}},"11":{"start":{"line":29,"column":4},"end":{"line":29,"column":75}},"12":{"start":{"line":30,"column":4},"end":{"line":30,"column":15}},"13":{"start":{"line":32,"column":4},"end":{"line":32,"column":71}},"14":{"start":{"line":33,"column":4},"end":{"line":33,"column":14}},"15":{"start":{"line":37,"column":25},"end":{"line":40,"column":1}},"16":{"start":{"line":38,"column":17},"end":{"line":38,"column":37}},"17":{"start":{"line":39,"column":2},"end":{"line":39,"column":16}},"18":{"start":{"line":42,"column":25},"end":{"line":45,"column":1}},"19":{"start":{"line":43,"column":2},"end":{"line":43,"column":19}},"20":{"start":{"line":44,"column":2},"end":{"line":44,"column":49}}},"fnMap":{"0":{"name":"(anonymous_0)","decl":{"start":{"line":17,"column":17},"end":{"line":17,"column":18}},"loc":{"start":{"line":17,"column":26},"end":{"line":19,"column":1}},"line":17},"1":{"name":"(anonymous_1)","decl":{"start":{"line":21,"column":19},"end":{"line":21,"column":20}},"loc":{"start":{"line":21,"column":25},"end":{"line":23,"column":1}},"line":21},"2":{"name":"(anonymous_2)","decl":{"start":{"line":25,"column":21},"end":{"line":25,"column":22}},"loc":{"start":{"line":25,"column":39},"end":{"line":35,"column":1}},"line":25},"3":{"name":"(anonymous_3)","decl":{"start":{"line":27,"column":39},"end":{"line":27,"column":40}},"loc":{"start":{"line":27,"column":46},"end":{"line":31,"column":3}},"line":27},"4":{"name":"(anonymous_4)","decl":{"start":{"line":31,"column":11},"end":{"line":31,"column":12}},"loc":{"start":{"line":31,"column":18},"end":{"line":34,"column":3}},"line":31},"5":{"name":"(anonymous_5)","decl":{"start":{"line":37,"column":25},"end":{"line":37,"column":26}},"loc":{"start":{"line":37,"column":37},"end":{"line":40,"column":1}},"line":37},"6":{"name":"(anonymous_6)","decl":{"start":{"line":42,"column":25},"end":{"line":42,"column":26}},"loc":{"start":{"line":42,"column":37},"end":{"line":45,"column":1}},"line":42}},"branchMap":{"0":{"loc":{"start":{"line":11,"column":16},"end":{"line":11,"column":53}},"type":"binary-expr","locations":[{"start":{"line":11,"column":16},"end":{"line":11,"column":45}},{"start":{"line":11,"column":49},"end":{"line":11,"column":53}}],"line":11},"1":{"loc":{"start":{"line":12,"column":16},"end":{"line":12,"column":52}},"type":"binary-expr","locations":[{"start":{"line":12,"column":16},"end":{"line":12,"column":45}},{"start":{"line":12,"column":49},"end":{"line":12,"column":52}}],"line":12}},"s":{"0":0,"1":0,"2":0,"3":0,"4":0,"5":0,"6":0,"7":0,"8":0,"9":0,"10":0,"11":0,"12":0,"13":0,"14":0,"15":0,"16":0,"17":0,"18":0,"19":0,"20":0},"f":{"0":0,"1":0,"2":0,"3":0,"4":0,"5":0,"6":0},"b":{"0":[0,0],"1":[0,0]}}
,"/home/ubuntu/resistance-hub-backend/src/db/runMigrations.js": {"path":"/home/ubuntu/resistance-hub-backend/src/db/runMigrations.js","statementMap":{"0":{"start":{"line":7,"column":18},"end":{"line":7,"column":62}},"1":{"start":{"line":8,"column":22},"end":{"line":8,"column":56}},"2":{"start":{"line":11,"column":26},"end":{"line":15,"column":1}},"3":{"start":{"line":12,"column":2},"end":{"line":14,"column":12}},"4":{"start":{"line":13,"column":20},"end":{"line":13,"column":41}},"5":{"start":{"line":18,"column":21},"end":{"line":32,"column":1}},"6":{"start":{"line":19,"column":2},"end":{"line":31,"column":3}},"7":{"start":{"line":20,"column":21},"end":{"line":20,"column":55}},"8":{"start":{"line":21,"column":16},"end":{"line":21,"column":49}},"9":{"start":{"line":23,"column":4},"end":{"line":23,"column":50}},"10":{"start":{"line":24,"column":4},"end":{"line":24,"column":21}},"11":{"start":{"line":25,"column":4},"end":{"line":25,"column":54}},"12":{"start":{"line":27,"column":4},"end":{"line":27,"column":16}},"13":{"start":{"line":29,"column":4},"end":{"line":29,"column":78}},"14":{"start":{"line":30,"column":4},"end":{"line":30,"column":16}},"15":{"start":{"line":35,"column":32},"end":{"line":55,"column":1}},"16":{"start":{"line":36,"column":2},"end":{"line":54,"column":3}},"17":{"start":{"line":37,"column":18},"end":{"line":37,"column":37}},"18":{"start":{"line":39,"column":4},"end":{"line":42,"column":5}},"19":{"start":{"line":40,"column":6},"end":{"line":40,"column":46}},"20":{"start":{"line":41,"column":6},"end":{"line":41,"column":13}},"21":{"start":{"line":44,"column":4},"end":{"line":44,"column":54}},"22":{"start":{"line":46,"column":4},"end":{"line":48,"column":5}},"23":{"start":{"line":47,"column":6},"end":{"line":47,"column":31}},"24":{"start":{"line":50,"column":4},"end":{"line":50,"column":57}},"25":{"start":{"line":52,"column":4},"end":{"line":52,"column":71}},"26":{"start":{"line":53,"column":4},"end":{"line":53,"column":16}},"27":{"start":{"line":58,"column":0},"end":{"line":68,"column":1}},"28":{"start":{"line":59,"column":2},"end":{"line":67,"column":7}},"29":{"start":{"line":61,"column":6},"end":{"line":61,"column":45}},"30":{"start":{"line":62,"column":6},"end":{"line":62,"column":22}},"31":{"start":{"line":65,"column":6},"end":{"line":65,"column":70}},"32":{"start":{"line":66,"column":6},"end":{"line":66,"column":22}}},"fnMap":{"0":{"name":"(anonymous_0)","decl":{"start":{"line":11,"column":26},"end":{"line":11,"column":27}},"loc":{"start":{"line":11,"column":32},"end":{"line":15,"column":1}},"line":11},"1":{"name":"(anonymous_1)","decl":{"start":{"line":13,"column":12},"end":{"line":13,"column":13}},"loc":{"start":{"line":13,"column":20},"end":{"line":13,"column":41}},"line":13},"2":{"name":"(anonymous_2)","decl":{"start":{"line":18,"column":21},"end":{"line":18,"column":22}},"loc":{"start":{"line":18,"column":41},"end":{"line":32,"column":1}},"line":18},"3":{"name":"(anonymous_3)","decl":{"start":{"line":35,"column":32},"end":{"line":35,"column":33}},"loc":{"start":{"line":35,"column":44},"end":{"line":55,"column":1}},"line":35},"4":{"name":"(anonymous_4)","decl":{"start":{"line":60,"column":10},"end":{"line":60,"column":11}},"loc":{"start":{"line":60,"column":16},"end":{"line":63,"column":5}},"line":60},"5":{"name":"(anonymous_5)","decl":{"start":{"line":64,"column":11},"end":{"line":64,"column":12}},"loc":{"start":{"line":64,"column":20},"end":{"line":67,"column":5}},"line":64}},"branchMap":{"0":{"loc":{"start":{"line":39,"column":4},"end":{"line":42,"column":5}},"type":"if","locations":[{"start":{"line":39,"column":4},"end":{"line":42,"column":5}},{"start":{},"end":{}}],"line":39},"1":{"loc":{"start":{"line":58,"column":0},"end":{"line":68,"column":1}},"type":"if","locations":[{"start":{"line":58,"column":0},"end":{"line":68,"column":1}},{"start":{},"end":{}}],"line":58}},"s":{"0":0,"1":0,"2":0,"3":0,"4":0,"5":0,"6":0,"7":0,"8":0,"9":0,"10":0,"11":0,"12":0,"13":0,"14":0,"15":0,"16":0,"17":0,"18":0,"19":0,"20":0,"21":0,"22":0,"23":0,"24":0,"25":0,"26":0,"27":0,"28":0,"29":0,"30":0,"31":0,"32":0},"f":{"0":0,"1":0,"2":0,"3":0,"4":0,"5":0},"b":{"0":[0,0],"1":[0,0]}}
,"/home/ubuntu/resistance-hub-backend/src/middleware/auth.js": {"path":"/home/ubuntu/resistance-hub-backend/src/middleware/auth.js","statementMap":{"0":{"start":{"line":4,"column":33},"end":{"line":38,"column":1}},"1":{"start":{"line":5,"column":21},"end":{"line":5,"column":49}},"2":{"start":{"line":6,"column":16},"end":{"line":6,"column":54}},"3":{"start":{"line":8,"column":2},"end":{"line":17,"column":3}},"4":{"start":{"line":9,"column":4},"end":{"line":9,"column":80}},"5":{"start":{"line":10,"column":4},"end":{"line":16,"column":7}},"6":{"start":{"line":19,"column":2},"end":{"line":37,"column":5}},"7":{"start":{"line":20,"column":4},"end":{"line":33,"column":5}},"8":{"start":{"line":21,"column":6},"end":{"line":25,"column":9}},"9":{"start":{"line":26,"column":6},"end":{"line":32,"column":9}},"10":{"start":{"line":35,"column":4},"end":{"line":35,"column":20}},"11":{"start":{"line":36,"column":4},"end":{"line":36,"column":11}},"12":{"start":{"line":40,"column":28},"end":{"line":53,"column":1}},"13":{"start":{"line":41,"column":21},"end":{"line":41,"column":49}},"14":{"start":{"line":42,"column":16},"end":{"line":42,"column":54}},"15":{"start":{"line":44,"column":2},"end":{"line":50,"column":3}},"16":{"start":{"line":45,"column":4},"end":{"line":49,"column":7}},"17":{"start":{"line":46,"column":6},"end":{"line":48,"column":7}},"18":{"start":{"line":47,"column":8},"end":{"line":47,"column":24}},"19":{"start":{"line":52,"column":2},"end":{"line":52,"column":9}},"20":{"start":{"line":55,"column":27},"end":{"line":88,"column":1}},"21":{"start":{"line":56,"column":2},"end":{"line":87,"column":4}},"22":{"start":{"line":57,"column":4},"end":{"line":65,"column":5}},"23":{"start":{"line":58,"column":6},"end":{"line":64,"column":9}},"24":{"start":{"line":67,"column":22},"end":{"line":67,"column":42}},"25":{"start":{"line":68,"column":20},"end":{"line":68,"column":64}},"26":{"start":{"line":68,"column":39},"end":{"line":68,"column":63}},"27":{"start":{"line":70,"column":4},"end":{"line":84,"column":5}},"28":{"start":{"line":71,"column":6},"end":{"line":76,"column":9}},"29":{"start":{"line":77,"column":6},"end":{"line":83,"column":9}},"30":{"start":{"line":86,"column":4},"end":{"line":86,"column":11}},"31":{"start":{"line":90,"column":29},"end":{"line":101,"column":1}},"32":{"start":{"line":91,"column":2},"end":{"line":100,"column":4}},"33":{"start":{"line":103,"column":36},"end":{"line":112,"column":1}},"34":{"start":{"line":104,"column":2},"end":{"line":111,"column":4}},"35":{"start":{"line":114,"column":34},"end":{"line":121,"column":1}},"36":{"start":{"line":115,"column":2},"end":{"line":120,"column":3}},"37":{"start":{"line":116,"column":4},"end":{"line":116,"column":61}},"38":{"start":{"line":118,"column":4},"end":{"line":118,"column":68}},"39":{"start":{"line":119,"column":4},"end":{"line":119,"column":16}}},"fnMap":{"0":{"name":"(anonymous_0)","decl":{"start":{"line":4,"column":33},"end":{"line":4,"column":34}},"loc":{"start":{"line":4,"column":53},"end":{"line":38,"column":1}},"line":4},"1":{"name":"(anonymous_1)","decl":{"start":{"line":19,"column":44},"end":{"line":19,"column":45}},"loc":{"start":{"line":19,"column":59},"end":{"line":37,"column":3}},"line":19},"2":{"name":"(anonymous_2)","decl":{"start":{"line":40,"column":28},"end":{"line":40,"column":29}},"loc":{"start":{"line":40,"column":48},"end":{"line":53,"column":1}},"line":40},"3":{"name":"(anonymous_3)","decl":{"start":{"line":45,"column":46},"end":{"line":45,"column":47}},"loc":{"start":{"line":45,"column":61},"end":{"line":49,"column":5}},"line":45},"4":{"name":"(anonymous_4)","decl":{"start":{"line":55,"column":27},"end":{"line":55,"column":28}},"loc":{"start":{"line":55,"column":38},"end":{"line":88,"column":1}},"line":55},"5":{"name":"(anonymous_5)","decl":{"start":{"line":56,"column":9},"end":{"line":56,"column":10}},"loc":{"start":{"line":56,"column":29},"end":{"line":87,"column":3}},"line":56},"6":{"name":"(anonymous_6)","decl":{"start":{"line":68,"column":31},"end":{"line":68,"column":32}},"loc":{"start":{"line":68,"column":39},"end":{"line":68,"column":63}},"line":68},"7":{"name":"(anonymous_7)","decl":{"start":{"line":90,"column":29},"end":{"line":90,"column":30}},"loc":{"start":{"line":90,"column":75},"end":{"line":101,"column":1}},"line":90},"8":{"name":"(anonymous_8)","decl":{"start":{"line":103,"column":36},"end":{"line":103,"column":37}},"loc":{"start":{"line":103,"column":46},"end":{"line":112,"column":1}},"line":103},"9":{"name":"(anonymous_9)","decl":{"start":{"line":114,"column":34},"end":{"line":114,"column":35}},"loc":{"start":{"line":114,"column":45},"end":{"line":121,"column":1}},"line":114}},"branchMap":{"0":{"loc":{"start":{"line":6,"column":16},"end":{"line":6,"column":54}},"type":"binary-expr","locations":[{"start":{"line":6,"column":16},"end":{"line":6,"column":26}},{"start":{"line":6,"column":30},"end":{"line":6,"column":54}}],"line":6},"1":{"loc":{"start":{"line":8,"column":2},"end":{"line":17,"column":3}},"type":"if","locations":[{"start":{"line":8,"column":2},"end":{"line":17,"column":3}},{"start":{},"end":{}}],"line":8},"2":{"loc":{"start":{"line":20,"column":4},"end":{"line":33,"column":5}},"type":"if","locations":[{"start":{"line":20,"column":4},"end":{"line":33,"column":5}},{"start":{},"end":{}}],"line":20},"3":{"loc":{"start":{"line":42,"column":16},"end":{"line":42,"column":54}},"type":"binary-expr","locations":[{"start":{"line":42,"column":16},"end":{"line":42,"column":26}},{"start":{"line":42,"column":30},"end":{"line":42,"column":54}}],"line":42},"4":{"loc":{"start":{"line":44,"column":2},"end":{"line":50,"column":3}},"type":"if","locations":[{"start":{"line":44,"column":2},"end":{"line":50,"column":3}},{"start":{},"end":{}}],"line":44},"5":{"loc":{"start":{"line":46,"column":6},"end":{"line":48,"column":7}},"type":"if","locations":[{"start":{"line":46,"column":6},"end":{"line":48,"column":7}},{"start":{},"end":{}}],"line":46},"6":{"loc":{"start":{"line":57,"column":4},"end":{"line":65,"column":5}},"type":"if","locations":[{"start":{"line":57,"column":4},"end":{"line":65,"column":5}},{"start":{},"end":{}}],"line":57},"7":{"loc":{"start":{"line":67,"column":22},"end":{"line":67,"column":42}},"type":"binary-expr","locations":[{"start":{"line":67,"column":22},"end":{"line":67,"column":36}},{"start":{"line":67,"column":40},"end":{"line":67,"column":42}}],"line":67},"8":{"loc":{"start":{"line":70,"column":4},"end":{"line":84,"column":5}},"type":"if","locations":[{"start":{"line":70,"column":4},"end":{"line":84,"column":5}},{"start":{},"end":{}}],"line":70},"9":{"loc":{"start":{"line":90,"column":36},"end":{"line":90,"column":70}},"type":"default-arg","locations":[{"start":{"line":90,"column":48},"end":{"line":90,"column":70}}],"line":90},"10":{"loc":{"start":{"line":96,"column":13},"end":{"line":96,"column":35}},"type":"binary-expr","locations":[{"start":{"line":96,"column":13},"end":{"line":96,"column":23}},{"start":{"line":96,"column":27},"end":{"line":96,"column":35}}],"line":96}},"s":{"0":0,"1":0,"2":0,"3":0,"4":0,"5":0,"6":0,"7":0,"8":0,"9":0,"10":0,"11":0,"12":0,"13":0,"14":0,"15":0,"16":0,"17":0,"18":0,"19":0,"20":0,"21":0,"22":0,"23":0,"24":0,"25":0,"26":0,"27":0,"28":0,"29":0,"30":0,"31":0,"32":0,"33":0,"34":0,"35":0,"36":0,"37":0,"38":0,"39":0},"f":{"0":0,"1":0,"2":0,"3":0,"4":0,"5":0,"6":0,"7":0,"8":0,"9":0},"b":{"0":[0,0],"1":[0,0],"2":[0,0],"3":[0,0],"4":[0,0],"5":[0,0],"6":[0,0],"7":[0,0],"8":[0,0],"9":[0],"10":[0,0]}}
,"/home/ubuntu/resistance-hub-backend/src/middleware/errorHandler.js": {"path":"/home/ubuntu/resistance-hub-backend/src/middleware/errorHandler.js","statementMap":{"0":{"start":{"line":3,"column":28},"end":{"line":73,"column":1}},"1":{"start":{"line":5,"column":2},"end":{"line":12,"column":5}},"2":{"start":{"line":15,"column":2},"end":{"line":29,"column":3}},"3":{"start":{"line":16,"column":20},"end":{"line":19,"column":7}},"4":{"start":{"line":16,"column":47},"end":{"line":19,"column":5}},"5":{"start":{"line":21,"column":4},"end":{"line":28,"column":7}},"6":{"start":{"line":32,"column":2},"end":{"line":40,"column":3}},"7":{"start":{"line":33,"column":4},"end":{"line":39,"column":7}},"8":{"start":{"line":42,"column":2},"end":{"line":50,"column":3}},"9":{"start":{"line":43,"column":4},"end":{"line":49,"column":7}},"10":{"start":{"line":53,"column":2},"end":{"line":61,"column":3}},"11":{"start":{"line":54,"column":4},"end":{"line":60,"column":7}},"12":{"start":{"line":64,"column":2},"end":{"line":72,"column":5}},"13":{"start":{"line":77,"column":4},"end":{"line":77,"column":19}},"14":{"start":{"line":78,"column":4},"end":{"line":78,"column":33}},"15":{"start":{"line":79,"column":4},"end":{"line":79,"column":21}},"16":{"start":{"line":80,"column":4},"end":{"line":80,"column":52}},"17":{"start":{"line":86,"column":4},"end":{"line":86,"column":44}},"18":{"start":{"line":92,"column":4},"end":{"line":92,"column":37}},"19":{"start":{"line":98,"column":4},"end":{"line":98,"column":40}},"20":{"start":{"line":104,"column":4},"end":{"line":104,"column":37}},"21":{"start":{"line":110,"column":4},"end":{"line":110,"column":36}}},"fnMap":{"0":{"name":"(anonymous_0)","decl":{"start":{"line":3,"column":28},"end":{"line":3,"column":29}},"loc":{"start":{"line":3,"column":53},"end":{"line":73,"column":1}},"line":3},"1":{"name":"(anonymous_1)","decl":{"start":{"line":16,"column":36},"end":{"line":16,"column":37}},"loc":{"start":{"line":16,"column":47},"end":{"line":19,"column":5}},"line":16},"2":{"name":"(anonymous_2)","decl":{"start":{"line":76,"column":2},"end":{"line":76,"column":3}},"loc":{"start":{"line":76,"column":57},"end":{"line":81,"column":3}},"line":76},"3":{"name":"(anonymous_3)","decl":{"start":{"line":85,"column":2},"end":{"line":85,"column":3}},"loc":{"start":{"line":85,"column":23},"end":{"line":87,"column":3}},"line":85},"4":{"name":"(anonymous_4)","decl":{"start":{"line":91,"column":2},"end":{"line":91,"column":3}},"loc":{"start":{"line":91,"column":46},"end":{"line":93,"column":3}},"line":91},"5":{"name":"(anonymous_5)","decl":{"start":{"line":97,"column":2},"end":{"line":97,"column":3}},"loc":{"start":{"line":97,"column":40},"end":{"line":99,"column":3}},"line":97},"6":{"name":"(anonymous_6)","decl":{"start":{"line":103,"column":2},"end":{"line":103,"column":3}},"loc":{"start":{"line":103,"column":37},"end":{"line":105,"column":3}},"line":103},"7":{"name":"(anonymous_7)","decl":{"start":{"line":109,"column":2},"end":{"line":109,"column":3}},"loc":{"start":{"line":109,"column":51},"end":{"line":111,"column":3}},"line":109}},"branchMap":{"0":{"loc":{"start":{"line":15,"column":2},"end":{"line":29,"column":3}},"type":"if","locations":[{"start":{"line":15,"column":2},"end":{"line":29,"column":3}},{"start":{},"end":{}}],"line":15},"1":{"loc":{"start":{"line":32,"column":2},"end":{"line":40,"column":3}},"type":"if","locations":[{"start":{"line":32,"column":2},"end":{"line":40,"column":3}},{"start":{},"end":{}}],"line":32},"2":{"loc":{"start":{"line":42,"column":2},"end":{"line":50,"column":3}},"type":"if","locations":[{"start":{"line":42,"column":2},"end":{"line":50,"column":3}},{"start":{},"end":{}}],"line":42},"3":{"loc":{"start":{"line":53,"column":2},"end":{"line":61,"column":3}},"type":"if","locations":[{"start":{"line":53,"column":2},"end":{"line":61,"column":3}},{"start":{},"end":{}}],"line":53},"4":{"loc":{"start":{"line":57,"column":14},"end":{"line":57,"column":33}},"type":"binary-expr","locations":[{"start":{"line":57,"column":14},"end":{"line":57,"column":22}},{"start":{"line":57,"column":26},"end":{"line":57,"column":33}}],"line":57},"5":{"loc":{"start":{"line":68,"column":15},"end":{"line":70,"column":21}},"type":"cond-expr","locations":[{"start":{"line":69,"column":10},"end":{"line":69,"column":54}},{"start":{"line":70,"column":10},"end":{"line":70,"column":21}}],"line":68},"6":{"loc":{"start":{"line":76,"column":23},"end":{"line":76,"column":39}},"type":"default-arg","locations":[{"start":{"line":76,"column":36},"end":{"line":76,"column":39}}],"line":76},"7":{"loc":{"start":{"line":76,"column":41},"end":{"line":76,"column":55}},"type":"default-arg","locations":[{"start":{"line":76,"column":48},"end":{"line":76,"column":55}}],"line":76},"8":{"loc":{"start":{"line":91,"column":14},"end":{"line":91,"column":44}},"type":"default-arg","locations":[{"start":{"line":91,"column":24},"end":{"line":91,"column":44}}],"line":91},"9":{"loc":{"start":{"line":97,"column":14},"end":{"line":97,"column":38}},"type":"default-arg","locations":[{"start":{"line":97,"column":24},"end":{"line":97,"column":38}}],"line":97},"10":{"loc":{"start":{"line":103,"column":14},"end":{"line":103,"column":35}},"type":"default-arg","locations":[{"start":{"line":103,"column":24},"end":{"line":103,"column":35}}],"line":103},"11":{"loc":{"start":{"line":109,"column":14},"end":{"line":109,"column":49}},"type":"default-arg","locations":[{"start":{"line":109,"column":24},"end":{"line":109,"column":49}}],"line":109}},"s":{"0":0,"1":0,"2":0,"3":0,"4":0,"5":0,"6":0,"7":0,"8":0,"9":0,"10":0,"11":0,"12":0,"13":0,"14":0,"15":0,"16":0,"17":0,"18":0,"19":0,"20":0,"21":0},"f":{"0":0,"1":0,"2":0,"3":0,"4":0,"5":0,"6":0,"7":0},"b":{"0":[0,0],"1":[0,0],"2":[0,0],"3":[0,0],"4":[0,0],"5":[0,0],"6":[0],"7":[0],"8":[0],"9":[0],"10":[0],"11":[0]}}
,"/home/ubuntu/resistance-hub-backend/src/middleware/requestLogger.js": {"path":"/home/ubuntu/resistance-hub-backend/src/middleware/requestLogger.js","statementMap":{"0":{"start":{"line":3,"column":29},"end":{"line":30,"column":1}},"1":{"start":{"line":4,"column":16},"end":{"line":4,"column":26}},"2":{"start":{"line":7,"column":2},"end":{"line":12,"column":5}},"3":{"start":{"line":15,"column":2},"end":{"line":27,"column":5}},"4":{"start":{"line":16,"column":21},"end":{"line":16,"column":39}},"5":{"start":{"line":17,"column":21},"end":{"line":17,"column":60}},"6":{"start":{"line":19,"column":4},"end":{"line":26,"column":7}},"7":{"start":{"line":29,"column":2},"end":{"line":29,"column":9}}},"fnMap":{"0":{"name":"(anonymous_0)","decl":{"start":{"line":3,"column":29},"end":{"line":3,"column":30}},"loc":{"start":{"line":3,"column":49},"end":{"line":30,"column":1}},"line":3},"1":{"name":"(anonymous_1)","decl":{"start":{"line":15,"column":19},"end":{"line":15,"column":20}},"loc":{"start":{"line":15,"column":25},"end":{"line":27,"column":3}},"line":15}},"branchMap":{"0":{"loc":{"start":{"line":17,"column":21},"end":{"line":17,"column":60}},"type":"cond-expr","locations":[{"start":{"line":17,"column":45},"end":{"line":17,"column":51}},{"start":{"line":17,"column":54},"end":{"line":17,"column":60}}],"line":17}},"s":{"0":0,"1":0,"2":0,"3":0,"4":0,"5":0,"6":0,"7":0},"f":{"0":0,"1":0},"b":{"0":[0,0]}}
,"/home/ubuntu/resistance-hub-backend/src/routes/auth.js": {"path":"/home/ubuntu/resistance-hub-backend/src/routes/auth.js","statementMap":{"0":{"start":{"line":7,"column":15},"end":{"line":7,"column":31}},"1":{"start":{"line":12,"column":0},"end":{"line":31,"column":3}},"2":{"start":{"line":13,"column":2},"end":{"line":30,"column":3}},"3":{"start":{"line":14,"column":63},"end":{"line":14,"column":80}},"4":{"start":{"line":15,"column":22},"end":{"line":15,"column":28}},"5":{"start":{"line":16,"column":22},"end":{"line":16,"column":43}},"6":{"start":{"line":18,"column":19},"end":{"line":22,"column":5}},"7":{"start":{"line":24,"column":4},"end":{"line":27,"column":7}},"8":{"start":{"line":29,"column":4},"end":{"line":29,"column":16}},"9":{"start":{"line":36,"column":0},"end":{"line":59,"column":3}},"10":{"start":{"line":37,"column":2},"end":{"line":58,"column":3}},"11":{"start":{"line":38,"column":22},"end":{"line":38,"column":30}},"12":{"start":{"line":40,"column":4},"end":{"line":48,"column":5}},"13":{"start":{"line":41,"column":6},"end":{"line":47,"column":9}},"14":{"start":{"line":50,"column":19},"end":{"line":50,"column":55}},"15":{"start":{"line":52,"column":4},"end":{"line":55,"column":7}},"16":{"start":{"line":57,"column":4},"end":{"line":57,"column":16}},"17":{"start":{"line":64,"column":0},"end":{"line":79,"column":3}},"18":{"start":{"line":65,"column":2},"end":{"line":78,"column":3}},"19":{"start":{"line":66,"column":32},"end":{"line":66,"column":49}},"20":{"start":{"line":67,"column":22},"end":{"line":67,"column":28}},"21":{"start":{"line":68,"column":22},"end":{"line":68,"column":43}},"22":{"start":{"line":70,"column":19},"end":{"line":70,"column":81}},"23":{"start":{"line":72,"column":4},"end":{"line":75,"column":7}},"24":{"start":{"line":77,"column":4},"end":{"line":77,"column":16}},"25":{"start":{"line":84,"column":0},"end":{"line":110,"column":3}},"26":{"start":{"line":85,"column":2},"end":{"line":109,"column":3}},"27":{"start":{"line":86,"column":29},"end":{"line":86,"column":37}},"28":{"start":{"line":88,"column":4},"end":{"line":96,"column":5}},"29":{"start":{"line":89,"column":6},"end":{"line":95,"column":9}},"30":{"start":{"line":98,"column":22},"end":{"line":98,"column":28}},"31":{"start":{"line":99,"column":22},"end":{"line":99,"column":43}},"32":{"start":{"line":101,"column":19},"end":{"line":101,"column":91}},"33":{"start":{"line":103,"column":4},"end":{"line":106,"column":7}},"34":{"start":{"line":108,"column":4},"end":{"line":108,"column":16}},"35":{"start":{"line":115,"column":0},"end":{"line":128,"column":3}},"36":{"start":{"line":116,"column":2},"end":{"line":127,"column":3}},"37":{"start":{"line":117,"column":22},"end":{"line":117,"column":39}},"38":{"start":{"line":119,"column":19},"end":{"line":119,"column":64}},"39":{"start":{"line":121,"column":4},"end":{"line":124,"column":7}},"40":{"start":{"line":126,"column":4},"end":{"line":126,"column":16}},"41":{"start":{"line":133,"column":0},"end":{"line":146,"column":3}},"42":{"start":{"line":134,"column":2},"end":{"line":145,"column":3}},"43":{"start":{"line":135,"column":35},"end":{"line":135,"column":52}},"44":{"start":{"line":137,"column":19},"end":{"line":137,"column":70}},"45":{"start":{"line":139,"column":4},"end":{"line":142,"column":7}},"46":{"start":{"line":144,"column":4},"end":{"line":144,"column":16}},"47":{"start":{"line":151,"column":0},"end":{"line":162,"column":3}},"48":{"start":{"line":152,"column":2},"end":{"line":161,"column":3}},"49":{"start":{"line":153,"column":19},"end":{"line":153,"column":84}},"50":{"start":{"line":155,"column":4},"end":{"line":158,"column":7}},"51":{"start":{"line":160,"column":4},"end":{"line":160,"column":16}},"52":{"start":{"line":167,"column":0},"end":{"line":179,"column":3}},"53":{"start":{"line":168,"column":2},"end":{"line":178,"column":3}},"54":{"start":{"line":169,"column":28},"end":{"line":169,"column":70}},"55":{"start":{"line":170,"column":17},"end":{"line":170,"column":47}},"56":{"start":{"line":172,"column":4},"end":{"line":175,"column":7}},"57":{"start":{"line":177,"column":4},"end":{"line":177,"column":16}}},"fnMap":{"0":{"name":"(anonymous_0)","decl":{"start":{"line":12,"column":51},"end":{"line":12,"column":52}},"loc":{"start":{"line":12,"column":77},"end":{"line":31,"column":1}},"line":12},"1":{"name":"(anonymous_1)","decl":{"start":{"line":36,"column":29},"end":{"line":36,"column":30}},"loc":{"start":{"line":36,"column":55},"end":{"line":59,"column":1}},"line":36},"2":{"name":"(anonymous_2)","decl":{"start":{"line":64,"column":45},"end":{"line":64,"column":46}},"loc":{"start":{"line":64,"column":71},"end":{"line":79,"column":1}},"line":64},"3":{"name":"(anonymous_3)","decl":{"start":{"line":84,"column":24},"end":{"line":84,"column":25}},"loc":{"start":{"line":84,"column":50},"end":{"line":110,"column":1}},"line":84},"4":{"name":"(anonymous_4)","decl":{"start":{"line":115,"column":64},"end":{"line":115,"column":65}},"loc":{"start":{"line":115,"column":90},"end":{"line":128,"column":1}},"line":115},"5":{"name":"(anonymous_5)","decl":{"start":{"line":133,"column":62},"end":{"line":133,"column":63}},"loc":{"start":{"line":133,"column":88},"end":{"line":146,"column":1}},"line":133},"6":{"name":"(anonymous_6)","decl":{"start":{"line":151,"column":42},"end":{"line":151,"column":43}},"loc":{"start":{"line":151,"column":68},"end":{"line":162,"column":1}},"line":151},"7":{"name":"(anonymous_7)","decl":{"start":{"line":167,"column":37},"end":{"line":167,"column":38}},"loc":{"start":{"line":167,"column":63},"end":{"line":179,"column":1}},"line":167}},"branchMap":{"0":{"loc":{"start":{"line":40,"column":4},"end":{"line":48,"column":5}},"type":"if","locations":[{"start":{"line":40,"column":4},"end":{"line":48,"column":5}},{"start":{},"end":{}}],"line":40},"1":{"loc":{"start":{"line":88,"column":4},"end":{"line":96,"column":5}},"type":"if","locations":[{"start":{"line":88,"column":4},"end":{"line":96,"column":5}},{"start":{},"end":{}}],"line":88}},"s":{"0":0,"1":0,"2":0,"3":0,"4":0,"5":0,"6":0,"7":0,"8":0,"9":0,"10":0,"11":0,"12":0,"13":0,"14":0,"15":0,"16":0,"17":0,"18":0,"19":0,"20":0,"21":0,"22":0,"23":0,"24":0,"25":0,"26":0,"27":0,"28":0,"29":0,"30":0,"31":0,"32":0,"33":0,"34":0,"35":0,"36":0,"37":0,"38":0,"39":0,"40":0,"41":0,"42":0,"43":0,"44":0,"45":0,"46":0,"47":0,"48":0,"49":0,"50":0,"51":0,"52":0,"53":0,"54":0,"55":0,"56":0,"57":0},"f":{"0":0,"1":0,"2":0,"3":0,"4":0,"5":0,"6":0,"7":0},"b":{"0":[0,0],"1":[0,0]}}
,"/home/ubuntu/resistance-hub-backend/src/routes/campaigns.js": {"path":"/home/ubuntu/resistance-hub-backend/src/routes/campaigns.js","statementMap":{"0":{"start":{"line":4,"column":15},"end":{"line":4,"column":31}},"1":{"start":{"line":8,"column":0},"end":{"line":21,"column":3}},"2":{"start":{"line":9,"column":2},"end":{"line":20,"column":3}},"3":{"start":{"line":10,"column":4},"end":{"line":13,"column":7}},"4":{"start":{"line":15,"column":4},"end":{"line":15,"column":58}},"5":{"start":{"line":16,"column":4},"end":{"line":19,"column":7}}},"fnMap":{"0":{"name":"(anonymous_0)","decl":{"start":{"line":8,"column":16},"end":{"line":8,"column":17}},"loc":{"start":{"line":8,"column":36},"end":{"line":21,"column":1}},"line":8}},"branchMap":{},"s":{"0":0,"1":0,"2":0,"3":0,"4":0,"5":0},"f":{"0":0},"b":{}}
,"/home/ubuntu/resistance-hub-backend/src/routes/channels.js": {"path":"/home/ubuntu/resistance-hub-backend/src/routes/channels.js","statementMap":{"0":{"start":{"line":4,"column":15},"end":{"line":4,"column":31}},"1":{"start":{"line":8,"column":0},"end":{"line":21,"column":3}},"2":{"start":{"line":9,"column":2},"end":{"line":20,"column":3}},"3":{"start":{"line":10,"column":4},"end":{"line":13,"column":7}},"4":{"start":{"line":15,"column":4},"end":{"line":15,"column":58}},"5":{"start":{"line":16,"column":4},"end":{"line":19,"column":7}}},"fnMap":{"0":{"name":"(anonymous_0)","decl":{"start":{"line":8,"column":16},"end":{"line":8,"column":17}},"loc":{"start":{"line":8,"column":36},"end":{"line":21,"column":1}},"line":8}},"branchMap":{},"s":{"0":0,"1":0,"2":0,"3":0,"4":0,"5":0},"f":{"0":0},"b":{}}
,"/home/ubuntu/resistance-hub-backend/src/routes/intelligence.js": {"path":"/home/ubuntu/resistance-hub-backend/src/routes/intelligence.js","statementMap":{"0":{"start":{"line":4,"column":15},"end":{"line":4,"column":31}},"1":{"start":{"line":8,"column":0},"end":{"line":21,"column":3}},"2":{"start":{"line":9,"column":2},"end":{"line":20,"column":3}},"3":{"start":{"line":10,"column":4},"end":{"line":13,"column":7}},"4":{"start":{"line":15,"column":4},"end":{"line":15,"column":58}},"5":{"start":{"line":16,"column":4},"end":{"line":19,"column":7}}},"fnMap":{"0":{"name":"(anonymous_0)","decl":{"start":{"line":8,"column":16},"end":{"line":8,"column":17}},"loc":{"start":{"line":8,"column":36},"end":{"line":21,"column":1}},"line":8}},"branchMap":{},"s":{"0":0,"1":0,"2":0,"3":0,"4":0,"5":0},"f":{"0":0},"b":{}}
,"/home/ubuntu/resistance-hub-backend/src/routes/modules.js": {"path":"/home/ubuntu/resistance-hub-backend/src/routes/modules.js","statementMap":{"0":{"start":{"line":4,"column":15},"end":{"line":4,"column":31}},"1":{"start":{"line":8,"column":0},"end":{"line":21,"column":3}},"2":{"start":{"line":9,"column":2},"end":{"line":20,"column":3}},"3":{"start":{"line":10,"column":4},"end":{"line":13,"column":7}},"4":{"start":{"line":15,"column":4},"end":{"line":15,"column":58}},"5":{"start":{"line":16,"column":4},"end":{"line":19,"column":7}}},"fnMap":{"0":{"name":"(anonymous_0)","decl":{"start":{"line":8,"column":16},"end":{"line":8,"column":17}},"loc":{"start":{"line":8,"column":36},"end":{"line":21,"column":1}},"line":8}},"branchMap":{},"s":{"0":0,"1":0,"2":0,"3":0,"4":0,"5":0},"f":{"0":0},"b":{}}
,"/home/ubuntu/resistance-hub-backend/src/routes/notifications.js": {"path":"/home/ubuntu/resistance-hub-backend/src/routes/notifications.js","statementMap":{"0":{"start":{"line":4,"column":15},"end":{"line":4,"column":31}},"1":{"start":{"line":8,"column":0},"end":{"line":21,"column":3}},"2":{"start":{"line":9,"column":2},"end":{"line":20,"column":3}},"3":{"start":{"line":10,"column":4},"end":{"line":13,"column":7}},"4":{"start":{"line":15,"column":4},"end":{"line":15,"column":58}},"5":{"start":{"line":16,"column":4},"end":{"line":19,"column":7}}},"fnMap":{"0":{"name":"(anonymous_0)","decl":{"start":{"line":8,"column":16},"end":{"line":8,"column":17}},"loc":{"start":{"line":8,"column":36},"end":{"line":21,"column":1}},"line":8}},"branchMap":{},"s":{"0":0,"1":0,"2":0,"3":0,"4":0,"5":0},"f":{"0":0},"b":{}}
,"/home/ubuntu/resistance-hub-backend/src/routes/organizations.js": {"path":"/home/ubuntu/resistance-hub-backend/src/routes/organizations.js","statementMap":{"0":{"start":{"line":4,"column":15},"end":{"line":4,"column":31}},"1":{"start":{"line":8,"column":0},"end":{"line":21,"column":3}},"2":{"start":{"line":9,"column":2},"end":{"line":20,"column":3}},"3":{"start":{"line":10,"column":4},"end":{"line":13,"column":7}},"4":{"start":{"line":15,"column":4},"end":{"line":15,"column":58}},"5":{"start":{"line":16,"column":4},"end":{"line":19,"column":7}}},"fnMap":{"0":{"name":"(anonymous_0)","decl":{"start":{"line":8,"column":16},"end":{"line":8,"column":17}},"loc":{"start":{"line":8,"column":36},"end":{"line":21,"column":1}},"line":8}},"branchMap":{},"s":{"0":0,"1":0,"2":0,"3":0,"4":0,"5":0},"f":{"0":0},"b":{}}
,"/home/ubuntu/resistance-hub-backend/src/routes/search.js": {"path":"/home/ubuntu/resistance-hub-backend/src/routes/search.js","statementMap":{"0":{"start":{"line":4,"column":15},"end":{"line":4,"column":31}},"1":{"start":{"line":8,"column":0},"end":{"line":21,"column":3}},"2":{"start":{"line":9,"column":2},"end":{"line":20,"column":3}},"3":{"start":{"line":10,"column":4},"end":{"line":13,"column":7}},"4":{"start":{"line":15,"column":4},"end":{"line":15,"column":58}},"5":{"start":{"line":16,"column":4},"end":{"line":19,"column":7}}},"fnMap":{"0":{"name":"(anonymous_0)","decl":{"start":{"line":8,"column":16},"end":{"line":8,"column":17}},"loc":{"start":{"line":8,"column":36},"end":{"line":21,"column":1}},"line":8}},"branchMap":{},"s":{"0":0,"1":0,"2":0,"3":0,"4":0,"5":0},"f":{"0":0},"b":{}}
,"/home/ubuntu/resistance-hub-backend/src/routes/statistics.js": {"path":"/home/ubuntu/resistance-hub-backend/src/routes/statistics.js","statementMap":{"0":{"start":{"line":4,"column":15},"end":{"line":4,"column":31}},"1":{"start":{"line":8,"column":0},"end":{"line":21,"column":3}},"2":{"start":{"line":9,"column":2},"end":{"line":20,"column":3}},"3":{"start":{"line":10,"column":4},"end":{"line":13,"column":7}},"4":{"start":{"line":15,"column":4},"end":{"line":15,"column":58}},"5":{"start":{"line":16,"column":4},"end":{"line":19,"column":7}}},"fnMap":{"0":{"name":"(anonymous_0)","decl":{"start":{"line":8,"column":16},"end":{"line":8,"column":17}},"loc":{"start":{"line":8,"column":36},"end":{"line":21,"column":1}},"line":8}},"branchMap":{},"s":{"0":0,"1":0,"2":0,"3":0,"4":0,"5":0},"f":{"0":0},"b":{}}
,"/home/ubuntu/resistance-hub-backend/src/routes/supportRequests.js": {"path":"/home/ubuntu/resistance-hub-backend/src/routes/supportRequests.js","statementMap":{"0":{"start":{"line":4,"column":15},"end":{"line":4,"column":31}},"1":{"start":{"line":8,"column":0},"end":{"line":21,"column":3}},"2":{"start":{"line":9,"column":2},"end":{"line":20,"column":3}},"3":{"start":{"line":10,"column":4},"end":{"line":13,"column":7}},"4":{"start":{"line":15,"column":4},"end":{"line":15,"column":58}},"5":{"start":{"line":16,"column":4},"end":{"line":19,"column":7}}},"fnMap":{"0":{"name":"(anonymous_0)","decl":{"start":{"line":8,"column":16},"end":{"line":8,"column":17}},"loc":{"start":{"line":8,"column":36},"end":{"line":21,"column":1}},"line":8}},"branchMap":{},"s":{"0":0,"1":0,"2":0,"3":0,"4":0,"5":0},"f":{"0":0},"b":{}}
,"/home/ubuntu/resistance-hub-backend/src/routes/users.js": {"path":"/home/ubuntu/resistance-hub-backend/src/routes/users.js","statementMap":{"0":{"start":{"line":4,"column":15},"end":{"line":4,"column":31}},"1":{"start":{"line":8,"column":0},"end":{"line":21,"column":3}},"2":{"start":{"line":9,"column":2},"end":{"line":20,"column":3}},"3":{"start":{"line":10,"column":4},"end":{"line":13,"column":7}},"4":{"start":{"line":15,"column":4},"end":{"line":15,"column":58}},"5":{"start":{"line":16,"column":4},"end":{"line":19,"column":7}}},"fnMap":{"0":{"name":"(anonymous_0)","decl":{"start":{"line":8,"column":16},"end":{"line":8,"column":17}},"loc":{"start":{"line":8,"column":36},"end":{"line":21,"column":1}},"line":8}},"branchMap":{},"s":{"0":0,"1":0,"2":0,"3":0,"4":0,"5":0},"f":{"0":0},"b":{}}
,"/home/ubuntu/resistance-hub-backend/src/services/authService.js": {"path":"/home/ubuntu/resistance-hub-backend/src/services/authService.js","statementMap":{"0":{"start":{"line":9,"column":21},"end":{"line":9,"column":63}},"1":{"start":{"line":10,"column":29},"end":{"line":10,"column":82}},"2":{"start":{"line":16,"column":24},"end":{"line":57,"column":1}},"3":{"start":{"line":17,"column":2},"end":{"line":56,"column":3}},"4":{"start":{"line":19,"column":17},"end":{"line":19,"column":43}},"5":{"start":{"line":22,"column":30},"end":{"line":22,"column":68}},"6":{"start":{"line":23,"column":22},"end":{"line":23,"column":89}},"7":{"start":{"line":26,"column":24},"end":{"line":26,"column":66}},"8":{"start":{"line":27,"column":4},"end":{"line":31,"column":6}},"9":{"start":{"line":34,"column":4},"end":{"line":41,"column":5}},"10":{"start":{"line":35,"column":6},"end":{"line":38,"column":9}},"11":{"start":{"line":40,"column":6},"end":{"line":40,"column":103}},"12":{"start":{"line":43,"column":4},"end":{"line":43,"column":75}},"13":{"start":{"line":45,"column":4},"end":{"line":52,"column":6}},"14":{"start":{"line":54,"column":4},"end":{"line":54,"column":66}},"15":{"start":{"line":55,"column":4},"end":{"line":55,"column":16}},"16":{"start":{"line":63,"column":27},"end":{"line":99,"column":1}},"17":{"start":{"line":64,"column":2},"end":{"line":98,"column":3}},"18":{"start":{"line":65,"column":22},"end":{"line":65,"column":77}},"19":{"start":{"line":68,"column":19},"end":{"line":73,"column":5}},"20":{"start":{"line":75,"column":4},"end":{"line":77,"column":5}},"21":{"start":{"line":76,"column":6},"end":{"line":76,"column":75}},"22":{"start":{"line":79,"column":19},"end":{"line":79,"column":41}},"23":{"start":{"line":82,"column":4},"end":{"line":82,"column":36}},"24":{"start":{"line":85,"column":4},"end":{"line":88,"column":6}},"25":{"start":{"line":90,"column":4},"end":{"line":90,"column":46}},"26":{"start":{"line":92,"column":4},"end":{"line":94,"column":6}},"27":{"start":{"line":96,"column":4},"end":{"line":96,"column":72}},"28":{"start":{"line":97,"column":4},"end":{"line":97,"column":16}},"29":{"start":{"line":105,"column":21},"end":{"line":163,"column":1}},"30":{"start":{"line":106,"column":2},"end":{"line":162,"column":3}},"31":{"start":{"line":108,"column":17},"end":{"line":108,"column":44}},"32":{"start":{"line":111,"column":4},"end":{"line":113,"column":5}},"33":{"start":{"line":112,"column":6},"end":{"line":112,"column":59}},"34":{"start":{"line":116,"column":28},"end":{"line":116,"column":67}},"35":{"start":{"line":117,"column":4},"end":{"line":119,"column":5}},"36":{"start":{"line":118,"column":6},"end":{"line":118,"column":63}},"37":{"start":{"line":122,"column":4},"end":{"line":124,"column":5}},"38":{"start":{"line":123,"column":6},"end":{"line":123,"column":78}},"39":{"start":{"line":127,"column":24},"end":{"line":127,"column":43}},"40":{"start":{"line":128,"column":25},"end":{"line":128,"column":51}},"41":{"start":{"line":131,"column":29},"end":{"line":131,"column":91}},"42":{"start":{"line":132,"column":22},"end":{"line":132,"column":72}},"43":{"start":{"line":134,"column":4},"end":{"line":138,"column":6}},"44":{"start":{"line":141,"column":4},"end":{"line":144,"column":6}},"45":{"start":{"line":146,"column":4},"end":{"line":146,"column":62}},"46":{"start":{"line":148,"column":4},"end":{"line":158,"column":6}},"47":{"start":{"line":160,"column":4},"end":{"line":160,"column":65}},"48":{"start":{"line":161,"column":4},"end":{"line":161,"column":16}},"49":{"start":{"line":169,"column":34},"end":{"line":225,"column":1}},"50":{"start":{"line":170,"column":2},"end":{"line":224,"column":3}},"51":{"start":{"line":173,"column":4},"end":{"line":177,"column":5}},"52":{"start":{"line":174,"column":6},"end":{"line":174,"column":49}},"53":{"start":{"line":176,"column":6},"end":{"line":176,"column":70}},"54":{"start":{"line":180,"column":29},"end":{"line":180,"column":91}},"55":{"start":{"line":181,"column":19},"end":{"line":186,"column":5}},"56":{"start":{"line":188,"column":4},"end":{"line":190,"column":5}},"57":{"start":{"line":189,"column":6},"end":{"line":189,"column":72}},"58":{"start":{"line":192,"column":19},"end":{"line":192,"column":41}},"59":{"start":{"line":195,"column":23},"end":{"line":204,"column":5}},"60":{"start":{"line":206,"column":4},"end":{"line":208,"column":5}},"61":{"start":{"line":207,"column":6},"end":{"line":207,"column":48}},"62":{"start":{"line":210,"column":17},"end":{"line":210,"column":35}},"63":{"start":{"line":211,"column":4},"end":{"line":211,"column":52}},"64":{"start":{"line":211,"column":40},"end":{"line":211,"column":50}},"65":{"start":{"line":214,"column":27},"end":{"line":214,"column":46}},"66":{"start":{"line":216,"column":4},"end":{"line":216,"column":54}},"67":{"start":{"line":218,"column":4},"end":{"line":220,"column":6}},"68":{"start":{"line":222,"column":4},"end":{"line":222,"column":67}},"69":{"start":{"line":223,"column":4},"end":{"line":223,"column":16}},"70":{"start":{"line":231,"column":36},"end":{"line":276,"column":1}},"71":{"start":{"line":232,"column":2},"end":{"line":275,"column":3}},"72":{"start":{"line":234,"column":19},"end":{"line":237,"column":5}},"73":{"start":{"line":239,"column":4},"end":{"line":243,"column":5}},"74":{"start":{"line":241,"column":6},"end":{"line":241,"column":80}},"75":{"start":{"line":242,"column":6},"end":{"line":242,"column":77}},"76":{"start":{"line":245,"column":19},"end":{"line":245,"column":36}},"77":{"start":{"line":248,"column":23},"end":{"line":248,"column":61}},"78":{"start":{"line":249,"column":22},"end":{"line":249,"column":82}},"79":{"start":{"line":252,"column":22},"end":{"line":252,"column":59}},"80":{"start":{"line":253,"column":4},"end":{"line":257,"column":6}},"81":{"start":{"line":260,"column":4},"end":{"line":267,"column":5}},"82":{"start":{"line":261,"column":6},"end":{"line":264,"column":9}},"83":{"start":{"line":266,"column":6},"end":{"line":266,"column":96}},"84":{"start":{"line":269,"column":4},"end":{"line":269,"column":63}},"85":{"start":{"line":271,"column":4},"end":{"line":271,"column":75}},"86":{"start":{"line":273,"column":4},"end":{"line":273,"column":76}},"87":{"start":{"line":274,"column":4},"end":{"line":274,"column":16}},"88":{"start":{"line":278,"column":29},"end":{"line":313,"column":1}},"89":{"start":{"line":279,"column":2},"end":{"line":312,"column":3}},"90":{"start":{"line":280,"column":22},"end":{"line":280,"column":77}},"91":{"start":{"line":283,"column":19},"end":{"line":288,"column":5}},"92":{"start":{"line":290,"column":4},"end":{"line":292,"column":5}},"93":{"start":{"line":291,"column":6},"end":{"line":291,"column":68}},"94":{"start":{"line":294,"column":19},"end":{"line":294,"column":41}},"95":{"start":{"line":297,"column":31},"end":{"line":297,"column":63}},"96":{"start":{"line":298,"column":4},"end":{"line":298,"column":46}},"97":{"start":{"line":301,"column":4},"end":{"line":304,"column":6}},"98":{"start":{"line":306,"column":4},"end":{"line":306,"column":56}},"99":{"start":{"line":308,"column":4},"end":{"line":308,"column":93}},"100":{"start":{"line":310,"column":4},"end":{"line":310,"column":68}},"101":{"start":{"line":311,"column":4},"end":{"line":311,"column":16}},"102":{"start":{"line":319,"column":22},"end":{"line":329,"column":1}},"103":{"start":{"line":320,"column":2},"end":{"line":328,"column":3}},"104":{"start":{"line":323,"column":4},"end":{"line":323,"column":35}},"105":{"start":{"line":324,"column":4},"end":{"line":324,"column":50}},"106":{"start":{"line":326,"column":4},"end":{"line":326,"column":60}},"107":{"start":{"line":327,"column":4},"end":{"line":327,"column":16}}},"fnMap":{"0":{"name":"(anonymous_0)","decl":{"start":{"line":16,"column":24},"end":{"line":16,"column":25}},"loc":{"start":{"line":16,"column":66},"end":{"line":57,"column":1}},"line":16},"1":{"name":"(anonymous_1)","decl":{"start":{"line":63,"column":27},"end":{"line":63,"column":28}},"loc":{"start":{"line":63,"column":44},"end":{"line":99,"column":1}},"line":63},"2":{"name":"(anonymous_2)","decl":{"start":{"line":105,"column":21},"end":{"line":105,"column":22}},"loc":{"start":{"line":105,"column":70},"end":{"line":163,"column":1}},"line":105},"3":{"name":"(anonymous_3)","decl":{"start":{"line":169,"column":34},"end":{"line":169,"column":35}},"loc":{"start":{"line":169,"column":80},"end":{"line":225,"column":1}},"line":169},"4":{"name":"(anonymous_4)","decl":{"start":{"line":211,"column":35},"end":{"line":211,"column":36}},"loc":{"start":{"line":211,"column":40},"end":{"line":211,"column":50}},"line":211},"5":{"name":"(anonymous_5)","decl":{"start":{"line":231,"column":36},"end":{"line":231,"column":37}},"loc":{"start":{"line":231,"column":53},"end":{"line":276,"column":1}},"line":231},"6":{"name":"(anonymous_6)","decl":{"start":{"line":278,"column":29},"end":{"line":278,"column":30}},"loc":{"start":{"line":278,"column":59},"end":{"line":313,"column":1}},"line":278},"7":{"name":"(anonymous_7)","decl":{"start":{"line":319,"column":22},"end":{"line":319,"column":23}},"loc":{"start":{"line":319,"column":39},"end":{"line":329,"column":1}},"line":319}},"branchMap":{"0":{"loc":{"start":{"line":9,"column":30},"end":{"line":9,"column":62}},"type":"binary-expr","locations":[{"start":{"line":9,"column":30},"end":{"line":9,"column":52}},{"start":{"line":9,"column":56},"end":{"line":9,"column":62}}],"line":9},"1":{"loc":{"start":{"line":10,"column":38},"end":{"line":10,"column":81}},"type":"binary-expr","locations":[{"start":{"line":10,"column":38},"end":{"line":10,"column":68}},{"start":{"line":10,"column":72},"end":{"line":10,"column":81}}],"line":10},"2":{"loc":{"start":{"line":75,"column":4},"end":{"line":77,"column":5}},"type":"if","locations":[{"start":{"line":75,"column":4},"end":{"line":77,"column":5}},{"start":{},"end":{}}],"line":75},"3":{"loc":{"start":{"line":111,"column":4},"end":{"line":113,"column":5}},"type":"if","locations":[{"start":{"line":111,"column":4},"end":{"line":113,"column":5}},{"start":{},"end":{}}],"line":111},"4":{"loc":{"start":{"line":117,"column":4},"end":{"line":119,"column":5}},"type":"if","locations":[{"start":{"line":117,"column":4},"end":{"line":119,"column":5}},{"start":{},"end":{}}],"line":117},"5":{"loc":{"start":{"line":122,"column":4},"end":{"line":124,"column":5}},"type":"if","locations":[{"start":{"line":122,"column":4},"end":{"line":124,"column":5}},{"start":{},"end":{}}],"line":122},"6":{"loc":{"start":{"line":188,"column":4},"end":{"line":190,"column":5}},"type":"if","locations":[{"start":{"line":188,"column":4},"end":{"line":190,"column":5}},{"start":{},"end":{}}],"line":188},"7":{"loc":{"start":{"line":206,"column":4},"end":{"line":208,"column":5}},"type":"if","locations":[{"start":{"line":206,"column":4},"end":{"line":208,"column":5}},{"start":{},"end":{}}],"line":206},"8":{"loc":{"start":{"line":239,"column":4},"end":{"line":243,"column":5}},"type":"if","locations":[{"start":{"line":239,"column":4},"end":{"line":243,"column":5}},{"start":{},"end":{}}],"line":239},"9":{"loc":{"start":{"line":290,"column":4},"end":{"line":292,"column":5}},"type":"if","locations":[{"start":{"line":290,"column":4},"end":{"line":292,"column":5}},{"start":{},"end":{}}],"line":290}},"s":{"0":0,"1":0,"2":0,"3":0,"4":0,"5":0,"6":0,"7":0,"8":0,"9":0,"10":0,"11":0,"12":0,"13":0,"14":0,"15":0,"16":0,"17":0,"18":0,"19":0,"20":0,"21":0,"22":0,"23":0,"24":0,"25":0,"26":0,"27":0,"28":0,"29":0,"30":0,"31":0,"32":0,"33":0,"34":0,"35":0,"36":0,"37":0,"38":0,"39":0,"40":0,"41":0,"42":0,"43":0,"44":0,"45":0,"46":0,"47":0,"48":0,"49":0,"50":0,"51":0,"52":0,"53":0,"54":0,"55":0,"56":0,"57":0,"58":0,"59":0,"60":0,"61":0,"62":0,"63":0,"64":0,"65":0,"66":0,"67":0,"68":0,"69":0,"70":0,"71":0,"72":0,"73":0,"74":0,"75":0,"76":0,"77":0,"78":0,"79":0,"80":0,"81":0,"82":0,"83":0,"84":0,"85":0,"86":0,"87":0,"88":0,"89":0,"90":0,"91":0,"92":0,"93":0,"94":0,"95":0,"96":0,"97":0,"98":0,"99":0,"100":0,"101":0,"102":0,"103":0,"104":0,"105":0,"106":0,"107":0},"f":{"0":0,"1":0,"2":0,"3":0,"4":0,"5":0,"6":0,"7":0},"b":{"0":[0,0],"1":[0,0],"2":[0,0],"3":[0,0],"4":[0,0],"5":[0,0],"6":[0,0],"7":[0,0],"8":[0,0],"9":[0,0]}}
,"/home/ubuntu/resistance-hub-backend/src/services/emailService.js": {"path":"/home/ubuntu/resistance-hub-backend/src/services/emailService.js","statementMap":{"0":{"start":{"line":5,"column":0},"end":{"line":5,"column":16}},"1":{"start":{"line":8,"column":20},"end":{"line":16,"column":2}},"2":{"start":{"line":19,"column":0},"end":{"line":25,"column":3}},"3":{"start":{"line":20,"column":2},"end":{"line":24,"column":3}},"4":{"start":{"line":21,"column":4},"end":{"line":21,"column":66}},"5":{"start":{"line":23,"column":4},"end":{"line":23,"column":39}},"6":{"start":{"line":28,"column":18},"end":{"line":102,"column":1}},"7":{"start":{"line":29,"column":22},"end":{"line":40,"column":3}},"8":{"start":{"line":42,"column":26},"end":{"line":52,"column":3}},"9":{"start":{"line":54,"column":28},"end":{"line":65,"column":3}},"10":{"start":{"line":67,"column":39},"end":{"line":77,"column":3}},"11":{"start":{"line":79,"column":46},"end":{"line":89,"column":3}},"12":{"start":{"line":91,"column":51},"end":{"line":101,"column":3}},"13":{"start":{"line":104,"column":25},"end":{"line":126,"column":1}},"14":{"start":{"line":105,"column":2},"end":{"line":125,"column":3}},"15":{"start":{"line":106,"column":21},"end":{"line":106,"column":44}},"16":{"start":{"line":107,"column":4},"end":{"line":109,"column":5}},"17":{"start":{"line":108,"column":6},"end":{"line":108,"column":68}},"18":{"start":{"line":111,"column":25},"end":{"line":111,"column":39}},"19":{"start":{"line":113,"column":24},"end":{"line":117,"column":5}},"20":{"start":{"line":119,"column":17},"end":{"line":119,"column":56}},"21":{"start":{"line":120,"column":4},"end":{"line":120,"column":79}},"22":{"start":{"line":121,"column":4},"end":{"line":121,"column":16}},"23":{"start":{"line":123,"column":4},"end":{"line":123,"column":81}},"24":{"start":{"line":124,"column":4},"end":{"line":124,"column":16}},"25":{"start":{"line":128,"column":32},"end":{"line":130,"column":1}},"26":{"start":{"line":129,"column":2},"end":{"line":129,"column":48}},"27":{"start":{"line":132,"column":37},"end":{"line":134,"column":1}},"28":{"start":{"line":133,"column":2},"end":{"line":133,"column":52}},"29":{"start":{"line":136,"column":38},"end":{"line":138,"column":1}},"30":{"start":{"line":137,"column":2},"end":{"line":137,"column":54}},"31":{"start":{"line":140,"column":39},"end":{"line":142,"column":1}},"32":{"start":{"line":141,"column":2},"end":{"line":141,"column":62}},"33":{"start":{"line":144,"column":40},"end":{"line":146,"column":1}},"34":{"start":{"line":145,"column":2},"end":{"line":145,"column":69}},"35":{"start":{"line":148,"column":44},"end":{"line":150,"column":1}},"36":{"start":{"line":149,"column":2},"end":{"line":149,"column":74}}},"fnMap":{"0":{"name":"(anonymous_0)","decl":{"start":{"line":19,"column":19},"end":{"line":19,"column":20}},"loc":{"start":{"line":19,"column":39},"end":{"line":25,"column":1}},"line":19},"1":{"name":"(anonymous_1)","decl":{"start":{"line":29,"column":11},"end":{"line":29,"column":12}},"loc":{"start":{"line":29,"column":22},"end":{"line":40,"column":3}},"line":29},"2":{"name":"(anonymous_2)","decl":{"start":{"line":42,"column":15},"end":{"line":42,"column":16}},"loc":{"start":{"line":42,"column":26},"end":{"line":52,"column":3}},"line":42},"3":{"name":"(anonymous_3)","decl":{"start":{"line":54,"column":17},"end":{"line":54,"column":18}},"loc":{"start":{"line":54,"column":28},"end":{"line":65,"column":3}},"line":54},"4":{"name":"(anonymous_4)","decl":{"start":{"line":67,"column":18},"end":{"line":67,"column":19}},"loc":{"start":{"line":67,"column":39},"end":{"line":77,"column":3}},"line":67},"5":{"name":"(anonymous_5)","decl":{"start":{"line":79,"column":26},"end":{"line":79,"column":27}},"loc":{"start":{"line":79,"column":46},"end":{"line":89,"column":3}},"line":79},"6":{"name":"(anonymous_6)","decl":{"start":{"line":91,"column":23},"end":{"line":91,"column":24}},"loc":{"start":{"line":91,"column":51},"end":{"line":101,"column":3}},"line":91},"7":{"name":"(anonymous_7)","decl":{"start":{"line":104,"column":25},"end":{"line":104,"column":26}},"loc":{"start":{"line":104,"column":64},"end":{"line":126,"column":1}},"line":104},"8":{"name":"(anonymous_8)","decl":{"start":{"line":128,"column":32},"end":{"line":128,"column":33}},"loc":{"start":{"line":128,"column":48},"end":{"line":130,"column":1}},"line":128},"9":{"name":"(anonymous_9)","decl":{"start":{"line":132,"column":37},"end":{"line":132,"column":38}},"loc":{"start":{"line":132,"column":53},"end":{"line":134,"column":1}},"line":132},"10":{"name":"(anonymous_10)","decl":{"start":{"line":136,"column":38},"end":{"line":136,"column":39}},"loc":{"start":{"line":136,"column":54},"end":{"line":138,"column":1}},"line":136},"11":{"name":"(anonymous_11)","decl":{"start":{"line":140,"column":39},"end":{"line":140,"column":40}},"loc":{"start":{"line":140,"column":70},"end":{"line":142,"column":1}},"line":140},"12":{"name":"(anonymous_12)","decl":{"start":{"line":144,"column":40},"end":{"line":144,"column":41}},"loc":{"start":{"line":144,"column":70},"end":{"line":146,"column":1}},"line":144},"13":{"name":"(anonymous_13)","decl":{"start":{"line":148,"column":44},"end":{"line":148,"column":45}},"loc":{"start":{"line":148,"column":82},"end":{"line":150,"column":1}},"line":148}},"branchMap":{"0":{"loc":{"start":{"line":20,"column":2},"end":{"line":24,"column":3}},"type":"if","locations":[{"start":{"line":20,"column":2},"end":{"line":24,"column":3}},{"start":{"line":22,"column":9},"end":{"line":24,"column":3}}],"line":20},"1":{"loc":{"start":{"line":32,"column":21},"end":{"line":32,"column":52}},"type":"binary-expr","locations":[{"start":{"line":32,"column":21},"end":{"line":32,"column":35}},{"start":{"line":32,"column":39},"end":{"line":32,"column":52}}],"line":32},"2":{"loc":{"start":{"line":104,"column":50},"end":{"line":104,"column":59}},"type":"default-arg","locations":[{"start":{"line":104,"column":57},"end":{"line":104,"column":59}}],"line":104},"3":{"loc":{"start":{"line":107,"column":4},"end":{"line":109,"column":5}},"type":"if","locations":[{"start":{"line":107,"column":4},"end":{"line":109,"column":5}},{"start":{},"end":{}}],"line":107}},"s":{"0":0,"1":0,"2":0,"3":0,"4":0,"5":0,"6":0,"7":0,"8":0,"9":0,"10":0,"11":0,"12":0,"13":0,"14":0,"15":0,"16":0,"17":0,"18":0,"19":0,"20":0,"21":0,"22":0,"23":0,"24":0,"25":0,"26":0,"27":0,"28":0,"29":0,"30":0,"31":0,"32":0,"33":0,"34":0,"35":0,"36":0},"f":{"0":0,"1":0,"2":0,"3":0,"4":0,"5":0,"6":0,"7":0,"8":0,"9":0,"10":0,"11":0,"12":0,"13":0},"b":{"0":[0,0],"1":[0,0],"2":[0],"3":[0,0]}}
,"/home/ubuntu/resistance-hub-backend/src/services/userService.js": {"path":"/home/ubuntu/resistance-hub-backend/src/services/userService.js","statementMap":{"0":{"start":{"line":8,"column":22},"end":{"line":8,"column":65}},"1":{"start":{"line":9,"column":23},"end":{"line":9,"column":27}},"2":{"start":{"line":15,"column":26},"end":{"line":65,"column":1}},"3":{"start":{"line":16,"column":61},"end":{"line":16,"column":69}},"4":{"start":{"line":18,"column":2},"end":{"line":64,"column":3}},"5":{"start":{"line":20,"column":24},"end":{"line":23,"column":5}},"6":{"start":{"line":25,"column":4},"end":{"line":27,"column":5}},"7":{"start":{"line":26,"column":6},"end":{"line":26,"column":58}},"8":{"start":{"line":30,"column":27},"end":{"line":33,"column":5}},"9":{"start":{"line":35,"column":4},"end":{"line":37,"column":5}},"10":{"start":{"line":36,"column":6},"end":{"line":36,"column":56}},"11":{"start":{"line":40,"column":25},"end":{"line":40,"column":69}},"12":{"start":{"line":43,"column":19},"end":{"line":48,"column":5}},"13":{"start":{"line":50,"column":17},"end":{"line":50,"column":31}},"14":{"start":{"line":53,"column":4},"end":{"line":57,"column":6}},"15":{"start":{"line":59,"column":4},"end":{"line":59,"column":60}},"16":{"start":{"line":60,"column":4},"end":{"line":60,"column":16}},"17":{"start":{"line":62,"column":4},"end":{"line":62,"column":74}},"18":{"start":{"line":63,"column":4},"end":{"line":63,"column":16}},"19":{"start":{"line":71,"column":27},"end":{"line":117,"column":1}},"20":{"start":{"line":72,"column":2},"end":{"line":116,"column":3}},"21":{"start":{"line":74,"column":19},"end":{"line":74,"column":51}},"22":{"start":{"line":75,"column":4},"end":{"line":78,"column":5}},"23":{"start":{"line":76,"column":6},"end":{"line":76,"column":60}},"24":{"start":{"line":77,"column":6},"end":{"line":77,"column":20}},"25":{"start":{"line":81,"column":19},"end":{"line":89,"column":5}},"26":{"start":{"line":91,"column":4},"end":{"line":93,"column":5}},"27":{"start":{"line":92,"column":6},"end":{"line":92,"column":48}},"28":{"start":{"line":95,"column":17},"end":{"line":95,"column":31}},"29":{"start":{"line":98,"column":24},"end":{"line":104,"column":5}},"30":{"start":{"line":106,"column":4},"end":{"line":106,"column":51}},"31":{"start":{"line":106,"column":43},"end":{"line":106,"column":49}},"32":{"start":{"line":109,"column":4},"end":{"line":109,"column":59}},"33":{"start":{"line":111,"column":4},"end":{"line":111,"column":61}},"34":{"start":{"line":112,"column":4},"end":{"line":112,"column":16}},"35":{"start":{"line":114,"column":4},"end":{"line":114,"column":73}},"36":{"start":{"line":115,"column":4},"end":{"line":115,"column":16}},"37":{"start":{"line":119,"column":30},"end":{"line":138,"column":1}},"38":{"start":{"line":120,"column":2},"end":{"line":137,"column":3}},"39":{"start":{"line":121,"column":19},"end":{"line":127,"column":5}},"40":{"start":{"line":129,"column":4},"end":{"line":131,"column":5}},"41":{"start":{"line":130,"column":6},"end":{"line":130,"column":48}},"42":{"start":{"line":133,"column":4},"end":{"line":133,"column":26}},"43":{"start":{"line":135,"column":4},"end":{"line":135,"column":81}},"44":{"start":{"line":136,"column":4},"end":{"line":136,"column":16}},"45":{"start":{"line":140,"column":33},"end":{"line":159,"column":1}},"46":{"start":{"line":141,"column":2},"end":{"line":158,"column":3}},"47":{"start":{"line":142,"column":19},"end":{"line":148,"column":5}},"48":{"start":{"line":150,"column":4},"end":{"line":152,"column":5}},"49":{"start":{"line":151,"column":6},"end":{"line":151,"column":48}},"50":{"start":{"line":154,"column":4},"end":{"line":154,"column":26}},"51":{"start":{"line":156,"column":4},"end":{"line":156,"column":87}},"52":{"start":{"line":157,"column":4},"end":{"line":157,"column":16}},"53":{"start":{"line":165,"column":33},"end":{"line":221,"column":1}},"54":{"start":{"line":166,"column":2},"end":{"line":220,"column":3}},"55":{"start":{"line":177,"column":8},"end":{"line":177,"column":19}},"56":{"start":{"line":179,"column":19},"end":{"line":206,"column":5}},"57":{"start":{"line":208,"column":4},"end":{"line":210,"column":5}},"58":{"start":{"line":209,"column":6},"end":{"line":209,"column":48}},"59":{"start":{"line":213,"column":4},"end":{"line":213,"column":37}},"60":{"start":{"line":215,"column":4},"end":{"line":215,"column":52}},"61":{"start":{"line":216,"column":4},"end":{"line":216,"column":26}},"62":{"start":{"line":218,"column":4},"end":{"line":218,"column":84}},"63":{"start":{"line":219,"column":4},"end":{"line":219,"column":16}},"64":{"start":{"line":223,"column":34},"end":{"line":254,"column":1}},"65":{"start":{"line":224,"column":2},"end":{"line":253,"column":3}},"66":{"start":{"line":225,"column":54},"end":{"line":225,"column":62}},"67":{"start":{"line":227,"column":19},"end":{"line":239,"column":5}},"68":{"start":{"line":241,"column":4},"end":{"line":243,"column":5}},"69":{"start":{"line":242,"column":6},"end":{"line":242,"column":48}},"70":{"start":{"line":246,"column":4},"end":{"line":246,"column":37}},"71":{"start":{"line":248,"column":4},"end":{"line":248,"column":53}},"72":{"start":{"line":249,"column":4},"end":{"line":249,"column":26}},"73":{"start":{"line":251,"column":4},"end":{"line":251,"column":85}},"74":{"start":{"line":252,"column":4},"end":{"line":252,"column":16}},"75":{"start":{"line":260,"column":30},"end":{"line":279,"column":1}},"76":{"start":{"line":261,"column":2},"end":{"line":278,"column":3}},"77":{"start":{"line":262,"column":19},"end":{"line":265,"column":5}},"78":{"start":{"line":267,"column":4},"end":{"line":269,"column":5}},"79":{"start":{"line":268,"column":6},"end":{"line":268,"column":48}},"80":{"start":{"line":271,"column":25},"end":{"line":271,"column":53}},"81":{"start":{"line":272,"column":20},"end":{"line":272,"column":66}},"82":{"start":{"line":274,"column":4},"end":{"line":274,"column":19}},"83":{"start":{"line":276,"column":4},"end":{"line":276,"column":83}},"84":{"start":{"line":277,"column":4},"end":{"line":277,"column":16}},"85":{"start":{"line":281,"column":30},"end":{"line":312,"column":1}},"86":{"start":{"line":282,"column":2},"end":{"line":311,"column":3}},"87":{"start":{"line":283,"column":25},"end":{"line":283,"column":72}},"88":{"start":{"line":285,"column":19},"end":{"line":291,"column":5}},"89":{"start":{"line":293,"column":4},"end":{"line":295,"column":5}},"90":{"start":{"line":294,"column":6},"end":{"line":294,"column":48}},"91":{"start":{"line":298,"column":4},"end":{"line":301,"column":6}},"92":{"start":{"line":304,"column":4},"end":{"line":304,"column":37}},"93":{"start":{"line":306,"column":4},"end":{"line":306,"column":53}},"94":{"start":{"line":307,"column":4},"end":{"line":307,"column":26}},"95":{"start":{"line":309,"column":4},"end":{"line":309,"column":80}},"96":{"start":{"line":310,"column":4},"end":{"line":310,"column":16}},"97":{"start":{"line":318,"column":33},"end":{"line":341,"column":1}},"98":{"start":{"line":319,"column":2},"end":{"line":340,"column":3}},"99":{"start":{"line":320,"column":19},"end":{"line":326,"column":5}},"100":{"start":{"line":328,"column":4},"end":{"line":330,"column":5}},"101":{"start":{"line":329,"column":6},"end":{"line":329,"column":48}},"102":{"start":{"line":333,"column":4},"end":{"line":333,"column":37}},"103":{"start":{"line":335,"column":4},"end":{"line":335,"column":51}},"104":{"start":{"line":336,"column":4},"end":{"line":336,"column":26}},"105":{"start":{"line":338,"column":4},"end":{"line":338,"column":77}},"106":{"start":{"line":339,"column":4},"end":{"line":339,"column":16}},"107":{"start":{"line":347,"column":25},"end":{"line":392,"column":1}},"108":{"start":{"line":348,"column":2},"end":{"line":391,"column":3}},"109":{"start":{"line":354,"column":8},"end":{"line":354,"column":15}},"110":{"start":{"line":356,"column":19},"end":{"line":356,"column":37}},"111":{"start":{"line":357,"column":22},"end":{"line":357,"column":43}},"112":{"start":{"line":358,"column":22},"end":{"line":358,"column":59}},"113":{"start":{"line":361,"column":24},"end":{"line":364,"column":5}},"114":{"start":{"line":366,"column":18},"end":{"line":366,"column":53}},"115":{"start":{"line":369,"column":19},"end":{"line":377,"column":5}},"116":{"start":{"line":379,"column":4},"end":{"line":387,"column":6}},"117":{"start":{"line":389,"column":4},"end":{"line":389,"column":67}},"118":{"start":{"line":390,"column":4},"end":{"line":390,"column":16}},"119":{"start":{"line":398,"column":30},"end":{"line":427,"column":1}},"120":{"start":{"line":399,"column":2},"end":{"line":426,"column":3}},"121":{"start":{"line":400,"column":19},"end":{"line":406,"column":5}},"122":{"start":{"line":408,"column":4},"end":{"line":410,"column":5}},"123":{"start":{"line":409,"column":6},"end":{"line":409,"column":48}},"124":{"start":{"line":413,"column":4},"end":{"line":413,"column":37}},"125":{"start":{"line":416,"column":4},"end":{"line":419,"column":6}},"126":{"start":{"line":421,"column":4},"end":{"line":421,"column":49}},"127":{"start":{"line":422,"column":4},"end":{"line":422,"column":26}},"128":{"start":{"line":424,"column":4},"end":{"line":424,"column":76}},"129":{"start":{"line":425,"column":4},"end":{"line":425,"column":16}}},"fnMap":{"0":{"name":"(anonymous_0)","decl":{"start":{"line":15,"column":26},"end":{"line":15,"column":27}},"loc":{"start":{"line":15,"column":46},"end":{"line":65,"column":1}},"line":15},"1":{"name":"(anonymous_1)","decl":{"start":{"line":71,"column":27},"end":{"line":71,"column":28}},"loc":{"start":{"line":71,"column":45},"end":{"line":117,"column":1}},"line":71},"2":{"name":"(anonymous_2)","decl":{"start":{"line":106,"column":38},"end":{"line":106,"column":39}},"loc":{"start":{"line":106,"column":43},"end":{"line":106,"column":49}},"line":106},"3":{"name":"(anonymous_3)","decl":{"start":{"line":119,"column":30},"end":{"line":119,"column":31}},"loc":{"start":{"line":119,"column":47},"end":{"line":138,"column":1}},"line":119},"4":{"name":"(anonymous_4)","decl":{"start":{"line":140,"column":33},"end":{"line":140,"column":34}},"loc":{"start":{"line":140,"column":53},"end":{"line":159,"column":1}},"line":140},"5":{"name":"(anonymous_5)","decl":{"start":{"line":165,"column":33},"end":{"line":165,"column":34}},"loc":{"start":{"line":165,"column":64},"end":{"line":221,"column":1}},"line":165},"6":{"name":"(anonymous_6)","decl":{"start":{"line":223,"column":34},"end":{"line":223,"column":35}},"loc":{"start":{"line":223,"column":62},"end":{"line":254,"column":1}},"line":223},"7":{"name":"(anonymous_7)","decl":{"start":{"line":260,"column":30},"end":{"line":260,"column":31}},"loc":{"start":{"line":260,"column":58},"end":{"line":279,"column":1}},"line":260},"8":{"name":"(anonymous_8)","decl":{"start":{"line":281,"column":30},"end":{"line":281,"column":31}},"loc":{"start":{"line":281,"column":61},"end":{"line":312,"column":1}},"line":281},"9":{"name":"(anonymous_9)","decl":{"start":{"line":318,"column":33},"end":{"line":318,"column":34}},"loc":{"start":{"line":318,"column":51},"end":{"line":341,"column":1}},"line":318},"10":{"name":"(anonymous_10)","decl":{"start":{"line":347,"column":25},"end":{"line":347,"column":26}},"loc":{"start":{"line":347,"column":49},"end":{"line":392,"column":1}},"line":347},"11":{"name":"(anonymous_11)","decl":{"start":{"line":398,"column":30},"end":{"line":398,"column":31}},"loc":{"start":{"line":398,"column":48},"end":{"line":427,"column":1}},"line":398}},"branchMap":{"0":{"loc":{"start":{"line":8,"column":31},"end":{"line":8,"column":64}},"type":"binary-expr","locations":[{"start":{"line":8,"column":31},"end":{"line":8,"column":56}},{"start":{"line":8,"column":60},"end":{"line":8,"column":64}}],"line":8},"1":{"loc":{"start":{"line":25,"column":4},"end":{"line":27,"column":5}},"type":"if","locations":[{"start":{"line":25,"column":4},"end":{"line":27,"column":5}},{"start":{},"end":{}}],"line":25},"2":{"loc":{"start":{"line":35,"column":4},"end":{"line":37,"column":5}},"type":"if","locations":[{"start":{"line":35,"column":4},"end":{"line":37,"column":5}},{"start":{},"end":{}}],"line":35},"3":{"loc":{"start":{"line":47,"column":38},"end":{"line":47,"column":55}},"type":"binary-expr","locations":[{"start":{"line":47,"column":38},"end":{"line":47,"column":47}},{"start":{"line":47,"column":51},"end":{"line":47,"column":55}}],"line":47},"4":{"loc":{"start":{"line":47,"column":57},"end":{"line":47,"column":73}},"type":"binary-expr","locations":[{"start":{"line":47,"column":57},"end":{"line":47,"column":65}},{"start":{"line":47,"column":69},"end":{"line":47,"column":73}}],"line":47},"5":{"loc":{"start":{"line":75,"column":4},"end":{"line":78,"column":5}},"type":"if","locations":[{"start":{"line":75,"column":4},"end":{"line":78,"column":5}},{"start":{},"end":{}}],"line":75},"6":{"loc":{"start":{"line":91,"column":4},"end":{"line":93,"column":5}},"type":"if","locations":[{"start":{"line":91,"column":4},"end":{"line":93,"column":5}},{"start":{},"end":{}}],"line":91},"7":{"loc":{"start":{"line":129,"column":4},"end":{"line":131,"column":5}},"type":"if","locations":[{"start":{"line":129,"column":4},"end":{"line":131,"column":5}},{"start":{},"end":{}}],"line":129},"8":{"loc":{"start":{"line":150,"column":4},"end":{"line":152,"column":5}},"type":"if","locations":[{"start":{"line":150,"column":4},"end":{"line":152,"column":5}},{"start":{},"end":{}}],"line":150},"9":{"loc":{"start":{"line":208,"column":4},"end":{"line":210,"column":5}},"type":"if","locations":[{"start":{"line":208,"column":4},"end":{"line":210,"column":5}},{"start":{},"end":{}}],"line":208},"10":{"loc":{"start":{"line":236,"column":8},"end":{"line":236,"column":80}},"type":"cond-expr","locations":[{"start":{"line":236,"column":34},"end":{"line":236,"column":73}},{"start":{"line":236,"column":76},"end":{"line":236,"column":80}}],"line":236},"11":{"loc":{"start":{"line":241,"column":4},"end":{"line":243,"column":5}},"type":"if","locations":[{"start":{"line":241,"column":4},"end":{"line":243,"column":5}},{"start":{},"end":{}}],"line":241},"12":{"loc":{"start":{"line":267,"column":4},"end":{"line":269,"column":5}},"type":"if","locations":[{"start":{"line":267,"column":4},"end":{"line":269,"column":5}},{"start":{},"end":{}}],"line":267},"13":{"loc":{"start":{"line":293,"column":4},"end":{"line":295,"column":5}},"type":"if","locations":[{"start":{"line":293,"column":4},"end":{"line":295,"column":5}},{"start":{},"end":{}}],"line":293},"14":{"loc":{"start":{"line":328,"column":4},"end":{"line":330,"column":5}},"type":"if","locations":[{"start":{"line":328,"column":4},"end":{"line":330,"column":5}},{"start":{},"end":{}}],"line":328},"15":{"loc":{"start":{"line":347,"column":32},"end":{"line":347,"column":44}},"type":"default-arg","locations":[{"start":{"line":347,"column":42},"end":{"line":347,"column":44}}],"line":347},"16":{"loc":{"start":{"line":350,"column":6},"end":{"line":350,"column":14}},"type":"default-arg","locations":[{"start":{"line":350,"column":13},"end":{"line":350,"column":14}}],"line":350},"17":{"loc":{"start":{"line":351,"column":6},"end":{"line":351,"column":16}},"type":"default-arg","locations":[{"start":{"line":351,"column":14},"end":{"line":351,"column":16}}],"line":351},"18":{"loc":{"start":{"line":352,"column":6},"end":{"line":352,"column":26}},"type":"default-arg","locations":[{"start":{"line":352,"column":13},"end":{"line":352,"column":26}}],"line":352},"19":{"loc":{"start":{"line":353,"column":6},"end":{"line":353,"column":23}},"type":"default-arg","locations":[{"start":{"line":353,"column":15},"end":{"line":353,"column":23}}],"line":353},"20":{"loc":{"start":{"line":358,"column":22},"end":{"line":358,"column":59}},"type":"cond-expr","locations":[{"start":{"line":358,"column":45},"end":{"line":358,"column":51}},{"start":{"line":358,"column":54},"end":{"line":358,"column":59}}],"line":358},"21":{"loc":{"start":{"line":408,"column":4},"end":{"line":410,"column":5}},"type":"if","locations":[{"start":{"line":408,"column":4},"end":{"line":410,"column":5}},{"start":{},"end":{}}],"line":408}},"s":{"0":0,"1":0,"2":0,"3":0,"4":0,"5":0,"6":0,"7":0,"8":0,"9":0,"10":0,"11":0,"12":0,"13":0,"14":0,"15":0,"16":0,"17":0,"18":0,"19":0,"20":0,"21":0,"22":0,"23":0,"24":0,"25":0,"26":0,"27":0,"28":0,"29":0,"30":0,"31":0,"32":0,"33":0,"34":0,"35":0,"36":0,"37":0,"38":0,"39":0,"40":0,"41":0,"42":0,"43":0,"44":0,"45":0,"46":0,"47":0,"48":0,"49":0,"50":0,"51":0,"52":0,"53":0,"54":0,"55":0,"56":0,"57":0,"58":0,"59":0,"60":0,"61":0,"62":0,"63":0,"64":0,"65":0,"66":0,"67":0,"68":0,"69":0,"70":0,"71":0,"72":0,"73":0,"74":0,"75":0,"76":0,"77":0,"78":0,"79":0,"80":0,"81":0,"82":0,"83":0,"84":0,"85":0,"86":0,"87":0,"88":0,"89":0,"90":0,"91":0,"92":0,"93":0,"94":0,"95":0,"96":0,"97":0,"98":0,"99":0,"100":0,"101":0,"102":0,"103":0,"104":0,"105":0,"106":0,"107":0,"108":0,"109":0,"110":0,"111":0,"112":0,"113":0,"114":0,"115":0,"116":0,"117":0,"118":0,"119":0,"120":0,"121":0,"122":0,"123":0,"124":0,"125":0,"126":0,"127":0,"128":0,"129":0},"f":{"0":0,"1":0,"2":0,"3":0,"4":0,"5":0,"6":0,"7":0,"8":0,"9":0,"10":0,"11":0},"b":{"0":[0,0],"1":[0,0],"2":[0,0],"3":[0,0],"4":[0,0],"5":[0,0],"6":[0,0],"7":[0,0],"8":[0,0],"9":[0,0],"10":[0,0],"11":[0,0],"12":[0,0],"13":[0,0],"14":[0,0],"15":[0],"16":[0],"17":[0],"18":[0],"19":[0],"20":[0,0],"21":[0,0]}}
,"/home/ubuntu/resistance-hub-backend/src/utils/logger.js": {"path":"/home/ubuntu/resistance-hub-backend/src/utils/logger.js","statementMap":{"0":{"start":{"line":6,"column":18},"end":{"line":6,"column":62}},"1":{"start":{"line":7,"column":16},"end":{"line":7,"column":50}},"2":{"start":{"line":10,"column":0},"end":{"line":12,"column":1}},"3":{"start":{"line":11,"column":2},"end":{"line":11,"column":45}},"4":{"start":{"line":14,"column":17},"end":{"line":14,"column":48}},"5":{"start":{"line":16,"column":15},"end":{"line":40,"column":2}},"6":{"start":{"line":43,"column":0},"end":{"line":55,"column":1}},"7":{"start":{"line":44,"column":2},"end":{"line":54,"column":4}},"8":{"start":{"line":49,"column":26},"end":{"line":49,"column":87}},"9":{"start":{"line":50,"column":10},"end":{"line":50,"column":66}}},"fnMap":{"0":{"name":"(anonymous_0)","decl":{"start":{"line":48,"column":30},"end":{"line":48,"column":31}},"loc":{"start":{"line":48,"column":74},"end":{"line":51,"column":9}},"line":48}},"branchMap":{"0":{"loc":{"start":{"line":10,"column":0},"end":{"line":12,"column":1}},"type":"if","locations":[{"start":{"line":10,"column":0},"end":{"line":12,"column":1}},{"start":{},"end":{}}],"line":10},"1":{"loc":{"start":{"line":14,"column":17},"end":{"line":14,"column":48}},"type":"binary-expr","locations":[{"start":{"line":14,"column":17},"end":{"line":14,"column":38}},{"start":{"line":14,"column":42},"end":{"line":14,"column":48}}],"line":14},"2":{"loc":{"start":{"line":43,"column":0},"end":{"line":55,"column":1}},"type":"if","locations":[{"start":{"line":43,"column":0},"end":{"line":55,"column":1}},{"start":{},"end":{}}],"line":43},"3":{"loc":{"start":{"line":49,"column":26},"end":{"line":49,"column":87}},"type":"cond-expr","locations":[{"start":{"line":49,"column":53},"end":{"line":49,"column":82}},{"start":{"line":49,"column":85},"end":{"line":49,"column":87}}],"line":49}},"s":{"0":0,"1":0,"2":0,"3":0,"4":0,"5":0,"6":0,"7":0,"8":0,"9":0},"f":{"0":0},"b":{"0":[0,0],"1":[0,0],"2":[0,0],"3":[0,0]}}
,"/home/ubuntu/resistance-hub-backend/src/validators/schemas.js": {"path":"/home/ubuntu/resistance-hub-backend/src/validators/schemas.js","statementMap":{"0":{"start":{"line":4,"column":17},"end":{"line":10,"column":1}},"1":{"start":{"line":13,"column":30},"end":{"line":26,"column":2}},"2":{"start":{"line":28,"column":27},"end":{"line":31,"column":2}},"3":{"start":{"line":33,"column":34},"end":{"line":35,"column":2}},"4":{"start":{"line":37,"column":36},"end":{"line":39,"column":2}},"5":{"start":{"line":41,"column":35},"end":{"line":51,"column":2}},"6":{"start":{"line":54,"column":35},"end":{"line":63,"column":2}},"7":{"start":{"line":65,"column":36},"end":{"line":73,"column":2}},"8":{"start":{"line":76,"column":40},"end":{"line":87,"column":2}},"9":{"start":{"line":89,"column":40},"end":{"line":92,"column":1}},"10":{"start":{"line":91,"column":12},"end":{"line":91,"column":29}},"11":{"start":{"line":95,"column":36},"end":{"line":107,"column":2}},"12":{"start":{"line":109,"column":36},"end":{"line":112,"column":1}},"13":{"start":{"line":111,"column":12},"end":{"line":111,"column":29}},"14":{"start":{"line":115,"column":40},"end":{"line":126,"column":2}},"15":{"start":{"line":129,"column":42},"end":{"line":135,"column":2}},"16":{"start":{"line":137,"column":31},"end":{"line":141,"column":2}},"17":{"start":{"line":144,"column":35},"end":{"line":149,"column":2}},"18":{"start":{"line":152,"column":33},"end":{"line":155,"column":2}},"19":{"start":{"line":158,"column":34},"end":{"line":167,"column":2}},"20":{"start":{"line":170,"column":32},"end":{"line":174,"column":2}},"21":{"start":{"line":177,"column":24},"end":{"line":203,"column":1}},"22":{"start":{"line":178,"column":2},"end":{"line":202,"column":4}},"23":{"start":{"line":179,"column":29},"end":{"line":182,"column":6}},"24":{"start":{"line":184,"column":4},"end":{"line":198,"column":5}},"25":{"start":{"line":185,"column":22},"end":{"line":188,"column":9}},"26":{"start":{"line":185,"column":51},"end":{"line":188,"column":7}},"27":{"start":{"line":190,"column":6},"end":{"line":197,"column":9}},"28":{"start":{"line":200,"column":4},"end":{"line":200,"column":30}},"29":{"start":{"line":201,"column":4},"end":{"line":201,"column":11}},"30":{"start":{"line":206,"column":29},"end":{"line":232,"column":1}},"31":{"start":{"line":207,"column":2},"end":{"line":231,"column":4}},"32":{"start":{"line":208,"column":29},"end":{"line":211,"column":6}},"33":{"start":{"line":213,"column":4},"end":{"line":227,"column":5}},"34":{"start":{"line":214,"column":22},"end":{"line":217,"column":9}},"35":{"start":{"line":214,"column":51},"end":{"line":217,"column":7}},"36":{"start":{"line":219,"column":6},"end":{"line":226,"column":9}},"37":{"start":{"line":229,"column":4},"end":{"line":229,"column":31}},"38":{"start":{"line":230,"column":4},"end":{"line":230,"column":11}}},"fnMap":{"0":{"name":"(anonymous_0)","decl":{"start":{"line":91,"column":2},"end":{"line":91,"column":3}},"loc":{"start":{"line":91,"column":12},"end":{"line":91,"column":29}},"line":91},"1":{"name":"(anonymous_1)","decl":{"start":{"line":111,"column":2},"end":{"line":111,"column":3}},"loc":{"start":{"line":111,"column":12},"end":{"line":111,"column":29}},"line":111},"2":{"name":"(anonymous_2)","decl":{"start":{"line":177,"column":24},"end":{"line":177,"column":25}},"loc":{"start":{"line":177,"column":36},"end":{"line":203,"column":1}},"line":177},"3":{"name":"(anonymous_3)","decl":{"start":{"line":178,"column":9},"end":{"line":178,"column":10}},"loc":{"start":{"line":178,"column":29},"end":{"line":202,"column":3}},"line":178},"4":{"name":"(anonymous_4)","decl":{"start":{"line":185,"column":40},"end":{"line":185,"column":41}},"loc":{"start":{"line":185,"column":51},"end":{"line":188,"column":7}},"line":185},"5":{"name":"(anonymous_5)","decl":{"start":{"line":206,"column":29},"end":{"line":206,"column":30}},"loc":{"start":{"line":206,"column":41},"end":{"line":232,"column":1}},"line":206},"6":{"name":"(anonymous_6)","decl":{"start":{"line":207,"column":9},"end":{"line":207,"column":10}},"loc":{"start":{"line":207,"column":29},"end":{"line":231,"column":3}},"line":207},"7":{"name":"(anonymous_7)","decl":{"start":{"line":214,"column":40},"end":{"line":214,"column":41}},"loc":{"start":{"line":214,"column":51},"end":{"line":217,"column":7}},"line":214}},"branchMap":{"0":{"loc":{"start":{"line":184,"column":4},"end":{"line":198,"column":5}},"type":"if","locations":[{"start":{"line":184,"column":4},"end":{"line":198,"column":5}},{"start":{},"end":{}}],"line":184},"1":{"loc":{"start":{"line":213,"column":4},"end":{"line":227,"column":5}},"type":"if","locations":[{"start":{"line":213,"column":4},"end":{"line":227,"column":5}},{"start":{},"end":{}}],"line":213}},"s":{"0":0,"1":0,"2":0,"3":0,"4":0,"5":0,"6":0,"7":0,"8":0,"9":0,"10":0,"11":0,"12":0,"13":0,"14":0,"15":0,"16":0,"17":0,"18":0,"19":0,"20":0,"21":0,"22":0,"23":0,"24":0,"25":0,"26":0,"27":0,"28":0,"29":0,"30":0,"31":0,"32":0,"33":0,"34":0,"35":0,"36":0,"37":0,"38":0},"f":{"0":0,"1":0,"2":0,"3":0,"4":0,"5":0,"6":0,"7":0},"b":{"0":[0,0],"1":[0,0]}}
}
