{"/home/runner/work/global-anti-ccp-resistance-hub/global-anti-ccp-resistance-hub/backend/src/data/ccpViolationsData.js": {"path":"/home/runner/work/global-anti-ccp-resistance-hub/global-anti-ccp-resistance-hub/backend/src/data/ccpViolationsData.js","statementMap":{"0":{"start":{"line":18,"column":36},"end":{"line":99,"column":1}},"1":{"start":{"line":102,"column":34},"end":{"line":163,"column":1}},"2":{"start":{"line":166,"column":27},"end":{"line":256,"column":1}},"3":{"start":{"line":259,"column":33},"end":{"line":349,"column":1}},"4":{"start":{"line":352,"column":36},"end":{"line":392,"column":1}},"5":{"start":{"line":395,"column":34},"end":{"line":417,"column":1}},"6":{"start":{"line":421,"column":2},"end":{"line":421,"column":22}},"7":{"start":{"line":421,"column":13},"end":{"line":421,"column":22}},"8":{"start":{"line":423,"column":20},"end":{"line":423,"column":38}},"9":{"start":{"line":424,"column":14},"end":{"line":424,"column":15}},"10":{"start":{"line":427,"column":2},"end":{"line":429,"column":5}},"11":{"start":{"line":428,"column":4},"end":{"line":428,"column":49}},"12":{"start":{"line":428,"column":37},"end":{"line":428,"column":49}},"13":{"start":{"line":432,"column":2},"end":{"line":434,"column":5}},"14":{"start":{"line":433,"column":4},"end":{"line":433,"column":48}},"15":{"start":{"line":433,"column":37},"end":{"line":433,"column":48}},"16":{"start":{"line":437,"column":2},"end":{"line":439,"column":5}},"17":{"start":{"line":438,"column":4},"end":{"line":438,"column":48}},"18":{"start":{"line":438,"column":37},"end":{"line":438,"column":48}},"19":{"start":{"line":442,"column":2},"end":{"line":444,"column":5}},"20":{"start":{"line":443,"column":4},"end":{"line":443,"column":48}},"21":{"start":{"line":443,"column":37},"end":{"line":443,"column":48}},"22":{"start":{"line":447,"column":2},"end":{"line":447,"column":30}}},"fnMap":{"0":{"name":"calculateRelevanceScore","decl":{"start":{"line":420,"column":16},"end":{"line":420,"column":39}},"loc":{"start":{"line":420,"column":46},"end":{"line":448,"column":1}},"line":420},"1":{"name":"(anonymous_1)","decl":{"start":{"line":427,"column":38},"end":{"line":427,"column":39}},"loc":{"start":{"line":427,"column":49},"end":{"line":429,"column":3}},"line":427},"2":{"name":"(anonymous_2)","decl":{"start":{"line":432,"column":34},"end":{"line":432,"column":35}},"loc":{"start":{"line":432,"column":45},"end":{"line":434,"column":3}},"line":432},"3":{"name":"(anonymous_3)","decl":{"start":{"line":437,"column":36},"end":{"line":437,"column":37}},"loc":{"start":{"line":437,"column":47},"end":{"line":439,"column":3}},"line":437},"4":{"name":"(anonymous_4)","decl":{"start":{"line":442,"column":33},"end":{"line":442,"column":34}},"loc":{"start":{"line":442,"column":44},"end":{"line":444,"column":3}},"line":442}},"branchMap":{"0":{"loc":{"start":{"line":421,"column":2},"end":{"line":421,"column":22}},"type":"if","locations":[{"start":{"line":421,"column":2},"end":{"line":421,"column":22}},{"start":{},"end":{}}],"line":421},"1":{"loc":{"start":{"line":428,"column":4},"end":{"line":428,"column":49}},"type":"if","locations":[{"start":{"line":428,"column":4},"end":{"line":428,"column":49}},{"start":{},"end":{}}],"line":428},"2":{"loc":{"start":{"line":433,"column":4},"end":{"line":433,"column":48}},"type":"if","locations":[{"start":{"line":433,"column":4},"end":{"line":433,"column":48}},{"start":{},"end":{}}],"line":433},"3":{"loc":{"start":{"line":438,"column":4},"end":{"line":438,"column":48}},"type":"if","locations":[{"start":{"line":438,"column":4},"end":{"line":438,"column":48}},{"start":{},"end":{}}],"line":438},"4":{"loc":{"start":{"line":443,"column":4},"end":{"line":443,"column":48}},"type":"if","locations":[{"start":{"line":443,"column":4},"end":{"line":443,"column":48}},{"start":{},"end":{}}],"line":443}},"s":{"0":0,"1":0,"2":0,"3":0,"4":0,"5":0,"6":0,"7":0,"8":0,"9":0,"10":0,"11":0,"12":0,"13":0,"14":0,"15":0,"16":0,"17":0,"18":0,"19":0,"20":0,"21":0,"22":0},"f":{"0":0,"1":0,"2":0,"3":0,"4":0},"b":{"0":[0,0],"1":[0,0],"2":[0,0],"3":[0,0],"4":[0,0]},"inputSourceMap":null}
,"/home/runner/work/global-anti-ccp-resistance-hub/global-anti-ccp-resistance-hub/backend/src/data/regionalThreats.js": {"path":"/home/runner/work/global-anti-ccp-resistance-hub/global-anti-ccp-resistance-hub/backend/src/data/regionalThreats.js","statementMap":{"0":{"start":{"line":18,"column":29},"end":{"line":91,"column":1}},"1":{"start":{"line":94,"column":31},"end":{"line":138,"column":1}},"2":{"start":{"line":141,"column":30},"end":{"line":161,"column":1}},"3":{"start":{"line":164,"column":29},"end":{"line":214,"column":1}},"4":{"start":{"line":217,"column":28},"end":{"line":271,"column":1}},"5":{"start":{"line":274,"column":29},"end":{"line":325,"column":1}}},"fnMap":{},"branchMap":{},"s":{"0":0,"1":0,"2":0,"3":0,"4":0,"5":0},"f":{},"b":{},"inputSourceMap":null}
,"/home/runner/work/global-anti-ccp-resistance-hub/global-anti-ccp-resistance-hub/backend/src/db/connection.js": {"path":"/home/runner/work/global-anti-ccp-resistance-hub/global-anti-ccp-resistance-hub/backend/src/db/connection.js","statementMap":{"0":{"start":{"line":5,"column":17},"end":{"line":5,"column":20}},"1":{"start":{"line":7,"column":0},"end":{"line":7,"column":16}},"2":{"start":{"line":9,"column":13},"end":{"line":15,"column":2}},"3":{"start":{"line":17,"column":0},"end":{"line":19,"column":3}},"4":{"start":{"line":18,"column":2},"end":{"line":18,"column":74}},"5":{"start":{"line":21,"column":0},"end":{"line":23,"column":3}},"6":{"start":{"line":22,"column":2},"end":{"line":22,"column":50}},"7":{"start":{"line":25,"column":21},"end":{"line":35,"column":1}},"8":{"start":{"line":26,"column":16},"end":{"line":26,"column":26}},"9":{"start":{"line":27,"column":2},"end":{"line":34,"column":5}},"10":{"start":{"line":28,"column":21},"end":{"line":28,"column":39}},"11":{"start":{"line":29,"column":4},"end":{"line":29,"column":75}},"12":{"start":{"line":30,"column":4},"end":{"line":30,"column":15}},"13":{"start":{"line":32,"column":4},"end":{"line":32,"column":71}},"14":{"start":{"line":33,"column":4},"end":{"line":33,"column":14}},"15":{"start":{"line":37,"column":25},"end":{"line":40,"column":1}},"16":{"start":{"line":38,"column":17},"end":{"line":38,"column":37}},"17":{"start":{"line":39,"column":2},"end":{"line":39,"column":16}},"18":{"start":{"line":42,"column":25},"end":{"line":45,"column":1}},"19":{"start":{"line":43,"column":2},"end":{"line":43,"column":19}},"20":{"start":{"line":44,"column":2},"end":{"line":44,"column":49}}},"fnMap":{"0":{"name":"(anonymous_0)","decl":{"start":{"line":17,"column":17},"end":{"line":17,"column":18}},"loc":{"start":{"line":17,"column":26},"end":{"line":19,"column":1}},"line":17},"1":{"name":"(anonymous_1)","decl":{"start":{"line":21,"column":19},"end":{"line":21,"column":20}},"loc":{"start":{"line":21,"column":25},"end":{"line":23,"column":1}},"line":21},"2":{"name":"(anonymous_2)","decl":{"start":{"line":25,"column":21},"end":{"line":25,"column":22}},"loc":{"start":{"line":25,"column":39},"end":{"line":35,"column":1}},"line":25},"3":{"name":"(anonymous_3)","decl":{"start":{"line":27,"column":39},"end":{"line":27,"column":40}},"loc":{"start":{"line":27,"column":46},"end":{"line":31,"column":3}},"line":27},"4":{"name":"(anonymous_4)","decl":{"start":{"line":31,"column":11},"end":{"line":31,"column":12}},"loc":{"start":{"line":31,"column":18},"end":{"line":34,"column":3}},"line":31},"5":{"name":"(anonymous_5)","decl":{"start":{"line":37,"column":25},"end":{"line":37,"column":26}},"loc":{"start":{"line":37,"column":37},"end":{"line":40,"column":1}},"line":37},"6":{"name":"(anonymous_6)","decl":{"start":{"line":42,"column":25},"end":{"line":42,"column":26}},"loc":{"start":{"line":42,"column":37},"end":{"line":45,"column":1}},"line":42}},"branchMap":{"0":{"loc":{"start":{"line":11,"column":16},"end":{"line":11,"column":53}},"type":"binary-expr","locations":[{"start":{"line":11,"column":16},"end":{"line":11,"column":45}},{"start":{"line":11,"column":49},"end":{"line":11,"column":53}}],"line":11},"1":{"loc":{"start":{"line":12,"column":16},"end":{"line":12,"column":52}},"type":"binary-expr","locations":[{"start":{"line":12,"column":16},"end":{"line":12,"column":45}},{"start":{"line":12,"column":49},"end":{"line":12,"column":52}}],"line":12}},"s":{"0":0,"1":0,"2":0,"3":0,"4":0,"5":0,"6":0,"7":0,"8":0,"9":0,"10":0,"11":0,"12":0,"13":0,"14":0,"15":0,"16":0,"17":0,"18":0,"19":0,"20":0},"f":{"0":0,"1":0,"2":0,"3":0,"4":0,"5":0,"6":0},"b":{"0":[0,0],"1":[0,0]},"inputSourceMap":null}
,"/home/runner/work/global-anti-ccp-resistance-hub/global-anti-ccp-resistance-hub/backend/src/db/database.js": {"path":"/home/runner/work/global-anti-ccp-resistance-hub/global-anti-ccp-resistance-hub/backend/src/db/database.js","statementMap":{"0":{"start":{"line":8,"column":0},"end":{"line":8,"column":16}},"1":{"start":{"line":10,"column":21},"end":{"line":10,"column":51}},"2":{"start":{"line":11,"column":21},"end":{"line":11,"column":58}},"3":{"start":{"line":12,"column":18},"end":{"line":12,"column":71}},"4":{"start":{"line":16,"column":0},"end":{"line":239,"column":1}},"5":{"start":{"line":19,"column":2},"end":{"line":19,"column":59}},"6":{"start":{"line":22,"column":18},"end":{"line":84,"column":3}},"7":{"start":{"line":87,"column":16},"end":{"line":214,"column":3}},"8":{"start":{"line":88,"column":28},"end":{"line":88,"column":53}},"9":{"start":{"line":90,"column":4},"end":{"line":213,"column":5}},"10":{"start":{"line":92,"column":6},"end":{"line":104,"column":7}},"11":{"start":{"line":93,"column":22},"end":{"line":93,"column":82}},"12":{"start":{"line":93,"column":60},"end":{"line":93,"column":81}},"13":{"start":{"line":95,"column":8},"end":{"line":97,"column":9}},"14":{"start":{"line":96,"column":10},"end":{"line":96,"column":53}},"15":{"start":{"line":96,"column":40},"end":{"line":96,"column":51}},"16":{"start":{"line":99,"column":8},"end":{"line":101,"column":9}},"17":{"start":{"line":100,"column":10},"end":{"line":100,"column":60}},"18":{"start":{"line":100,"column":40},"end":{"line":100,"column":58}},"19":{"start":{"line":103,"column":8},"end":{"line":103,"column":59}},"20":{"start":{"line":107,"column":6},"end":{"line":131,"column":7}},"21":{"start":{"line":108,"column":22},"end":{"line":108,"column":45}},"22":{"start":{"line":111,"column":8},"end":{"line":114,"column":9}},"23":{"start":{"line":112,"column":32},"end":{"line":112,"column":70}},"24":{"start":{"line":113,"column":10},"end":{"line":113,"column":73}},"25":{"start":{"line":113,"column":43},"end":{"line":113,"column":71}},"26":{"start":{"line":117,"column":8},"end":{"line":117,"column":84}},"27":{"start":{"line":117,"column":31},"end":{"line":117,"column":82}},"28":{"start":{"line":120,"column":27},"end":{"line":120,"column":65}},"29":{"start":{"line":121,"column":28},"end":{"line":121,"column":67}},"30":{"start":{"line":123,"column":8},"end":{"line":125,"column":9}},"31":{"start":{"line":124,"column":10},"end":{"line":124,"column":60}},"32":{"start":{"line":126,"column":8},"end":{"line":128,"column":9}},"33":{"start":{"line":127,"column":10},"end":{"line":127,"column":62}},"34":{"start":{"line":130,"column":8},"end":{"line":130,"column":59}},"35":{"start":{"line":134,"column":6},"end":{"line":155,"column":7}},"36":{"start":{"line":135,"column":24},"end":{"line":152,"column":9}},"37":{"start":{"line":153,"column":8},"end":{"line":153,"column":41}},"38":{"start":{"line":154,"column":8},"end":{"line":154,"column":48}},"39":{"start":{"line":158,"column":6},"end":{"line":166,"column":7}},"40":{"start":{"line":159,"column":25},"end":{"line":159,"column":50}},"41":{"start":{"line":160,"column":23},"end":{"line":160,"column":72}},"42":{"start":{"line":160,"column":54},"end":{"line":160,"column":71}},"43":{"start":{"line":161,"column":8},"end":{"line":164,"column":9}},"44":{"start":{"line":162,"column":10},"end":{"line":162,"column":59}},"45":{"start":{"line":163,"column":10},"end":{"line":163,"column":55}},"46":{"start":{"line":165,"column":8},"end":{"line":165,"column":41}},"47":{"start":{"line":169,"column":6},"end":{"line":183,"column":7}},"48":{"start":{"line":170,"column":23},"end":{"line":170,"column":48}},"49":{"start":{"line":171,"column":21},"end":{"line":171,"column":66}},"50":{"start":{"line":171,"column":50},"end":{"line":171,"column":65}},"51":{"start":{"line":172,"column":8},"end":{"line":181,"column":9}},"52":{"start":{"line":173,"column":10},"end":{"line":175,"column":11}},"53":{"start":{"line":174,"column":12},"end":{"line":174,"column":57}},"54":{"start":{"line":176,"column":10},"end":{"line":178,"column":11}},"55":{"start":{"line":177,"column":12},"end":{"line":177,"column":59}},"56":{"start":{"line":179,"column":10},"end":{"line":179,"column":53}},"57":{"start":{"line":180,"column":10},"end":{"line":180,"column":47}},"58":{"start":{"line":182,"column":8},"end":{"line":182,"column":41}},"59":{"start":{"line":186,"column":6},"end":{"line":200,"column":7}},"60":{"start":{"line":187,"column":8},"end":{"line":198,"column":9}},"61":{"start":{"line":188,"column":22},"end":{"line":188,"column":47}},"62":{"start":{"line":191,"column":10},"end":{"line":195,"column":11}},"63":{"start":{"line":192,"column":26},"end":{"line":192,"column":36}},"64":{"start":{"line":193,"column":12},"end":{"line":193,"column":39}},"65":{"start":{"line":194,"column":12},"end":{"line":194,"column":91}},"66":{"start":{"line":194,"column":51},"end":{"line":194,"column":82}},"67":{"start":{"line":197,"column":10},"end":{"line":197,"column":52}},"68":{"start":{"line":199,"column":8},"end":{"line":199,"column":53}},"69":{"start":{"line":203,"column":6},"end":{"line":205,"column":7}},"70":{"start":{"line":204,"column":8},"end":{"line":204,"column":51}},"71":{"start":{"line":208,"column":6},"end":{"line":208,"column":39}},"72":{"start":{"line":211,"column":6},"end":{"line":211,"column":80}},"73":{"start":{"line":212,"column":6},"end":{"line":212,"column":18}},"74":{"start":{"line":216,"column":2},"end":{"line":227,"column":4}},"75":{"start":{"line":218,"column":28},"end":{"line":221,"column":5}},"76":{"start":{"line":223,"column":6},"end":{"line":223,"column":42}},"77":{"start":{"line":231,"column":2},"end":{"line":238,"column":5}},"78":{"start":{"line":232,"column":4},"end":{"line":237,"column":6}},"79":{"start":{"line":242,"column":21},"end":{"line":242,"column":61}},"80":{"start":{"line":242,"column":39},"end":{"line":242,"column":61}},"81":{"start":{"line":243,"column":25},"end":{"line":243,"column":45}},"82":{"start":{"line":243,"column":31},"end":{"line":243,"column":45}},"83":{"start":{"line":244,"column":25},"end":{"line":244,"column":45}},"84":{"start":{"line":244,"column":31},"end":{"line":244,"column":45}}},"fnMap":{"0":{"name":"(anonymous_0)","decl":{"start":{"line":87,"column":16},"end":{"line":87,"column":17}},"loc":{"start":{"line":87,"column":45},"end":{"line":214,"column":3}},"line":87},"1":{"name":"(anonymous_1)","decl":{"start":{"line":93,"column":55},"end":{"line":93,"column":56}},"loc":{"start":{"line":93,"column":60},"end":{"line":93,"column":81}},"line":93},"2":{"name":"(anonymous_2)","decl":{"start":{"line":96,"column":35},"end":{"line":96,"column":36}},"loc":{"start":{"line":96,"column":40},"end":{"line":96,"column":51}},"line":96},"3":{"name":"(anonymous_3)","decl":{"start":{"line":100,"column":35},"end":{"line":100,"column":36}},"loc":{"start":{"line":100,"column":40},"end":{"line":100,"column":58}},"line":100},"4":{"name":"(anonymous_4)","decl":{"start":{"line":113,"column":35},"end":{"line":113,"column":36}},"loc":{"start":{"line":113,"column":43},"end":{"line":113,"column":71}},"line":113},"5":{"name":"(anonymous_5)","decl":{"start":{"line":117,"column":21},"end":{"line":117,"column":22}},"loc":{"start":{"line":117,"column":31},"end":{"line":117,"column":82}},"line":117},"6":{"name":"(anonymous_6)","decl":{"start":{"line":160,"column":49},"end":{"line":160,"column":50}},"loc":{"start":{"line":160,"column":54},"end":{"line":160,"column":71}},"line":160},"7":{"name":"(anonymous_7)","decl":{"start":{"line":171,"column":45},"end":{"line":171,"column":46}},"loc":{"start":{"line":171,"column":50},"end":{"line":171,"column":65}},"line":171},"8":{"name":"(anonymous_8)","decl":{"start":{"line":194,"column":46},"end":{"line":194,"column":47}},"loc":{"start":{"line":194,"column":51},"end":{"line":194,"column":82}},"line":194},"9":{"name":"(anonymous_9)","decl":{"start":{"line":218,"column":15},"end":{"line":218,"column":16}},"loc":{"start":{"line":218,"column":28},"end":{"line":221,"column":5}},"line":218},"10":{"name":"(anonymous_10)","decl":{"start":{"line":220,"column":15},"end":{"line":220,"column":16}},"loc":{"start":{"line":220,"column":21},"end":{"line":220,"column":23}},"line":220},"11":{"name":"(anonymous_11)","decl":{"start":{"line":222,"column":15},"end":{"line":222,"column":16}},"loc":{"start":{"line":222,"column":27},"end":{"line":224,"column":5}},"line":222},"12":{"name":"(anonymous_12)","decl":{"start":{"line":231,"column":33},"end":{"line":231,"column":34}},"loc":{"start":{"line":231,"column":43},"end":{"line":238,"column":3}},"line":231},"13":{"name":"(anonymous_13)","decl":{"start":{"line":242,"column":21},"end":{"line":242,"column":22}},"loc":{"start":{"line":242,"column":39},"end":{"line":242,"column":61}},"line":242},"14":{"name":"(anonymous_14)","decl":{"start":{"line":243,"column":25},"end":{"line":243,"column":26}},"loc":{"start":{"line":243,"column":31},"end":{"line":243,"column":45}},"line":243},"15":{"name":"(anonymous_15)","decl":{"start":{"line":244,"column":25},"end":{"line":244,"column":26}},"loc":{"start":{"line":244,"column":31},"end":{"line":244,"column":45}},"line":244}},"branchMap":{"0":{"loc":{"start":{"line":10,"column":21},"end":{"line":10,"column":51}},"type":"binary-expr","locations":[{"start":{"line":10,"column":21},"end":{"line":10,"column":45}},{"start":{"line":10,"column":49},"end":{"line":10,"column":51}}],"line":10},"1":{"loc":{"start":{"line":12,"column":18},"end":{"line":12,"column":71}},"type":"binary-expr","locations":[{"start":{"line":12,"column":18},"end":{"line":12,"column":54}},{"start":{"line":12,"column":58},"end":{"line":12,"column":71}}],"line":12},"2":{"loc":{"start":{"line":16,"column":0},"end":{"line":239,"column":1}},"type":"if","locations":[{"start":{"line":16,"column":0},"end":{"line":239,"column":1}},{"start":{"line":229,"column":7},"end":{"line":239,"column":1}}],"line":16},"3":{"loc":{"start":{"line":87,"column":29},"end":{"line":87,"column":40}},"type":"default-arg","locations":[{"start":{"line":87,"column":38},"end":{"line":87,"column":40}}],"line":87},"4":{"loc":{"start":{"line":92,"column":6},"end":{"line":104,"column":7}},"type":"if","locations":[{"start":{"line":92,"column":6},"end":{"line":104,"column":7}},{"start":{},"end":{}}],"line":92},"5":{"loc":{"start":{"line":92,"column":10},"end":{"line":92,"column":88}},"type":"binary-expr","locations":[{"start":{"line":92,"column":10},"end":{"line":92,"column":44}},{"start":{"line":92,"column":48},"end":{"line":92,"column":88}}],"line":92},"6":{"loc":{"start":{"line":95,"column":8},"end":{"line":97,"column":9}},"type":"if","locations":[{"start":{"line":95,"column":8},"end":{"line":97,"column":9}},{"start":{},"end":{}}],"line":95},"7":{"loc":{"start":{"line":99,"column":8},"end":{"line":101,"column":9}},"type":"if","locations":[{"start":{"line":99,"column":8},"end":{"line":101,"column":9}},{"start":{},"end":{}}],"line":99},"8":{"loc":{"start":{"line":99,"column":12},"end":{"line":99,"column":63}},"type":"binary-expr","locations":[{"start":{"line":99,"column":12},"end":{"line":99,"column":50}},{"start":{"line":99,"column":54},"end":{"line":99,"column":63}}],"line":99},"9":{"loc":{"start":{"line":107,"column":6},"end":{"line":131,"column":7}},"type":"if","locations":[{"start":{"line":107,"column":6},"end":{"line":131,"column":7}},{"start":{},"end":{}}],"line":107},"10":{"loc":{"start":{"line":107,"column":10},"end":{"line":107,"column":86}},"type":"binary-expr","locations":[{"start":{"line":107,"column":10},"end":{"line":107,"column":44}},{"start":{"line":107,"column":48},"end":{"line":107,"column":86}}],"line":107},"11":{"loc":{"start":{"line":111,"column":8},"end":{"line":114,"column":9}},"type":"if","locations":[{"start":{"line":111,"column":8},"end":{"line":114,"column":9}},{"start":{},"end":{}}],"line":111},"12":{"loc":{"start":{"line":111,"column":12},"end":{"line":111,"column":72}},"type":"binary-expr","locations":[{"start":{"line":111,"column":12},"end":{"line":111,"column":51}},{"start":{"line":111,"column":55},"end":{"line":111,"column":72}}],"line":111},"13":{"loc":{"start":{"line":123,"column":8},"end":{"line":125,"column":9}},"type":"if","locations":[{"start":{"line":123,"column":8},"end":{"line":125,"column":9}},{"start":{},"end":{}}],"line":123},"14":{"loc":{"start":{"line":126,"column":8},"end":{"line":128,"column":9}},"type":"if","locations":[{"start":{"line":126,"column":8},"end":{"line":128,"column":9}},{"start":{},"end":{}}],"line":126},"15":{"loc":{"start":{"line":134,"column":6},"end":{"line":155,"column":7}},"type":"if","locations":[{"start":{"line":134,"column":6},"end":{"line":155,"column":7}},{"start":{},"end":{}}],"line":134},"16":{"loc":{"start":{"line":134,"column":10},"end":{"line":134,"column":86}},"type":"binary-expr","locations":[{"start":{"line":134,"column":10},"end":{"line":134,"column":44}},{"start":{"line":134,"column":48},"end":{"line":134,"column":86}}],"line":134},"17":{"loc":{"start":{"line":147,"column":27},"end":{"line":147,"column":44}},"type":"binary-expr","locations":[{"start":{"line":147,"column":27},"end":{"line":147,"column":37}},{"start":{"line":147,"column":41},"end":{"line":147,"column":44}}],"line":147},"18":{"loc":{"start":{"line":158,"column":6},"end":{"line":166,"column":7}},"type":"if","locations":[{"start":{"line":158,"column":6},"end":{"line":166,"column":7}},{"start":{},"end":{}}],"line":158},"19":{"loc":{"start":{"line":158,"column":10},"end":{"line":158,"column":88}},"type":"binary-expr","locations":[{"start":{"line":158,"column":10},"end":{"line":158,"column":44}},{"start":{"line":158,"column":48},"end":{"line":158,"column":88}}],"line":158},"20":{"loc":{"start":{"line":161,"column":8},"end":{"line":164,"column":9}},"type":"if","locations":[{"start":{"line":161,"column":8},"end":{"line":164,"column":9}},{"start":{},"end":{}}],"line":161},"21":{"loc":{"start":{"line":169,"column":6},"end":{"line":183,"column":7}},"type":"if","locations":[{"start":{"line":169,"column":6},"end":{"line":183,"column":7}},{"start":{},"end":{}}],"line":169},"22":{"loc":{"start":{"line":169,"column":10},"end":{"line":169,"column":86}},"type":"binary-expr","locations":[{"start":{"line":169,"column":10},"end":{"line":169,"column":44}},{"start":{"line":169,"column":48},"end":{"line":169,"column":86}}],"line":169},"23":{"loc":{"start":{"line":172,"column":8},"end":{"line":181,"column":9}},"type":"if","locations":[{"start":{"line":172,"column":8},"end":{"line":181,"column":9}},{"start":{},"end":{}}],"line":172},"24":{"loc":{"start":{"line":173,"column":10},"end":{"line":175,"column":11}},"type":"if","locations":[{"start":{"line":173,"column":10},"end":{"line":175,"column":11}},{"start":{},"end":{}}],"line":173},"25":{"loc":{"start":{"line":174,"column":31},"end":{"line":174,"column":51}},"type":"binary-expr","locations":[{"start":{"line":174,"column":31},"end":{"line":174,"column":46}},{"start":{"line":174,"column":50},"end":{"line":174,"column":51}}],"line":174},"26":{"loc":{"start":{"line":176,"column":10},"end":{"line":178,"column":11}},"type":"if","locations":[{"start":{"line":176,"column":10},"end":{"line":178,"column":11}},{"start":{},"end":{}}],"line":176},"27":{"loc":{"start":{"line":177,"column":32},"end":{"line":177,"column":53}},"type":"binary-expr","locations":[{"start":{"line":177,"column":32},"end":{"line":177,"column":48}},{"start":{"line":177,"column":52},"end":{"line":177,"column":53}}],"line":177},"28":{"loc":{"start":{"line":186,"column":6},"end":{"line":200,"column":7}},"type":"if","locations":[{"start":{"line":186,"column":6},"end":{"line":200,"column":7}},{"start":{},"end":{}}],"line":186},"29":{"loc":{"start":{"line":187,"column":8},"end":{"line":198,"column":9}},"type":"if","locations":[{"start":{"line":187,"column":8},"end":{"line":198,"column":9}},{"start":{},"end":{}}],"line":187},"30":{"loc":{"start":{"line":191,"column":10},"end":{"line":195,"column":11}},"type":"if","locations":[{"start":{"line":191,"column":10},"end":{"line":195,"column":11}},{"start":{},"end":{}}],"line":191},"31":{"loc":{"start":{"line":203,"column":6},"end":{"line":205,"column":7}},"type":"if","locations":[{"start":{"line":203,"column":6},"end":{"line":205,"column":7}},{"start":{},"end":{}}],"line":203}},"s":{"0":0,"1":0,"2":0,"3":0,"4":0,"5":0,"6":0,"7":0,"8":0,"9":0,"10":0,"11":0,"12":0,"13":0,"14":0,"15":0,"16":0,"17":0,"18":0,"19":0,"20":0,"21":0,"22":0,"23":0,"24":0,"25":0,"26":0,"27":0,"28":0,"29":0,"30":0,"31":0,"32":0,"33":0,"34":0,"35":0,"36":0,"37":0,"38":0,"39":0,"40":0,"41":0,"42":0,"43":0,"44":0,"45":0,"46":0,"47":0,"48":0,"49":0,"50":0,"51":0,"52":0,"53":0,"54":0,"55":0,"56":0,"57":0,"58":0,"59":0,"60":0,"61":0,"62":0,"63":0,"64":0,"65":0,"66":0,"67":0,"68":0,"69":0,"70":0,"71":0,"72":0,"73":0,"74":0,"75":0,"76":0,"77":0,"78":0,"79":0,"80":0,"81":0,"82":0,"83":0,"84":0},"f":{"0":0,"1":0,"2":0,"3":0,"4":0,"5":0,"6":0,"7":0,"8":0,"9":0,"10":0,"11":0,"12":0,"13":0,"14":0,"15":0},"b":{"0":[0,0],"1":[0,0],"2":[0,0],"3":[0],"4":[0,0],"5":[0,0],"6":[0,0],"7":[0,0],"8":[0,0],"9":[0,0],"10":[0,0],"11":[0,0],"12":[0,0],"13":[0,0],"14":[0,0],"15":[0,0],"16":[0,0],"17":[0,0],"18":[0,0],"19":[0,0],"20":[0,0],"21":[0,0],"22":[0,0],"23":[0,0],"24":[0,0],"25":[0,0],"26":[0,0],"27":[0,0],"28":[0,0],"29":[0,0],"30":[0,0],"31":[0,0]},"inputSourceMap":null}
,"/home/runner/work/global-anti-ccp-resistance-hub/global-anti-ccp-resistance-hub/backend/src/db/runMigrations.js": {"path":"/home/runner/work/global-anti-ccp-resistance-hub/global-anti-ccp-resistance-hub/backend/src/db/runMigrations.js","statementMap":{"0":{"start":{"line":7,"column":18},"end":{"line":7,"column":62}},"1":{"start":{"line":8,"column":22},"end":{"line":8,"column":56}},"2":{"start":{"line":11,"column":26},"end":{"line":15,"column":1}},"3":{"start":{"line":12,"column":2},"end":{"line":14,"column":12}},"4":{"start":{"line":13,"column":20},"end":{"line":13,"column":41}},"5":{"start":{"line":18,"column":21},"end":{"line":32,"column":1}},"6":{"start":{"line":19,"column":2},"end":{"line":31,"column":3}},"7":{"start":{"line":20,"column":21},"end":{"line":20,"column":55}},"8":{"start":{"line":21,"column":16},"end":{"line":21,"column":49}},"9":{"start":{"line":23,"column":4},"end":{"line":23,"column":50}},"10":{"start":{"line":24,"column":4},"end":{"line":24,"column":21}},"11":{"start":{"line":25,"column":4},"end":{"line":25,"column":54}},"12":{"start":{"line":27,"column":4},"end":{"line":27,"column":16}},"13":{"start":{"line":29,"column":4},"end":{"line":29,"column":78}},"14":{"start":{"line":30,"column":4},"end":{"line":30,"column":16}},"15":{"start":{"line":35,"column":32},"end":{"line":55,"column":1}},"16":{"start":{"line":36,"column":2},"end":{"line":54,"column":3}},"17":{"start":{"line":37,"column":18},"end":{"line":37,"column":37}},"18":{"start":{"line":39,"column":4},"end":{"line":42,"column":5}},"19":{"start":{"line":40,"column":6},"end":{"line":40,"column":46}},"20":{"start":{"line":41,"column":6},"end":{"line":41,"column":13}},"21":{"start":{"line":44,"column":4},"end":{"line":44,"column":54}},"22":{"start":{"line":46,"column":4},"end":{"line":48,"column":5}},"23":{"start":{"line":47,"column":6},"end":{"line":47,"column":31}},"24":{"start":{"line":50,"column":4},"end":{"line":50,"column":57}},"25":{"start":{"line":52,"column":4},"end":{"line":52,"column":71}},"26":{"start":{"line":53,"column":4},"end":{"line":53,"column":16}},"27":{"start":{"line":58,"column":0},"end":{"line":68,"column":1}},"28":{"start":{"line":59,"column":2},"end":{"line":67,"column":7}},"29":{"start":{"line":61,"column":6},"end":{"line":61,"column":45}},"30":{"start":{"line":62,"column":6},"end":{"line":62,"column":22}},"31":{"start":{"line":65,"column":6},"end":{"line":65,"column":70}},"32":{"start":{"line":66,"column":6},"end":{"line":66,"column":22}}},"fnMap":{"0":{"name":"(anonymous_0)","decl":{"start":{"line":11,"column":26},"end":{"line":11,"column":27}},"loc":{"start":{"line":11,"column":32},"end":{"line":15,"column":1}},"line":11},"1":{"name":"(anonymous_1)","decl":{"start":{"line":13,"column":12},"end":{"line":13,"column":13}},"loc":{"start":{"line":13,"column":20},"end":{"line":13,"column":41}},"line":13},"2":{"name":"(anonymous_2)","decl":{"start":{"line":18,"column":21},"end":{"line":18,"column":22}},"loc":{"start":{"line":18,"column":41},"end":{"line":32,"column":1}},"line":18},"3":{"name":"(anonymous_3)","decl":{"start":{"line":35,"column":32},"end":{"line":35,"column":33}},"loc":{"start":{"line":35,"column":44},"end":{"line":55,"column":1}},"line":35},"4":{"name":"(anonymous_4)","decl":{"start":{"line":60,"column":10},"end":{"line":60,"column":11}},"loc":{"start":{"line":60,"column":16},"end":{"line":63,"column":5}},"line":60},"5":{"name":"(anonymous_5)","decl":{"start":{"line":64,"column":11},"end":{"line":64,"column":12}},"loc":{"start":{"line":64,"column":20},"end":{"line":67,"column":5}},"line":64}},"branchMap":{"0":{"loc":{"start":{"line":39,"column":4},"end":{"line":42,"column":5}},"type":"if","locations":[{"start":{"line":39,"column":4},"end":{"line":42,"column":5}},{"start":{},"end":{}}],"line":39},"1":{"loc":{"start":{"line":58,"column":0},"end":{"line":68,"column":1}},"type":"if","locations":[{"start":{"line":58,"column":0},"end":{"line":68,"column":1}},{"start":{},"end":{}}],"line":58}},"s":{"0":0,"1":0,"2":0,"3":0,"4":0,"5":0,"6":0,"7":0,"8":0,"9":0,"10":0,"11":0,"12":0,"13":0,"14":0,"15":0,"16":0,"17":0,"18":0,"19":0,"20":0,"21":0,"22":0,"23":0,"24":0,"25":0,"26":0,"27":0,"28":0,"29":0,"30":0,"31":0,"32":0},"f":{"0":0,"1":0,"2":0,"3":0,"4":0,"5":0},"b":{"0":[0,0],"1":[0,0]},"inputSourceMap":null}
,"/home/runner/work/global-anti-ccp-resistance-hub/global-anti-ccp-resistance-hub/backend/src/middleware/auth.js": {"path":"/home/runner/work/global-anti-ccp-resistance-hub/global-anti-ccp-resistance-hub/backend/src/middleware/auth.js","statementMap":{"0":{"start":{"line":4,"column":33},"end":{"line":38,"column":1}},"1":{"start":{"line":5,"column":21},"end":{"line":5,"column":49}},"2":{"start":{"line":6,"column":16},"end":{"line":6,"column":54}},"3":{"start":{"line":8,"column":2},"end":{"line":17,"column":3}},"4":{"start":{"line":9,"column":4},"end":{"line":9,"column":80}},"5":{"start":{"line":10,"column":4},"end":{"line":16,"column":7}},"6":{"start":{"line":19,"column":2},"end":{"line":37,"column":5}},"7":{"start":{"line":20,"column":4},"end":{"line":33,"column":5}},"8":{"start":{"line":21,"column":6},"end":{"line":25,"column":9}},"9":{"start":{"line":26,"column":6},"end":{"line":32,"column":9}},"10":{"start":{"line":35,"column":4},"end":{"line":35,"column":20}},"11":{"start":{"line":36,"column":4},"end":{"line":36,"column":11}},"12":{"start":{"line":40,"column":28},"end":{"line":53,"column":1}},"13":{"start":{"line":41,"column":21},"end":{"line":41,"column":49}},"14":{"start":{"line":42,"column":16},"end":{"line":42,"column":54}},"15":{"start":{"line":44,"column":2},"end":{"line":50,"column":3}},"16":{"start":{"line":45,"column":4},"end":{"line":49,"column":7}},"17":{"start":{"line":46,"column":6},"end":{"line":48,"column":7}},"18":{"start":{"line":47,"column":8},"end":{"line":47,"column":24}},"19":{"start":{"line":52,"column":2},"end":{"line":52,"column":9}},"20":{"start":{"line":55,"column":27},"end":{"line":88,"column":1}},"21":{"start":{"line":56,"column":2},"end":{"line":87,"column":4}},"22":{"start":{"line":57,"column":4},"end":{"line":65,"column":5}},"23":{"start":{"line":58,"column":6},"end":{"line":64,"column":9}},"24":{"start":{"line":67,"column":22},"end":{"line":67,"column":42}},"25":{"start":{"line":68,"column":20},"end":{"line":68,"column":64}},"26":{"start":{"line":68,"column":39},"end":{"line":68,"column":63}},"27":{"start":{"line":70,"column":4},"end":{"line":84,"column":5}},"28":{"start":{"line":71,"column":6},"end":{"line":76,"column":9}},"29":{"start":{"line":77,"column":6},"end":{"line":83,"column":9}},"30":{"start":{"line":86,"column":4},"end":{"line":86,"column":11}},"31":{"start":{"line":90,"column":29},"end":{"line":101,"column":1}},"32":{"start":{"line":91,"column":2},"end":{"line":100,"column":4}},"33":{"start":{"line":103,"column":36},"end":{"line":112,"column":1}},"34":{"start":{"line":104,"column":2},"end":{"line":111,"column":4}},"35":{"start":{"line":114,"column":34},"end":{"line":121,"column":1}},"36":{"start":{"line":115,"column":2},"end":{"line":120,"column":3}},"37":{"start":{"line":116,"column":4},"end":{"line":116,"column":61}},"38":{"start":{"line":118,"column":4},"end":{"line":118,"column":68}},"39":{"start":{"line":119,"column":4},"end":{"line":119,"column":16}}},"fnMap":{"0":{"name":"(anonymous_0)","decl":{"start":{"line":4,"column":33},"end":{"line":4,"column":34}},"loc":{"start":{"line":4,"column":53},"end":{"line":38,"column":1}},"line":4},"1":{"name":"(anonymous_1)","decl":{"start":{"line":19,"column":44},"end":{"line":19,"column":45}},"loc":{"start":{"line":19,"column":59},"end":{"line":37,"column":3}},"line":19},"2":{"name":"(anonymous_2)","decl":{"start":{"line":40,"column":28},"end":{"line":40,"column":29}},"loc":{"start":{"line":40,"column":48},"end":{"line":53,"column":1}},"line":40},"3":{"name":"(anonymous_3)","decl":{"start":{"line":45,"column":46},"end":{"line":45,"column":47}},"loc":{"start":{"line":45,"column":61},"end":{"line":49,"column":5}},"line":45},"4":{"name":"(anonymous_4)","decl":{"start":{"line":55,"column":27},"end":{"line":55,"column":28}},"loc":{"start":{"line":55,"column":38},"end":{"line":88,"column":1}},"line":55},"5":{"name":"(anonymous_5)","decl":{"start":{"line":56,"column":9},"end":{"line":56,"column":10}},"loc":{"start":{"line":56,"column":29},"end":{"line":87,"column":3}},"line":56},"6":{"name":"(anonymous_6)","decl":{"start":{"line":68,"column":31},"end":{"line":68,"column":32}},"loc":{"start":{"line":68,"column":39},"end":{"line":68,"column":63}},"line":68},"7":{"name":"(anonymous_7)","decl":{"start":{"line":90,"column":29},"end":{"line":90,"column":30}},"loc":{"start":{"line":90,"column":75},"end":{"line":101,"column":1}},"line":90},"8":{"name":"(anonymous_8)","decl":{"start":{"line":103,"column":36},"end":{"line":103,"column":37}},"loc":{"start":{"line":103,"column":46},"end":{"line":112,"column":1}},"line":103},"9":{"name":"(anonymous_9)","decl":{"start":{"line":114,"column":34},"end":{"line":114,"column":35}},"loc":{"start":{"line":114,"column":45},"end":{"line":121,"column":1}},"line":114}},"branchMap":{"0":{"loc":{"start":{"line":6,"column":16},"end":{"line":6,"column":54}},"type":"binary-expr","locations":[{"start":{"line":6,"column":16},"end":{"line":6,"column":26}},{"start":{"line":6,"column":30},"end":{"line":6,"column":54}}],"line":6},"1":{"loc":{"start":{"line":8,"column":2},"end":{"line":17,"column":3}},"type":"if","locations":[{"start":{"line":8,"column":2},"end":{"line":17,"column":3}},{"start":{},"end":{}}],"line":8},"2":{"loc":{"start":{"line":20,"column":4},"end":{"line":33,"column":5}},"type":"if","locations":[{"start":{"line":20,"column":4},"end":{"line":33,"column":5}},{"start":{},"end":{}}],"line":20},"3":{"loc":{"start":{"line":42,"column":16},"end":{"line":42,"column":54}},"type":"binary-expr","locations":[{"start":{"line":42,"column":16},"end":{"line":42,"column":26}},{"start":{"line":42,"column":30},"end":{"line":42,"column":54}}],"line":42},"4":{"loc":{"start":{"line":44,"column":2},"end":{"line":50,"column":3}},"type":"if","locations":[{"start":{"line":44,"column":2},"end":{"line":50,"column":3}},{"start":{},"end":{}}],"line":44},"5":{"loc":{"start":{"line":46,"column":6},"end":{"line":48,"column":7}},"type":"if","locations":[{"start":{"line":46,"column":6},"end":{"line":48,"column":7}},{"start":{},"end":{}}],"line":46},"6":{"loc":{"start":{"line":57,"column":4},"end":{"line":65,"column":5}},"type":"if","locations":[{"start":{"line":57,"column":4},"end":{"line":65,"column":5}},{"start":{},"end":{}}],"line":57},"7":{"loc":{"start":{"line":67,"column":22},"end":{"line":67,"column":42}},"type":"binary-expr","locations":[{"start":{"line":67,"column":22},"end":{"line":67,"column":36}},{"start":{"line":67,"column":40},"end":{"line":67,"column":42}}],"line":67},"8":{"loc":{"start":{"line":70,"column":4},"end":{"line":84,"column":5}},"type":"if","locations":[{"start":{"line":70,"column":4},"end":{"line":84,"column":5}},{"start":{},"end":{}}],"line":70},"9":{"loc":{"start":{"line":90,"column":36},"end":{"line":90,"column":70}},"type":"default-arg","locations":[{"start":{"line":90,"column":48},"end":{"line":90,"column":70}}],"line":90},"10":{"loc":{"start":{"line":96,"column":13},"end":{"line":96,"column":35}},"type":"binary-expr","locations":[{"start":{"line":96,"column":13},"end":{"line":96,"column":23}},{"start":{"line":96,"column":27},"end":{"line":96,"column":35}}],"line":96}},"s":{"0":0,"1":0,"2":0,"3":0,"4":0,"5":0,"6":0,"7":0,"8":0,"9":0,"10":0,"11":0,"12":0,"13":0,"14":0,"15":0,"16":0,"17":0,"18":0,"19":0,"20":0,"21":0,"22":0,"23":0,"24":0,"25":0,"26":0,"27":0,"28":0,"29":0,"30":0,"31":0,"32":0,"33":0,"34":0,"35":0,"36":0,"37":0,"38":0,"39":0},"f":{"0":0,"1":0,"2":0,"3":0,"4":0,"5":0,"6":0,"7":0,"8":0,"9":0},"b":{"0":[0,0],"1":[0,0],"2":[0,0],"3":[0,0],"4":[0,0],"5":[0,0],"6":[0,0],"7":[0,0],"8":[0,0],"9":[0],"10":[0,0]},"inputSourceMap":null}
,"/home/runner/work/global-anti-ccp-resistance-hub/global-anti-ccp-resistance-hub/backend/src/middleware/errorHandler.js": {"path":"/home/runner/work/global-anti-ccp-resistance-hub/global-anti-ccp-resistance-hub/backend/src/middleware/errorHandler.js","statementMap":{"0":{"start":{"line":3,"column":28},"end":{"line":73,"column":1}},"1":{"start":{"line":5,"column":2},"end":{"line":12,"column":5}},"2":{"start":{"line":15,"column":2},"end":{"line":29,"column":3}},"3":{"start":{"line":16,"column":20},"end":{"line":19,"column":7}},"4":{"start":{"line":16,"column":47},"end":{"line":19,"column":5}},"5":{"start":{"line":21,"column":4},"end":{"line":28,"column":7}},"6":{"start":{"line":32,"column":2},"end":{"line":40,"column":3}},"7":{"start":{"line":33,"column":4},"end":{"line":39,"column":7}},"8":{"start":{"line":42,"column":2},"end":{"line":50,"column":3}},"9":{"start":{"line":43,"column":4},"end":{"line":49,"column":7}},"10":{"start":{"line":53,"column":2},"end":{"line":61,"column":3}},"11":{"start":{"line":54,"column":4},"end":{"line":60,"column":7}},"12":{"start":{"line":64,"column":2},"end":{"line":72,"column":5}},"13":{"start":{"line":77,"column":4},"end":{"line":77,"column":19}},"14":{"start":{"line":78,"column":4},"end":{"line":78,"column":33}},"15":{"start":{"line":79,"column":4},"end":{"line":79,"column":21}},"16":{"start":{"line":80,"column":4},"end":{"line":80,"column":52}},"17":{"start":{"line":86,"column":4},"end":{"line":86,"column":44}},"18":{"start":{"line":92,"column":4},"end":{"line":92,"column":37}},"19":{"start":{"line":98,"column":4},"end":{"line":98,"column":40}},"20":{"start":{"line":104,"column":4},"end":{"line":104,"column":37}},"21":{"start":{"line":110,"column":4},"end":{"line":110,"column":36}}},"fnMap":{"0":{"name":"(anonymous_0)","decl":{"start":{"line":3,"column":28},"end":{"line":3,"column":29}},"loc":{"start":{"line":3,"column":53},"end":{"line":73,"column":1}},"line":3},"1":{"name":"(anonymous_1)","decl":{"start":{"line":16,"column":36},"end":{"line":16,"column":37}},"loc":{"start":{"line":16,"column":47},"end":{"line":19,"column":5}},"line":16},"2":{"name":"(anonymous_2)","decl":{"start":{"line":76,"column":2},"end":{"line":76,"column":3}},"loc":{"start":{"line":76,"column":57},"end":{"line":81,"column":3}},"line":76},"3":{"name":"(anonymous_3)","decl":{"start":{"line":85,"column":2},"end":{"line":85,"column":3}},"loc":{"start":{"line":85,"column":23},"end":{"line":87,"column":3}},"line":85},"4":{"name":"(anonymous_4)","decl":{"start":{"line":91,"column":2},"end":{"line":91,"column":3}},"loc":{"start":{"line":91,"column":46},"end":{"line":93,"column":3}},"line":91},"5":{"name":"(anonymous_5)","decl":{"start":{"line":97,"column":2},"end":{"line":97,"column":3}},"loc":{"start":{"line":97,"column":40},"end":{"line":99,"column":3}},"line":97},"6":{"name":"(anonymous_6)","decl":{"start":{"line":103,"column":2},"end":{"line":103,"column":3}},"loc":{"start":{"line":103,"column":37},"end":{"line":105,"column":3}},"line":103},"7":{"name":"(anonymous_7)","decl":{"start":{"line":109,"column":2},"end":{"line":109,"column":3}},"loc":{"start":{"line":109,"column":51},"end":{"line":111,"column":3}},"line":109}},"branchMap":{"0":{"loc":{"start":{"line":15,"column":2},"end":{"line":29,"column":3}},"type":"if","locations":[{"start":{"line":15,"column":2},"end":{"line":29,"column":3}},{"start":{},"end":{}}],"line":15},"1":{"loc":{"start":{"line":32,"column":2},"end":{"line":40,"column":3}},"type":"if","locations":[{"start":{"line":32,"column":2},"end":{"line":40,"column":3}},{"start":{},"end":{}}],"line":32},"2":{"loc":{"start":{"line":42,"column":2},"end":{"line":50,"column":3}},"type":"if","locations":[{"start":{"line":42,"column":2},"end":{"line":50,"column":3}},{"start":{},"end":{}}],"line":42},"3":{"loc":{"start":{"line":53,"column":2},"end":{"line":61,"column":3}},"type":"if","locations":[{"start":{"line":53,"column":2},"end":{"line":61,"column":3}},{"start":{},"end":{}}],"line":53},"4":{"loc":{"start":{"line":57,"column":14},"end":{"line":57,"column":33}},"type":"binary-expr","locations":[{"start":{"line":57,"column":14},"end":{"line":57,"column":22}},{"start":{"line":57,"column":26},"end":{"line":57,"column":33}}],"line":57},"5":{"loc":{"start":{"line":68,"column":15},"end":{"line":70,"column":21}},"type":"cond-expr","locations":[{"start":{"line":69,"column":10},"end":{"line":69,"column":54}},{"start":{"line":70,"column":10},"end":{"line":70,"column":21}}],"line":68},"6":{"loc":{"start":{"line":76,"column":23},"end":{"line":76,"column":39}},"type":"default-arg","locations":[{"start":{"line":76,"column":36},"end":{"line":76,"column":39}}],"line":76},"7":{"loc":{"start":{"line":76,"column":41},"end":{"line":76,"column":55}},"type":"default-arg","locations":[{"start":{"line":76,"column":48},"end":{"line":76,"column":55}}],"line":76},"8":{"loc":{"start":{"line":91,"column":14},"end":{"line":91,"column":44}},"type":"default-arg","locations":[{"start":{"line":91,"column":24},"end":{"line":91,"column":44}}],"line":91},"9":{"loc":{"start":{"line":97,"column":14},"end":{"line":97,"column":38}},"type":"default-arg","locations":[{"start":{"line":97,"column":24},"end":{"line":97,"column":38}}],"line":97},"10":{"loc":{"start":{"line":103,"column":14},"end":{"line":103,"column":35}},"type":"default-arg","locations":[{"start":{"line":103,"column":24},"end":{"line":103,"column":35}}],"line":103},"11":{"loc":{"start":{"line":109,"column":14},"end":{"line":109,"column":49}},"type":"default-arg","locations":[{"start":{"line":109,"column":24},"end":{"line":109,"column":49}}],"line":109}},"s":{"0":0,"1":0,"2":0,"3":0,"4":0,"5":0,"6":0,"7":0,"8":0,"9":0,"10":0,"11":0,"12":0,"13":0,"14":0,"15":0,"16":0,"17":0,"18":0,"19":0,"20":0,"21":0},"f":{"0":0,"1":0,"2":0,"3":0,"4":0,"5":0,"6":0,"7":0},"b":{"0":[0,0],"1":[0,0],"2":[0,0],"3":[0,0],"4":[0,0],"5":[0,0],"6":[0],"7":[0],"8":[0],"9":[0],"10":[0],"11":[0]},"inputSourceMap":null}
,"/home/runner/work/global-anti-ccp-resistance-hub/global-anti-ccp-resistance-hub/backend/src/middleware/requestLogger.js": {"path":"/home/runner/work/global-anti-ccp-resistance-hub/global-anti-ccp-resistance-hub/backend/src/middleware/requestLogger.js","statementMap":{"0":{"start":{"line":3,"column":29},"end":{"line":30,"column":1}},"1":{"start":{"line":4,"column":16},"end":{"line":4,"column":26}},"2":{"start":{"line":7,"column":2},"end":{"line":12,"column":5}},"3":{"start":{"line":15,"column":2},"end":{"line":27,"column":5}},"4":{"start":{"line":16,"column":21},"end":{"line":16,"column":39}},"5":{"start":{"line":17,"column":21},"end":{"line":17,"column":60}},"6":{"start":{"line":19,"column":4},"end":{"line":26,"column":7}},"7":{"start":{"line":29,"column":2},"end":{"line":29,"column":9}}},"fnMap":{"0":{"name":"(anonymous_0)","decl":{"start":{"line":3,"column":29},"end":{"line":3,"column":30}},"loc":{"start":{"line":3,"column":49},"end":{"line":30,"column":1}},"line":3},"1":{"name":"(anonymous_1)","decl":{"start":{"line":15,"column":19},"end":{"line":15,"column":20}},"loc":{"start":{"line":15,"column":25},"end":{"line":27,"column":3}},"line":15}},"branchMap":{"0":{"loc":{"start":{"line":17,"column":21},"end":{"line":17,"column":60}},"type":"cond-expr","locations":[{"start":{"line":17,"column":45},"end":{"line":17,"column":51}},{"start":{"line":17,"column":54},"end":{"line":17,"column":60}}],"line":17}},"s":{"0":0,"1":0,"2":0,"3":0,"4":0,"5":0,"6":0,"7":0},"f":{"0":0,"1":0},"b":{"0":[0,0]},"inputSourceMap":null}
,"/home/runner/work/global-anti-ccp-resistance-hub/global-anti-ccp-resistance-hub/backend/src/middleware/socketAuth.js": {"path":"/home/runner/work/global-anti-ccp-resistance-hub/global-anti-ccp-resistance-hub/backend/src/middleware/socketAuth.js","statementMap":{"0":{"start":{"line":4,"column":19},"end":{"line":4,"column":83}},"1":{"start":{"line":10,"column":36},"end":{"line":40,"column":1}},"2":{"start":{"line":11,"column":2},"end":{"line":39,"column":3}},"3":{"start":{"line":13,"column":18},"end":{"line":13,"column":77}},"4":{"start":{"line":15,"column":4},"end":{"line":18,"column":5}},"5":{"start":{"line":16,"column":6},"end":{"line":16,"column":86}},"6":{"start":{"line":17,"column":6},"end":{"line":17,"column":56}},"7":{"start":{"line":21,"column":20},"end":{"line":21,"column":49}},"8":{"start":{"line":24,"column":4},"end":{"line":24,"column":35}},"9":{"start":{"line":25,"column":4},"end":{"line":25,"column":43}},"10":{"start":{"line":27,"column":4},"end":{"line":30,"column":7}},"11":{"start":{"line":32,"column":4},"end":{"line":32,"column":11}},"12":{"start":{"line":34,"column":4},"end":{"line":37,"column":7}},"13":{"start":{"line":38,"column":4},"end":{"line":38,"column":48}},"14":{"start":{"line":45,"column":27},"end":{"line":56,"column":1}},"15":{"start":{"line":46,"column":2},"end":{"line":54,"column":3}},"16":{"start":{"line":47,"column":4},"end":{"line":52,"column":7}},"17":{"start":{"line":53,"column":4},"end":{"line":53,"column":17}},"18":{"start":{"line":55,"column":2},"end":{"line":55,"column":14}}},"fnMap":{"0":{"name":"(anonymous_0)","decl":{"start":{"line":10,"column":36},"end":{"line":10,"column":37}},"loc":{"start":{"line":10,"column":54},"end":{"line":40,"column":1}},"line":10},"1":{"name":"(anonymous_1)","decl":{"start":{"line":45,"column":27},"end":{"line":45,"column":28}},"loc":{"start":{"line":45,"column":53},"end":{"line":56,"column":1}},"line":45}},"branchMap":{"0":{"loc":{"start":{"line":4,"column":19},"end":{"line":4,"column":83}},"type":"binary-expr","locations":[{"start":{"line":4,"column":19},"end":{"line":4,"column":41}},{"start":{"line":4,"column":45},"end":{"line":4,"column":83}}],"line":4},"1":{"loc":{"start":{"line":13,"column":18},"end":{"line":13,"column":77}},"type":"binary-expr","locations":[{"start":{"line":13,"column":18},"end":{"line":13,"column":45}},{"start":{"line":13,"column":49},"end":{"line":13,"column":77}}],"line":13},"2":{"loc":{"start":{"line":15,"column":4},"end":{"line":18,"column":5}},"type":"if","locations":[{"start":{"line":15,"column":4},"end":{"line":18,"column":5}},{"start":{},"end":{}}],"line":15},"3":{"loc":{"start":{"line":25,"column":23},"end":{"line":25,"column":42}},"type":"binary-expr","locations":[{"start":{"line":25,"column":23},"end":{"line":25,"column":36}},{"start":{"line":25,"column":40},"end":{"line":25,"column":42}}],"line":25},"4":{"loc":{"start":{"line":46,"column":2},"end":{"line":54,"column":3}},"type":"if","locations":[{"start":{"line":46,"column":2},"end":{"line":54,"column":3}},{"start":{},"end":{}}],"line":46},"5":{"loc":{"start":{"line":46,"column":6},"end":{"line":46,"column":67}},"type":"binary-expr","locations":[{"start":{"line":46,"column":6},"end":{"line":46,"column":23}},{"start":{"line":46,"column":27},"end":{"line":46,"column":67}}],"line":46}},"s":{"0":0,"1":0,"2":0,"3":0,"4":0,"5":0,"6":0,"7":0,"8":0,"9":0,"10":0,"11":0,"12":0,"13":0,"14":0,"15":0,"16":0,"17":0,"18":0},"f":{"0":0,"1":0},"b":{"0":[0,0],"1":[0,0],"2":[0,0],"3":[0,0],"4":[0,0],"5":[0,0]},"inputSourceMap":null}
,"/home/runner/work/global-anti-ccp-resistance-hub/global-anti-ccp-resistance-hub/backend/src/routes/auth.js": {"path":"/home/runner/work/global-anti-ccp-resistance-hub/global-anti-ccp-resistance-hub/backend/src/routes/auth.js","statementMap":{"0":{"start":{"line":7,"column":15},"end":{"line":7,"column":31}},"1":{"start":{"line":12,"column":0},"end":{"line":31,"column":3}},"2":{"start":{"line":13,"column":2},"end":{"line":30,"column":3}},"3":{"start":{"line":14,"column":63},"end":{"line":14,"column":80}},"4":{"start":{"line":15,"column":22},"end":{"line":15,"column":28}},"5":{"start":{"line":16,"column":22},"end":{"line":16,"column":43}},"6":{"start":{"line":18,"column":19},"end":{"line":22,"column":5}},"7":{"start":{"line":24,"column":4},"end":{"line":27,"column":7}},"8":{"start":{"line":29,"column":4},"end":{"line":29,"column":16}},"9":{"start":{"line":36,"column":0},"end":{"line":59,"column":3}},"10":{"start":{"line":37,"column":2},"end":{"line":58,"column":3}},"11":{"start":{"line":38,"column":22},"end":{"line":38,"column":30}},"12":{"start":{"line":40,"column":4},"end":{"line":48,"column":5}},"13":{"start":{"line":41,"column":6},"end":{"line":47,"column":9}},"14":{"start":{"line":50,"column":19},"end":{"line":50,"column":55}},"15":{"start":{"line":52,"column":4},"end":{"line":55,"column":7}},"16":{"start":{"line":57,"column":4},"end":{"line":57,"column":16}},"17":{"start":{"line":64,"column":0},"end":{"line":79,"column":3}},"18":{"start":{"line":65,"column":2},"end":{"line":78,"column":3}},"19":{"start":{"line":66,"column":32},"end":{"line":66,"column":49}},"20":{"start":{"line":67,"column":22},"end":{"line":67,"column":28}},"21":{"start":{"line":68,"column":22},"end":{"line":68,"column":43}},"22":{"start":{"line":70,"column":19},"end":{"line":70,"column":81}},"23":{"start":{"line":72,"column":4},"end":{"line":75,"column":7}},"24":{"start":{"line":77,"column":4},"end":{"line":77,"column":16}},"25":{"start":{"line":84,"column":0},"end":{"line":110,"column":3}},"26":{"start":{"line":85,"column":2},"end":{"line":109,"column":3}},"27":{"start":{"line":86,"column":29},"end":{"line":86,"column":37}},"28":{"start":{"line":88,"column":4},"end":{"line":96,"column":5}},"29":{"start":{"line":89,"column":6},"end":{"line":95,"column":9}},"30":{"start":{"line":98,"column":22},"end":{"line":98,"column":28}},"31":{"start":{"line":99,"column":22},"end":{"line":99,"column":43}},"32":{"start":{"line":101,"column":19},"end":{"line":101,"column":91}},"33":{"start":{"line":103,"column":4},"end":{"line":106,"column":7}},"34":{"start":{"line":108,"column":4},"end":{"line":108,"column":16}},"35":{"start":{"line":115,"column":0},"end":{"line":128,"column":3}},"36":{"start":{"line":116,"column":2},"end":{"line":127,"column":3}},"37":{"start":{"line":117,"column":22},"end":{"line":117,"column":39}},"38":{"start":{"line":119,"column":19},"end":{"line":119,"column":64}},"39":{"start":{"line":121,"column":4},"end":{"line":124,"column":7}},"40":{"start":{"line":126,"column":4},"end":{"line":126,"column":16}},"41":{"start":{"line":133,"column":0},"end":{"line":146,"column":3}},"42":{"start":{"line":134,"column":2},"end":{"line":145,"column":3}},"43":{"start":{"line":135,"column":35},"end":{"line":135,"column":52}},"44":{"start":{"line":137,"column":19},"end":{"line":137,"column":70}},"45":{"start":{"line":139,"column":4},"end":{"line":142,"column":7}},"46":{"start":{"line":144,"column":4},"end":{"line":144,"column":16}},"47":{"start":{"line":151,"column":0},"end":{"line":162,"column":3}},"48":{"start":{"line":152,"column":2},"end":{"line":161,"column":3}},"49":{"start":{"line":153,"column":19},"end":{"line":153,"column":84}},"50":{"start":{"line":155,"column":4},"end":{"line":158,"column":7}},"51":{"start":{"line":160,"column":4},"end":{"line":160,"column":16}},"52":{"start":{"line":167,"column":0},"end":{"line":179,"column":3}},"53":{"start":{"line":168,"column":2},"end":{"line":178,"column":3}},"54":{"start":{"line":169,"column":28},"end":{"line":169,"column":70}},"55":{"start":{"line":170,"column":17},"end":{"line":170,"column":47}},"56":{"start":{"line":172,"column":4},"end":{"line":175,"column":7}},"57":{"start":{"line":177,"column":4},"end":{"line":177,"column":16}}},"fnMap":{"0":{"name":"(anonymous_0)","decl":{"start":{"line":12,"column":51},"end":{"line":12,"column":52}},"loc":{"start":{"line":12,"column":77},"end":{"line":31,"column":1}},"line":12},"1":{"name":"(anonymous_1)","decl":{"start":{"line":36,"column":29},"end":{"line":36,"column":30}},"loc":{"start":{"line":36,"column":55},"end":{"line":59,"column":1}},"line":36},"2":{"name":"(anonymous_2)","decl":{"start":{"line":64,"column":45},"end":{"line":64,"column":46}},"loc":{"start":{"line":64,"column":71},"end":{"line":79,"column":1}},"line":64},"3":{"name":"(anonymous_3)","decl":{"start":{"line":84,"column":24},"end":{"line":84,"column":25}},"loc":{"start":{"line":84,"column":50},"end":{"line":110,"column":1}},"line":84},"4":{"name":"(anonymous_4)","decl":{"start":{"line":115,"column":64},"end":{"line":115,"column":65}},"loc":{"start":{"line":115,"column":90},"end":{"line":128,"column":1}},"line":115},"5":{"name":"(anonymous_5)","decl":{"start":{"line":133,"column":62},"end":{"line":133,"column":63}},"loc":{"start":{"line":133,"column":88},"end":{"line":146,"column":1}},"line":133},"6":{"name":"(anonymous_6)","decl":{"start":{"line":151,"column":42},"end":{"line":151,"column":43}},"loc":{"start":{"line":151,"column":68},"end":{"line":162,"column":1}},"line":151},"7":{"name":"(anonymous_7)","decl":{"start":{"line":167,"column":37},"end":{"line":167,"column":38}},"loc":{"start":{"line":167,"column":63},"end":{"line":179,"column":1}},"line":167}},"branchMap":{"0":{"loc":{"start":{"line":40,"column":4},"end":{"line":48,"column":5}},"type":"if","locations":[{"start":{"line":40,"column":4},"end":{"line":48,"column":5}},{"start":{},"end":{}}],"line":40},"1":{"loc":{"start":{"line":88,"column":4},"end":{"line":96,"column":5}},"type":"if","locations":[{"start":{"line":88,"column":4},"end":{"line":96,"column":5}},{"start":{},"end":{}}],"line":88}},"s":{"0":0,"1":0,"2":0,"3":0,"4":0,"5":0,"6":0,"7":0,"8":0,"9":0,"10":0,"11":0,"12":0,"13":0,"14":0,"15":0,"16":0,"17":0,"18":0,"19":0,"20":0,"21":0,"22":0,"23":0,"24":0,"25":0,"26":0,"27":0,"28":0,"29":0,"30":0,"31":0,"32":0,"33":0,"34":0,"35":0,"36":0,"37":0,"38":0,"39":0,"40":0,"41":0,"42":0,"43":0,"44":0,"45":0,"46":0,"47":0,"48":0,"49":0,"50":0,"51":0,"52":0,"53":0,"54":0,"55":0,"56":0,"57":0},"f":{"0":0,"1":0,"2":0,"3":0,"4":0,"5":0,"6":0,"7":0},"b":{"0":[0,0],"1":[0,0]},"inputSourceMap":null}
,"/home/runner/work/global-anti-ccp-resistance-hub/global-anti-ccp-resistance-hub/backend/src/routes/campaigns.js": {"path":"/home/runner/work/global-anti-ccp-resistance-hub/global-anti-ccp-resistance-hub/backend/src/routes/campaigns.js","statementMap":{"0":{"start":{"line":7,"column":15},"end":{"line":7,"column":31}},"1":{"start":{"line":12,"column":0},"end":{"line":25,"column":3}},"2":{"start":{"line":13,"column":2},"end":{"line":24,"column":3}},"3":{"start":{"line":14,"column":20},"end":{"line":14,"column":38}},"4":{"start":{"line":15,"column":19},"end":{"line":15,"column":62}},"5":{"start":{"line":17,"column":4},"end":{"line":21,"column":7}},"6":{"start":{"line":23,"column":4},"end":{"line":23,"column":16}},"7":{"start":{"line":30,"column":0},"end":{"line":55,"column":3}},"8":{"start":{"line":31,"column":2},"end":{"line":54,"column":3}},"9":{"start":{"line":32,"column":19},"end":{"line":32,"column":29}},"10":{"start":{"line":35,"column":21},"end":{"line":37,"column":51}},"11":{"start":{"line":39,"column":4},"end":{"line":42,"column":7}},"12":{"start":{"line":44,"column":4},"end":{"line":52,"column":5}},"13":{"start":{"line":45,"column":6},"end":{"line":51,"column":9}},"14":{"start":{"line":53,"column":4},"end":{"line":53,"column":16}},"15":{"start":{"line":60,"column":0},"end":{"line":80,"column":3}},"16":{"start":{"line":61,"column":2},"end":{"line":79,"column":3}},"17":{"start":{"line":62,"column":19},"end":{"line":62,"column":29}},"18":{"start":{"line":63,"column":51},"end":{"line":63,"column":60}},"19":{"start":{"line":65,"column":19},"end":{"line":70,"column":6}},"20":{"start":{"line":72,"column":4},"end":{"line":76,"column":7}},"21":{"start":{"line":78,"column":4},"end":{"line":78,"column":16}},"22":{"start":{"line":85,"column":0},"end":{"line":109,"column":3}},"23":{"start":{"line":86,"column":2},"end":{"line":108,"column":3}},"24":{"start":{"line":87,"column":25},"end":{"line":87,"column":42}},"25":{"start":{"line":88,"column":19},"end":{"line":88,"column":30}},"26":{"start":{"line":90,"column":21},"end":{"line":90,"column":79}},"27":{"start":{"line":92,"column":4},"end":{"line":96,"column":7}},"28":{"start":{"line":98,"column":4},"end":{"line":106,"column":5}},"29":{"start":{"line":99,"column":6},"end":{"line":105,"column":9}},"30":{"start":{"line":107,"column":4},"end":{"line":107,"column":16}},"31":{"start":{"line":114,"column":0},"end":{"line":154,"column":3}},"32":{"start":{"line":115,"column":2},"end":{"line":153,"column":3}},"33":{"start":{"line":116,"column":19},"end":{"line":116,"column":29}},"34":{"start":{"line":117,"column":20},"end":{"line":117,"column":37}},"35":{"start":{"line":118,"column":19},"end":{"line":118,"column":30}},"36":{"start":{"line":121,"column":21},"end":{"line":121,"column":72}},"37":{"start":{"line":122,"column":22},"end":{"line":122,"column":52}},"38":{"start":{"line":123,"column":20},"end":{"line":123,"column":70}},"39":{"start":{"line":125,"column":4},"end":{"line":133,"column":5}},"40":{"start":{"line":126,"column":6},"end":{"line":132,"column":9}},"41":{"start":{"line":135,"column":28},"end":{"line":135,"column":95}},"42":{"start":{"line":137,"column":4},"end":{"line":141,"column":7}},"43":{"start":{"line":143,"column":4},"end":{"line":151,"column":5}},"44":{"start":{"line":144,"column":6},"end":{"line":150,"column":9}},"45":{"start":{"line":152,"column":4},"end":{"line":152,"column":16}},"46":{"start":{"line":159,"column":0},"end":{"line":197,"column":3}},"47":{"start":{"line":160,"column":2},"end":{"line":196,"column":3}},"48":{"start":{"line":161,"column":19},"end":{"line":161,"column":29}},"49":{"start":{"line":162,"column":19},"end":{"line":162,"column":30}},"50":{"start":{"line":165,"column":21},"end":{"line":165,"column":72}},"51":{"start":{"line":166,"column":22},"end":{"line":166,"column":52}},"52":{"start":{"line":167,"column":20},"end":{"line":167,"column":70}},"53":{"start":{"line":169,"column":4},"end":{"line":177,"column":5}},"54":{"start":{"line":170,"column":6},"end":{"line":176,"column":9}},"55":{"start":{"line":179,"column":4},"end":{"line":179,"column":63}},"56":{"start":{"line":181,"column":4},"end":{"line":184,"column":7}},"57":{"start":{"line":186,"column":4},"end":{"line":194,"column":5}},"58":{"start":{"line":187,"column":6},"end":{"line":193,"column":9}},"59":{"start":{"line":195,"column":4},"end":{"line":195,"column":16}},"60":{"start":{"line":202,"column":0},"end":{"line":244,"column":3}},"61":{"start":{"line":203,"column":2},"end":{"line":243,"column":3}},"62":{"start":{"line":204,"column":19},"end":{"line":204,"column":29}},"63":{"start":{"line":205,"column":19},"end":{"line":205,"column":30}},"64":{"start":{"line":206,"column":35},"end":{"line":206,"column":43}},"65":{"start":{"line":208,"column":19},"end":{"line":208,"column":81}},"66":{"start":{"line":210,"column":4},"end":{"line":213,"column":7}},"67":{"start":{"line":215,"column":4},"end":{"line":223,"column":5}},"68":{"start":{"line":216,"column":6},"end":{"line":222,"column":9}},"69":{"start":{"line":224,"column":4},"end":{"line":232,"column":5}},"70":{"start":{"line":225,"column":6},"end":{"line":231,"column":9}},"71":{"start":{"line":233,"column":4},"end":{"line":241,"column":5}},"72":{"start":{"line":234,"column":6},"end":{"line":240,"column":9}},"73":{"start":{"line":242,"column":4},"end":{"line":242,"column":16}},"74":{"start":{"line":249,"column":0},"end":{"line":272,"column":3}},"75":{"start":{"line":250,"column":2},"end":{"line":271,"column":3}},"76":{"start":{"line":251,"column":19},"end":{"line":251,"column":29}},"77":{"start":{"line":252,"column":19},"end":{"line":252,"column":30}},"78":{"start":{"line":254,"column":19},"end":{"line":254,"column":76}},"79":{"start":{"line":256,"column":4},"end":{"line":259,"column":7}},"80":{"start":{"line":261,"column":4},"end":{"line":269,"column":5}},"81":{"start":{"line":262,"column":6},"end":{"line":268,"column":9}},"82":{"start":{"line":270,"column":4},"end":{"line":270,"column":16}},"83":{"start":{"line":277,"column":0},"end":{"line":317,"column":3}},"84":{"start":{"line":278,"column":2},"end":{"line":316,"column":3}},"85":{"start":{"line":279,"column":19},"end":{"line":279,"column":29}},"86":{"start":{"line":280,"column":29},"end":{"line":280,"column":46}},"87":{"start":{"line":281,"column":19},"end":{"line":281,"column":30}},"88":{"start":{"line":284,"column":21},"end":{"line":284,"column":72}},"89":{"start":{"line":285,"column":22},"end":{"line":285,"column":52}},"90":{"start":{"line":286,"column":20},"end":{"line":286,"column":70}},"91":{"start":{"line":288,"column":4},"end":{"line":296,"column":5}},"92":{"start":{"line":289,"column":6},"end":{"line":295,"column":9}},"93":{"start":{"line":298,"column":28},"end":{"line":298,"column":108}},"94":{"start":{"line":300,"column":4},"end":{"line":304,"column":7}},"95":{"start":{"line":306,"column":4},"end":{"line":314,"column":5}},"96":{"start":{"line":307,"column":6},"end":{"line":313,"column":9}},"97":{"start":{"line":315,"column":4},"end":{"line":315,"column":16}}},"fnMap":{"0":{"name":"(anonymous_0)","decl":{"start":{"line":12,"column":67},"end":{"line":12,"column":68}},"loc":{"start":{"line":12,"column":93},"end":{"line":25,"column":1}},"line":12},"1":{"name":"(anonymous_1)","decl":{"start":{"line":30,"column":33},"end":{"line":30,"column":34}},"loc":{"start":{"line":30,"column":59},"end":{"line":55,"column":1}},"line":30},"2":{"name":"(anonymous_2)","decl":{"start":{"line":60,"column":27},"end":{"line":60,"column":28}},"loc":{"start":{"line":60,"column":53},"end":{"line":80,"column":1}},"line":60},"3":{"name":"(anonymous_3)","decl":{"start":{"line":85,"column":68},"end":{"line":85,"column":69}},"loc":{"start":{"line":85,"column":94},"end":{"line":109,"column":1}},"line":85},"4":{"name":"(anonymous_4)","decl":{"start":{"line":114,"column":70},"end":{"line":114,"column":71}},"loc":{"start":{"line":114,"column":96},"end":{"line":154,"column":1}},"line":114},"5":{"name":"(anonymous_5)","decl":{"start":{"line":159,"column":41},"end":{"line":159,"column":42}},"loc":{"start":{"line":159,"column":67},"end":{"line":197,"column":1}},"line":159},"6":{"name":"(anonymous_6)","decl":{"start":{"line":202,"column":44},"end":{"line":202,"column":45}},"loc":{"start":{"line":202,"column":70},"end":{"line":244,"column":1}},"line":202},"7":{"name":"(anonymous_7)","decl":{"start":{"line":249,"column":45},"end":{"line":249,"column":46}},"loc":{"start":{"line":249,"column":71},"end":{"line":272,"column":1}},"line":249},"8":{"name":"(anonymous_8)","decl":{"start":{"line":277,"column":80},"end":{"line":277,"column":81}},"loc":{"start":{"line":277,"column":106},"end":{"line":317,"column":1}},"line":277}},"branchMap":{"0":{"loc":{"start":{"line":35,"column":21},"end":{"line":37,"column":51}},"type":"cond-expr","locations":[{"start":{"line":36,"column":8},"end":{"line":36,"column":59}},{"start":{"line":37,"column":8},"end":{"line":37,"column":51}}],"line":35},"1":{"loc":{"start":{"line":44,"column":4},"end":{"line":52,"column":5}},"type":"if","locations":[{"start":{"line":44,"column":4},"end":{"line":52,"column":5}},{"start":{},"end":{}}],"line":44},"2":{"loc":{"start":{"line":63,"column":26},"end":{"line":63,"column":34}},"type":"default-arg","locations":[{"start":{"line":63,"column":33},"end":{"line":63,"column":34}}],"line":63},"3":{"loc":{"start":{"line":63,"column":36},"end":{"line":63,"column":46}},"type":"default-arg","locations":[{"start":{"line":63,"column":44},"end":{"line":63,"column":46}}],"line":63},"4":{"loc":{"start":{"line":98,"column":4},"end":{"line":106,"column":5}},"type":"if","locations":[{"start":{"line":98,"column":4},"end":{"line":106,"column":5}},{"start":{},"end":{}}],"line":98},"5":{"loc":{"start":{"line":123,"column":20},"end":{"line":123,"column":70}},"type":"binary-expr","locations":[{"start":{"line":123,"column":20},"end":{"line":123,"column":34}},{"start":{"line":123,"column":38},"end":{"line":123,"column":70}}],"line":123},"6":{"loc":{"start":{"line":125,"column":4},"end":{"line":133,"column":5}},"type":"if","locations":[{"start":{"line":125,"column":4},"end":{"line":133,"column":5}},{"start":{},"end":{}}],"line":125},"7":{"loc":{"start":{"line":125,"column":8},"end":{"line":125,"column":30}},"type":"binary-expr","locations":[{"start":{"line":125,"column":8},"end":{"line":125,"column":18}},{"start":{"line":125,"column":22},"end":{"line":125,"column":30}}],"line":125},"8":{"loc":{"start":{"line":143,"column":4},"end":{"line":151,"column":5}},"type":"if","locations":[{"start":{"line":143,"column":4},"end":{"line":151,"column":5}},{"start":{},"end":{}}],"line":143},"9":{"loc":{"start":{"line":167,"column":20},"end":{"line":167,"column":70}},"type":"binary-expr","locations":[{"start":{"line":167,"column":20},"end":{"line":167,"column":34}},{"start":{"line":167,"column":38},"end":{"line":167,"column":70}}],"line":167},"10":{"loc":{"start":{"line":169,"column":4},"end":{"line":177,"column":5}},"type":"if","locations":[{"start":{"line":169,"column":4},"end":{"line":177,"column":5}},{"start":{},"end":{}}],"line":169},"11":{"loc":{"start":{"line":169,"column":8},"end":{"line":169,"column":30}},"type":"binary-expr","locations":[{"start":{"line":169,"column":8},"end":{"line":169,"column":18}},{"start":{"line":169,"column":22},"end":{"line":169,"column":30}}],"line":169},"12":{"loc":{"start":{"line":186,"column":4},"end":{"line":194,"column":5}},"type":"if","locations":[{"start":{"line":186,"column":4},"end":{"line":194,"column":5}},{"start":{},"end":{}}],"line":186},"13":{"loc":{"start":{"line":186,"column":8},"end":{"line":186,"column":107}},"type":"binary-expr","locations":[{"start":{"line":186,"column":8},"end":{"line":186,"column":65}},{"start":{"line":186,"column":69},"end":{"line":186,"column":107}}],"line":186},"14":{"loc":{"start":{"line":206,"column":12},"end":{"line":206,"column":30}},"type":"default-arg","locations":[{"start":{"line":206,"column":19},"end":{"line":206,"column":30}}],"line":206},"15":{"loc":{"start":{"line":215,"column":4},"end":{"line":223,"column":5}},"type":"if","locations":[{"start":{"line":215,"column":4},"end":{"line":223,"column":5}},{"start":{},"end":{}}],"line":215},"16":{"loc":{"start":{"line":224,"column":4},"end":{"line":232,"column":5}},"type":"if","locations":[{"start":{"line":224,"column":4},"end":{"line":232,"column":5}},{"start":{},"end":{}}],"line":224},"17":{"loc":{"start":{"line":233,"column":4},"end":{"line":241,"column":5}},"type":"if","locations":[{"start":{"line":233,"column":4},"end":{"line":241,"column":5}},{"start":{},"end":{}}],"line":233},"18":{"loc":{"start":{"line":261,"column":4},"end":{"line":269,"column":5}},"type":"if","locations":[{"start":{"line":261,"column":4},"end":{"line":269,"column":5}},{"start":{},"end":{}}],"line":261},"19":{"loc":{"start":{"line":286,"column":20},"end":{"line":286,"column":70}},"type":"binary-expr","locations":[{"start":{"line":286,"column":20},"end":{"line":286,"column":34}},{"start":{"line":286,"column":38},"end":{"line":286,"column":70}}],"line":286},"20":{"loc":{"start":{"line":288,"column":4},"end":{"line":296,"column":5}},"type":"if","locations":[{"start":{"line":288,"column":4},"end":{"line":296,"column":5}},{"start":{},"end":{}}],"line":288},"21":{"loc":{"start":{"line":288,"column":8},"end":{"line":288,"column":30}},"type":"binary-expr","locations":[{"start":{"line":288,"column":8},"end":{"line":288,"column":18}},{"start":{"line":288,"column":22},"end":{"line":288,"column":30}}],"line":288},"22":{"loc":{"start":{"line":306,"column":4},"end":{"line":314,"column":5}},"type":"if","locations":[{"start":{"line":306,"column":4},"end":{"line":314,"column":5}},{"start":{},"end":{}}],"line":306}},"s":{"0":0,"1":0,"2":0,"3":0,"4":0,"5":0,"6":0,"7":0,"8":0,"9":0,"10":0,"11":0,"12":0,"13":0,"14":0,"15":0,"16":0,"17":0,"18":0,"19":0,"20":0,"21":0,"22":0,"23":0,"24":0,"25":0,"26":0,"27":0,"28":0,"29":0,"30":0,"31":0,"32":0,"33":0,"34":0,"35":0,"36":0,"37":0,"38":0,"39":0,"40":0,"41":0,"42":0,"43":0,"44":0,"45":0,"46":0,"47":0,"48":0,"49":0,"50":0,"51":0,"52":0,"53":0,"54":0,"55":0,"56":0,"57":0,"58":0,"59":0,"60":0,"61":0,"62":0,"63":0,"64":0,"65":0,"66":0,"67":0,"68":0,"69":0,"70":0,"71":0,"72":0,"73":0,"74":0,"75":0,"76":0,"77":0,"78":0,"79":0,"80":0,"81":0,"82":0,"83":0,"84":0,"85":0,"86":0,"87":0,"88":0,"89":0,"90":0,"91":0,"92":0,"93":0,"94":0,"95":0,"96":0,"97":0},"f":{"0":0,"1":0,"2":0,"3":0,"4":0,"5":0,"6":0,"7":0,"8":0},"b":{"0":[0,0],"1":[0,0],"2":[0],"3":[0],"4":[0,0],"5":[0,0],"6":[0,0],"7":[0,0],"8":[0,0],"9":[0,0],"10":[0,0],"11":[0,0],"12":[0,0],"13":[0,0],"14":[0],"15":[0,0],"16":[0,0],"17":[0,0],"18":[0,0],"19":[0,0],"20":[0,0],"21":[0,0],"22":[0,0]},"inputSourceMap":null}
,"/home/runner/work/global-anti-ccp-resistance-hub/global-anti-ccp-resistance-hub/backend/src/routes/channels.js": {"path":"/home/runner/work/global-anti-ccp-resistance-hub/global-anti-ccp-resistance-hub/backend/src/routes/channels.js","statementMap":{"0":{"start":{"line":4,"column":15},"end":{"line":4,"column":31}},"1":{"start":{"line":8,"column":0},"end":{"line":21,"column":3}},"2":{"start":{"line":9,"column":2},"end":{"line":20,"column":3}},"3":{"start":{"line":10,"column":4},"end":{"line":13,"column":7}},"4":{"start":{"line":15,"column":4},"end":{"line":15,"column":58}},"5":{"start":{"line":16,"column":4},"end":{"line":19,"column":7}}},"fnMap":{"0":{"name":"(anonymous_0)","decl":{"start":{"line":8,"column":16},"end":{"line":8,"column":17}},"loc":{"start":{"line":8,"column":36},"end":{"line":21,"column":1}},"line":8}},"branchMap":{},"s":{"0":0,"1":0,"2":0,"3":0,"4":0,"5":0},"f":{"0":0},"b":{},"inputSourceMap":null}
,"/home/runner/work/global-anti-ccp-resistance-hub/global-anti-ccp-resistance-hub/backend/src/routes/feeds.js": {"path":"/home/runner/work/global-anti-ccp-resistance-hub/global-anti-ccp-resistance-hub/backend/src/routes/feeds.js","statementMap":{"0":{"start":{"line":7,"column":15},"end":{"line":7,"column":31}},"1":{"start":{"line":14,"column":0},"end":{"line":51,"column":3}},"2":{"start":{"line":15,"column":2},"end":{"line":50,"column":3}},"3":{"start":{"line":24,"column":8},"end":{"line":24,"column":17}},"4":{"start":{"line":26,"column":20},"end":{"line":26,"column":22}},"5":{"start":{"line":27,"column":4},"end":{"line":27,"column":56}},"6":{"start":{"line":27,"column":18},"end":{"line":27,"column":56}},"7":{"start":{"line":28,"column":4},"end":{"line":28,"column":46}},"8":{"start":{"line":28,"column":18},"end":{"line":28,"column":46}},"9":{"start":{"line":29,"column":4},"end":{"line":29,"column":55}},"10":{"start":{"line":29,"column":29},"end":{"line":29,"column":55}},"11":{"start":{"line":30,"column":4},"end":{"line":30,"column":55}},"12":{"start":{"line":30,"column":29},"end":{"line":30,"column":55}},"13":{"start":{"line":31,"column":4},"end":{"line":31,"column":75}},"14":{"start":{"line":31,"column":22},"end":{"line":31,"column":75}},"15":{"start":{"line":33,"column":18},"end":{"line":37,"column":5}},"16":{"start":{"line":39,"column":4},"end":{"line":43,"column":7}},"17":{"start":{"line":45,"column":4},"end":{"line":45,"column":54}},"18":{"start":{"line":46,"column":4},"end":{"line":49,"column":7}},"19":{"start":{"line":58,"column":0},"end":{"line":74,"column":3}},"20":{"start":{"line":59,"column":2},"end":{"line":73,"column":3}},"21":{"start":{"line":60,"column":20},"end":{"line":60,"column":60}},"22":{"start":{"line":62,"column":4},"end":{"line":66,"column":7}},"23":{"start":{"line":68,"column":4},"end":{"line":68,"column":56}},"24":{"start":{"line":69,"column":4},"end":{"line":72,"column":7}},"25":{"start":{"line":81,"column":0},"end":{"line":100,"column":3}},"26":{"start":{"line":82,"column":2},"end":{"line":99,"column":3}},"27":{"start":{"line":83,"column":22},"end":{"line":83,"column":59}},"28":{"start":{"line":84,"column":27},"end":{"line":84,"column":51}},"29":{"start":{"line":86,"column":4},"end":{"line":92,"column":7}},"30":{"start":{"line":94,"column":4},"end":{"line":94,"column":54}},"31":{"start":{"line":95,"column":4},"end":{"line":98,"column":7}},"32":{"start":{"line":107,"column":0},"end":{"line":143,"column":3}},"33":{"start":{"line":108,"column":2},"end":{"line":142,"column":3}},"34":{"start":{"line":109,"column":19},"end":{"line":109,"column":29}},"35":{"start":{"line":112,"column":19},"end":{"line":112,"column":31}},"36":{"start":{"line":113,"column":4},"end":{"line":118,"column":5}},"37":{"start":{"line":114,"column":6},"end":{"line":117,"column":9}},"38":{"start":{"line":120,"column":17},"end":{"line":120,"column":58}},"39":{"start":{"line":122,"column":4},"end":{"line":127,"column":5}},"40":{"start":{"line":123,"column":6},"end":{"line":126,"column":9}},"41":{"start":{"line":130,"column":4},"end":{"line":130,"column":49}},"42":{"start":{"line":132,"column":4},"end":{"line":135,"column":7}},"43":{"start":{"line":137,"column":4},"end":{"line":137,"column":53}},"44":{"start":{"line":138,"column":4},"end":{"line":141,"column":7}},"45":{"start":{"line":150,"column":0},"end":{"line":205,"column":3}},"46":{"start":{"line":151,"column":2},"end":{"line":204,"column":3}},"47":{"start":{"line":152,"column":19},"end":{"line":152,"column":29}},"48":{"start":{"line":153,"column":25},"end":{"line":153,"column":33}},"49":{"start":{"line":155,"column":19},"end":{"line":155,"column":31}},"50":{"start":{"line":156,"column":4},"end":{"line":161,"column":5}},"51":{"start":{"line":157,"column":6},"end":{"line":160,"column":9}},"52":{"start":{"line":164,"column":27},"end":{"line":164,"column":105}},"53":{"start":{"line":165,"column":4},"end":{"line":170,"column":5}},"54":{"start":{"line":166,"column":6},"end":{"line":169,"column":9}},"55":{"start":{"line":173,"column":17},"end":{"line":173,"column":21}},"56":{"start":{"line":174,"column":23},"end":{"line":174,"column":48}},"57":{"start":{"line":175,"column":4},"end":{"line":184,"column":5}},"58":{"start":{"line":176,"column":6},"end":{"line":183,"column":7}},"59":{"start":{"line":177,"column":20},"end":{"line":177,"column":48}},"60":{"start":{"line":178,"column":22},"end":{"line":178,"column":45}},"61":{"start":{"line":179,"column":24},"end":{"line":179,"column":73}},"62":{"start":{"line":180,"column":8},"end":{"line":180,"column":32}},"63":{"start":{"line":186,"column":4},"end":{"line":192,"column":6}},"64":{"start":{"line":194,"column":4},"end":{"line":197,"column":7}},"65":{"start":{"line":199,"column":4},"end":{"line":199,"column":50}},"66":{"start":{"line":200,"column":4},"end":{"line":203,"column":7}},"67":{"start":{"line":212,"column":0},"end":{"line":233,"column":3}},"68":{"start":{"line":213,"column":2},"end":{"line":232,"column":3}},"69":{"start":{"line":215,"column":19},"end":{"line":215,"column":48}},"70":{"start":{"line":217,"column":4},"end":{"line":225,"column":7}},"71":{"start":{"line":227,"column":4},"end":{"line":227,"column":55}},"72":{"start":{"line":228,"column":4},"end":{"line":231,"column":7}},"73":{"start":{"line":240,"column":0},"end":{"line":255,"column":3}},"74":{"start":{"line":241,"column":2},"end":{"line":254,"column":3}},"75":{"start":{"line":242,"column":18},"end":{"line":242,"column":42}},"76":{"start":{"line":244,"column":4},"end":{"line":247,"column":7}},"77":{"start":{"line":249,"column":4},"end":{"line":249,"column":59}},"78":{"start":{"line":250,"column":4},"end":{"line":253,"column":7}}},"fnMap":{"0":{"name":"(anonymous_0)","decl":{"start":{"line":14,"column":16},"end":{"line":14,"column":17}},"loc":{"start":{"line":14,"column":36},"end":{"line":51,"column":1}},"line":14},"1":{"name":"(anonymous_1)","decl":{"start":{"line":58,"column":23},"end":{"line":58,"column":24}},"loc":{"start":{"line":58,"column":43},"end":{"line":74,"column":1}},"line":58},"2":{"name":"(anonymous_2)","decl":{"start":{"line":81,"column":21},"end":{"line":81,"column":22}},"loc":{"start":{"line":81,"column":41},"end":{"line":100,"column":1}},"line":81},"3":{"name":"(anonymous_3)","decl":{"start":{"line":107,"column":19},"end":{"line":107,"column":20}},"loc":{"start":{"line":107,"column":39},"end":{"line":143,"column":1}},"line":107},"4":{"name":"(anonymous_4)","decl":{"start":{"line":150,"column":26},"end":{"line":150,"column":27}},"loc":{"start":{"line":150,"column":46},"end":{"line":205,"column":1}},"line":150},"5":{"name":"(anonymous_5)","decl":{"start":{"line":212,"column":40},"end":{"line":212,"column":41}},"loc":{"start":{"line":212,"column":60},"end":{"line":233,"column":1}},"line":212},"6":{"name":"(anonymous_6)","decl":{"start":{"line":240,"column":31},"end":{"line":240,"column":32}},"loc":{"start":{"line":240,"column":51},"end":{"line":255,"column":1}},"line":240}},"branchMap":{"0":{"loc":{"start":{"line":17,"column":6},"end":{"line":17,"column":16}},"type":"default-arg","locations":[{"start":{"line":17,"column":14},"end":{"line":17,"column":16}}],"line":17},"1":{"loc":{"start":{"line":18,"column":6},"end":{"line":18,"column":16}},"type":"default-arg","locations":[{"start":{"line":18,"column":15},"end":{"line":18,"column":16}}],"line":18},"2":{"loc":{"start":{"line":27,"column":4},"end":{"line":27,"column":56}},"type":"if","locations":[{"start":{"line":27,"column":4},"end":{"line":27,"column":56}},{"start":{},"end":{}}],"line":27},"3":{"loc":{"start":{"line":28,"column":4},"end":{"line":28,"column":46}},"type":"if","locations":[{"start":{"line":28,"column":4},"end":{"line":28,"column":46}},{"start":{},"end":{}}],"line":28},"4":{"loc":{"start":{"line":29,"column":4},"end":{"line":29,"column":55}},"type":"if","locations":[{"start":{"line":29,"column":4},"end":{"line":29,"column":55}},{"start":{},"end":{}}],"line":29},"5":{"loc":{"start":{"line":30,"column":4},"end":{"line":30,"column":55}},"type":"if","locations":[{"start":{"line":30,"column":4},"end":{"line":30,"column":55}},{"start":{},"end":{}}],"line":30},"6":{"loc":{"start":{"line":31,"column":4},"end":{"line":31,"column":75}},"type":"if","locations":[{"start":{"line":31,"column":4},"end":{"line":31,"column":75}},{"start":{},"end":{}}],"line":31},"7":{"loc":{"start":{"line":113,"column":4},"end":{"line":118,"column":5}},"type":"if","locations":[{"start":{"line":113,"column":4},"end":{"line":118,"column":5}},{"start":{},"end":{}}],"line":113},"8":{"loc":{"start":{"line":122,"column":4},"end":{"line":127,"column":5}},"type":"if","locations":[{"start":{"line":122,"column":4},"end":{"line":127,"column":5}},{"start":{},"end":{}}],"line":122},"9":{"loc":{"start":{"line":156,"column":4},"end":{"line":161,"column":5}},"type":"if","locations":[{"start":{"line":156,"column":4},"end":{"line":161,"column":5}},{"start":{},"end":{}}],"line":156},"10":{"loc":{"start":{"line":165,"column":4},"end":{"line":170,"column":5}},"type":"if","locations":[{"start":
[...]
:283,"column":4},"end":{"line":283,"column":11}},"130":{"start":{"line":286,"column":2},"end":{"line":286,"column":39}},"131":{"start":{"line":287,"column":2},"end":{"line":291,"column":5}},"132":{"start":{"line":293,"column":2},"end":{"line":293,"column":53}},"133":{"start":{"line":300,"column":29},"end":{"line":313,"column":1}},"134":{"start":{"line":301,"column":2},"end":{"line":305,"column":5}},"135":{"start":{"line":308,"column":2},"end":{"line":312,"column":5}},"136":{"start":{"line":319,"column":25},"end":{"line":327,"column":1}},"137":{"start":{"line":320,"column":2},"end":{"line":323,"column":5}},"138":{"start":{"line":326,"column":2},"end":{"line":326,"column":52}},"139":{"start":{"line":333,"column":20},"end":{"line":339,"column":1}},"140":{"start":{"line":334,"column":2},"end":{"line":338,"column":5}}},"fnMap":{"0":{"name":"(anonymous_0)","decl":{"start":{"line":12,"column":32},"end":{"line":12,"column":33}},"loc":{"start":{"line":12,"column":44},"end":{"line":31,"column":1}},"line":12},"1":{"name":"(anonymous_1)","decl":{"start":{"line":36,"column":27},"end":{"line":36,"column":28}},"loc":{"start":{"line":36,"column":39},"end":{"line":65,"column":1}},"line":36},"2":{"name":"(anonymous_2)","decl":{"start":{"line":38,"column":30},"end":{"line":38,"column":31}},"loc":{"start":{"line":38,"column":43},"end":{"line":38,"column":79}},"line":38},"3":{"name":"(anonymous_3)","decl":{"start":{"line":39,"column":32},"end":{"line":39,"column":33}},"loc":{"start":{"line":39,"column":45},"end":{"line":39,"column":83}},"line":39},"4":{"name":"(anonymous_4)","decl":{"start":{"line":40,"column":37},"end":{"line":40,"column":38}},"loc":{"start":{"line":40,"column":51},"end":{"line":40,"column":94}},"line":40},"5":{"name":"(anonymous_5)","decl":{"start":{"line":41,"column":39},"end":{"line":41,"column":40}},"loc":{"start":{"line":41,"column":53},"end":{"line":41,"column":98}},"line":41},"6":{"name":"(anonymous_6)","decl":{"start":{"line":42,"column":39},"end":{"line":42,"column":40}},"loc":{"start":{"line":42,"column":53},"end":{"line":42,"column":98}},"line":42},"7":{"name":"(anonymous_7)","decl":{"start":{"line":43,"column":41},"end":{"line":43,"column":42}},"loc":{"start":{"line":43,"column":55},"end":{"line":43,"column":102}},"line":43},"8":{"name":"(anonymous_8)","decl":{"start":{"line":46,"column":34},"end":{"line":46,"column":35}},"loc":{"start":{"line":46,"column":50},"end":{"line":46,"column":93}},"line":46},"9":{"name":"(anonymous_9)","decl":{"start":{"line":47,"column":36},"end":{"line":47,"column":37}},"loc":{"start":{"line":47,"column":52},"end":{"line":47,"column":97}},"line":47},"10":{"name":"(anonymous_10)","decl":{"start":{"line":50,"column":33},"end":{"line":50,"column":34}},"loc":{"start":{"line":50,"column":48},"end":{"line":50,"column":89}},"line":50},"11":{"name":"(anonymous_11)","decl":{"start":{"line":51,"column":35},"end":{"line":51,"column":36}},"loc":{"start":{"line":51,"column":50},"end":{"line":51,"column":93}},"line":51},"12":{"name":"(anonymous_12)","decl":{"start":{"line":54,"column":32},"end":{"line":54,"column":33}},"loc":{"start":{"line":54,"column":48},"end":{"line":54,"column":89}},"line":54},"13":{"name":"(anonymous_13)","decl":{"start":{"line":55,"column":34},"end":{"line":55,"column":35}},"loc":{"start":{"line":55,"column":50},"end":{"line":55,"column":93}},"line":55},"14":{"name":"(anonymous_14)","decl":{"start":{"line":58,"column":31},"end":{"line":58,"column":32}},"loc":{"start":{"line":58,"column":43},"end":{"line":58,"column":79}},"line":58},"15":{"name":"(anonymous_15)","decl":{"start":{"line":61,"column":26},"end":{"line":61,"column":27}},"loc":{"start":{"line":61,"column":32},"end":{"line":61,"column":56}},"line":61},"16":{"name":"(anonymous_16)","decl":{"start":{"line":64,"column":21},"end":{"line":64,"column":22}},"loc":{"start":{"line":64,"column":32},"end":{"line":64,"column":58}},"line":64},"17":{"name":"(anonymous_17)","decl":{"start":{"line":71,"column":28},"end":{"line":71,"column":29}},"loc":{"start":{"line":71,"column":54},"end":{"line":92,"column":1}},"line":71},"18":{"name":"(anonymous_18)","decl":{"start":{"line":94,"column":30},"end":{"line":94,"column":31}},"loc":{"start":{"line":94,"column":56},"end":{"line":114,"column":1}},"line":94},"19":{"name":"(anonymous_19)","decl":{"start":{"line":116,"column":34},"end":{"line":116,"column":35}},"loc":{"start":{"line":116,"column":56},"end":{"line":132,"column":1}},"line":116},"20":{"name":"(anonymous_20)","decl":{"start":{"line":134,"column":36},"end":{"line":134,"column":37}},"loc":{"start":{"line":134,"column":58},"end":{"line":150,"column":1}},"line":134},"21":{"name":"(anonymous_21)","decl":{"start":{"line":152,"column":36},"end":{"line":152,"column":37}},"loc":{"start":{"line":152,"column":58},"end":{"line":168,"column":1}},"line":152},"22":{"name":"(anonymous_22)","decl":{"start":{"line":170,"column":38},"end":{"line":170,"column":39}},"loc":{"start":{"line":170,"column":60},"end":{"line":186,"column":1}},"line":170},"23":{"name":"(anonymous_23)","decl":{"start":{"line":192,"column":32},"end":{"line":192,"column":33}},"loc":{"start":{"line":192,"column":56},"end":{"line":206,"column":1}},"line":192},"24":{"name":"(anonymous_24)","decl":{"start":{"line":208,"column":34},"end":{"line":208,"column":35}},"loc":{"start":{"line":208,"column":58},"end":{"line":222,"column":1}},"line":208},"25":{"name":"(anonymous_25)","decl":{"start":{"line":228,"column":31},"end":{"line":228,"column":32}},"loc":{"start":{"line":228,"column":54},"end":{"line":242,"column":1}},"line":228},"26":{"name":"(anonymous_26)","decl":{"start":{"line":244,"column":33},"end":{"line":244,"column":34}},"loc":{"start":{"line":244,"column":56},"end":{"line":258,"column":1}},"line":244},"27":{"name":"(anonymous_27)","decl":{"start":{"line":264,"column":30},"end":{"line":264,"column":31}},"loc":{"start":{"line":264,"column":54},"end":{"line":278,"column":1}},"line":264},"28":{"name":"(anonymous_28)","decl":{"start":{"line":280,"column":32},"end":{"line":280,"column":33}},"loc":{"start":{"line":280,"column":56},"end":{"line":294,"column":1}},"line":280},"29":{"name":"(anonymous_29)","decl":{"start":{"line":300,"column":29},"end":{"line":300,"column":30}},"loc":{"start":{"line":300,"column":49},"end":{"line":313,"column":1}},"line":300},"30":{"name":"(anonymous_30)","decl":{"start":{"line":319,"column":25},"end":{"line":319,"column":26}},"loc":{"start":{"line":319,"column":37},"end":{"line":327,"column":1}},"line":319},"31":{"name":"(anonymous_31)","decl":{"start":{"line":333,"column":20},"end":{"line":333,"column":21}},"loc":{"start":{"line":333,"column":39},"end":{"line":339,"column":1}},"line":333}},"branchMap":{"0":{"loc":{"start":{"line":71,"column":37},"end":{"line":71,"column":49}},"type":"default-arg","locations":[{"start":{"line":71,"column":47},"end":{"line":71,"column":49}}],"line":71},"1":{"loc":{"start":{"line":74,"column":2},"end":{"line":83,"column":3}},"type":"if","locations":[{"start":{"line":74,"column":2},"end":{"line":83,"column":3}},{"start":{},"end":{}}],"line":74},"2":{"loc":{"start":{"line":74,"column":6},"end":{"line":74,"column":37}},"type":"binary-expr","locations":[{"start":{"line":74,"column":6},"end":{"line":74,"column":9}},{"start":{"line":74,"column":14},"end":{"line":74,"column":23}},{"start":{"line":74,"column":27},"end":{"line":74,"column":36}}],"line":74},"3":{"loc":{"start":{"line":85,"column":2},"end":{"line":87,"column":3}},"type":"if","locations":[{"start":{"line":85,"column":2},"end":{"line":87,"column":3}},{"start":{},"end":{}}],"line":85},"4":{"loc":{"start":{"line":89,"column":2},"end":{"line":91,"column":3}},"type":"if","locations":[{"start":{"line":89,"column":2},"end":{"line":91,"column":3}},{"start":{},"end":{}}],"line":89},"5":{"loc":{"start":{"line":94,"column":39},"end":{"line":94,"column":51}},"type":"default-arg","locations":[{"start":{"line":94,"column":49},"end":{"line":94,"column":51}}],"line":94},"6":{"loc":{"start":{"line":97,"column":2},"end":{"line":105,"column":3}},"type":"if","locations":[{"start":{"line":97,"column":2},"end":{"line":105,"column":3}},{"start":{},"end":{}}],"line":97},"7":{"loc":{"start":{"line":107,"column":2},"end":{"line":109,"column":3}},"type":"if","locations":[{"start":{"line":107,"column":2},"end":{"line":109,"column":3}},{"start":{},"end":{}}],"line":107},"8":{"loc":{"start":{"line":111,"column":2},"end":{"line":113,"column":3}},"type":"if","locations":[{"start":{"line":111,"column":2},"end":{"line":113,"column":3}},{"start":{},"end":{}}],"line":111},"9":{"loc":{"start":{"line":117,"column":2},"end":{"line":120,"column":3}},"type":"if","locations":[{"start":{"line":117,"column":2},"end":{"line":120,"column":3}},{"start":{},"end":{}}],"line":117},"10":{"loc":{"start":{"line":135,"column":2},"end":{"line":138,"column":3}},"type":"if","locations":[{"start":{"line":135,"column":2},"end":{"line":138,"column":3}},{"start":{},"end":{}}],"line":135},"11":{"loc":{"start":{"line":153,"column":2},"end":{"line":156,"column":3}},"type":"if","locations":[{"start":{"line":153,"column":2},"end":{"line":156,"column":3}},{"start":{},"end":{}}],"line":153},"12":{"loc":{"start":{"line":171,"column":2},"end":{"line":174,"column":3}},"type":"if","locations":[{"start":{"line":171,"column":2},"end":{"line":174,"column":3}},{"start":{},"end":{}}],"line":171},"13":{"loc":{"start":{"line":193,"column":2},"end":{"line":196,"column":3}},"type":"if","locations":[{"start":{"line":193,"column":2},"end":{"line":196,"column":3}},{"start":{},"end":{}}],"line":193},"14":{"loc":{"start":{"line":209,"column":2},"end":{"line":212,"column":3}},"type":"if","locations":[{"start":{"line":209,"column":2},"end":{"line":212,"column":3}},{"start":{},"end":{}}],"line":209},"15":{"loc":{"start":{"line":229,"column":2},"end":{"line":232,"column":3}},"type":"if","locations":[{"start":{"line":229,"column":2},"end":{"line":232,"column":3}},{"start":{},"end":{}}],"line":229},"16":{"loc":{"start":{"line":245,"column":2},"end":{"line":248,"column":3}},"type":"if","locations":[{"start":{"line":245,"column":2},"end":{"line":248,"column":3}},{"start":{},"end":{}}],"line":245},"17":{"loc":{"start":{"line":265,"column":2},"end":{"line":268,"column":3}},"type":"if","locations":[{"start":{"line":265,"column":2},"end":{"line":268,"column":3}},{"start":{},"end":{}}],"line":265},"18":{"loc":{"start":{"line":281,"column":2},"end":{"line":284,"column":3}},"type":"if","locations":[{"start":{"line":281,"column":2},"end":{"line":284,"column":3}},{"start":{},"end":{}}],"line":281},"19":{"loc":{"start":{"line":337,"column":11},"end":{"line":337,"column":33}},"type":"binary-expr","locations":[{"start":{"line":337,"column":11},"end":{"line":337,"column":24}},{"start":{"line":337,"column":28},"end":{"line":337,"column":33}}],"line":337}},"s":{"0":0,"1":0,"2":0,"3":0,"4":0,"5":0,"6":0,"7":0,"8":0,"9":0,"10":0,"11":0,"12":0,"13":0,"14":0,"15":0,"16":0,"17":0,"18":0,"19":0,"20":0,"21":0,"22":0,"23":0,"24":0,"25":0,"26":0,"27":0,"28":0,"29":0,"30":0,"31":0,"32":0,"33":0,"34":0,"35":0,"36":0,"37":0,"38":0,"39":0,"40":0,"41":0,"42":0,"43":0,"44":0,"45":0,"46":0,"47":0,"48":0,"49":0,"50":0,"51":0,"52":0,"53":0,"54":0,"55":0,"56":0,"57":0,"58":0,"59":0,"60":0,"61":0,"62":0,"63":0,"64":0,"65":0,"66":0,"67":0,"68":0,"69":0,"70":0,"71":0,"72":0,"73":0,"74":0,"75":0,"76":0,"77":0,"78":0,"79":0,"80":0,"81":0,"82":0,"83":0,"84":0,"85":0,"86":0,"87":0,"88":0,"89":0,"90":0,"91":0,"92":0,"93":0,"94":0,"95":0,"96":0,"97":0,"98":0,"99":0,"100":0,"101":0,"102":0,"103":0,"104":0,"105":0,"106":0,"107":0,"108":0,"109":0,"110":0,"111":0,"112":0,"113":0,"114":0,"115":0,"116":0,"117":0,"118":0,"119":0,"120":0,"121":0,"122":0,"123":0,"124":0,"125":0,"126":0,"127":0,"128":0,"129":0,"130":0,"131":0,"132":0,"133":0,"134":0,"135":0,"136":0,"137":0,"138":0,"139":0,"140":0},"f":{"0":0,"1":0,"2":0,"3":0,"4":0,"5":0,"6":0,"7":0,"8":0,"9":0,"10":0,"11":0,"12":0,"13":0,"14":0,"15":0,"16":0,"17":0,"18":0,"19":0,"20":0,"21":0,"22":0,"23":0,"24":0,"25":0,"26":0,"27":0,"28":0,"29":0,"30":0,"31":0},"b":{"0":[0],"1":[0,0],"2":[0,0,0],"3":[0,0],"4":[0,0],"5":[0],"6":[0,0],"7":[0,0],"8":[0,0],"9":[0,0],"10":[0,0],"11":[0,0],"12":[0,0],"13":[0,0],"14":[0,0],"15":[0,0],"16":[0,0],"17":[0,0],"18":[0,0],"19":[0,0]},"inputSourceMap":null}
,"/home/runner/work/global-anti-ccp-resistance-hub/global-anti-ccp-resistance-hub/backend/src/utils/logger.js": {"path":"/home/runner/work/global-anti-ccp-resistance-hub/global-anti-ccp-resistance-hub/backend/src/utils/logger.js","statementMap":{"0":{"start":{"line":6,"column":18},"end":{"line":6,"column":62}},"1":{"start":{"line":7,"column":16},"end":{"line":7,"column":50}},"2":{"start":{"line":10,"column":0},"end":{"line":12,"column":1}},"3":{"start":{"line":11,"column":2},"end":{"line":11,"column":45}},"4":{"start":{"line":14,"column":17},"end":{"line":14,"column":48}},"5":{"start":{"line":16,"column":15},"end":{"line":40,"column":2}},"6":{"start":{"line":43,"column":0},"end":{"line":55,"column":1}},"7":{"start":{"line":44,"column":2},"end":{"line":54,"column":4}},"8":{"start":{"line":49,"column":26},"end":{"line":49,"column":87}},"9":{"start":{"line":50,"column":10},"end":{"line":50,"column":66}}},"fnMap":{"0":{"name":"(anonymous_0)","decl":{"start":{"line":48,"column":30},"end":{"line":48,"column":31}},"loc":{"start":{"line":48,"column":74},"end":{"line":51,"column":9}},"line":48}},"branchMap":{"0":{"loc":{"start":{"line":10,"column":0},"end":{"line":12,"column":1}},"type":"if","locations":[{"start":{"line":10,"column":0},"end":{"line":12,"column":1}},{"start":{},"end":{}}],"line":10},"1":{"loc":{"start":{"line":14,"column":17},"end":{"line":14,"column":48}},"type":"binary-expr","locations":[{"start":{"line":14,"column":17},"end":{"line":14,"column":38}},{"start":{"line":14,"column":42},"end":{"line":14,"column":48}}],"line":14},"2":{"loc":{"start":{"line":43,"column":0},"end":{"line":55,"column":1}},"type":"if","locations":[{"start":{"line":43,"column":0},"end":{"line":55,"column":1}},{"start":{},"end":{}}],"line":43},"3":{"loc":{"start":{"line":49,"column":26},"end":{"line":49,"column":87}},"type":"cond-expr","locations":[{"start":{"line":49,"column":53},"end":{"line":49,"column":82}},{"start":{"line":49,"column":85},"end":{"line":49,"column":87}}],"line":49}},"s":{"0":1,"1":1,"2":1,"3":0,"4":1,"5":1,"6":1,"7":1,"8":0,"9":0},"f":{"0":0},"b":{"0":[0,1],"1":[1,1],"2":[1,0],"3":[0,0]},"inputSourceMap":null,"_coverageSchema":"1a1c01bbd47fc00a2c39e90264f33305004495a9","hash":"3dddf36c27a95199ab4e0e4f82f0197aadefd027"}
,"/home/runner/work/global-anti-ccp-resistance-hub/global-anti-ccp-resistance-hub/backend/src/validators/schemas.js": {"path":"/home/runner/work/global-anti-ccp-resistance-hub/global-anti-ccp-resistance-hub/backend/src/validators/schemas.js","statementMap":{"0":{"start":{"line":4,"column":17},"end":{"line":10,"column":1}},"1":{"start":{"line":13,"column":30},"end":{"line":26,"column":2}},"2":{"start":{"line":28,"column":27},"end":{"line":31,"column":2}},"3":{"start":{"line":33,"column":34},"end":{"line":35,"column":2}},"4":{"start":{"line":37,"column":36},"end":{"line":39,"column":2}},"5":{"start":{"line":41,"column":35},"end":{"line":51,"column":2}},"6":{"start":{"line":54,"column":35},"end":{"line":63,"column":2}},"7":{"start":{"line":65,"column":36},"end":{"line":73,"column":2}},"8":{"start":{"line":76,"column":40},"end":{"line":95,"column":2}},"9":{"start":{"line":97,"column":40},"end":{"line":100,"column":1}},"10":{"start":{"line":99,"column":12},"end":{"line":99,"column":29}},"11":{"start":{"line":102,"column":40},"end":{"line":112,"column":2}},"12":{"start":{"line":115,"column":36},"end":{"line":132,"column":2}},"13":{"start":{"line":134,"column":36},"end":{"line":137,"column":1}},"14":{"start":{"line":136,"column":12},"end":{"line":136,"column":29}},"15":{"start":{"line":139,"column":36},"end":{"line":151,"column":2}},"16":{"start":{"line":153,"column":36},"end":{"line":155,"column":2}},"17":{"start":{"line":158,"column":40},"end":{"line":169,"column":2}},"18":{"start":{"line":172,"column":42},"end":{"line":178,"column":2}},"19":{"start":{"line":180,"column":31},"end":{"line":184,"column":2}},"20":{"start":{"line":187,"column":35},"end":{"line":192,"column":2}},"21":{"start":{"line":195,"column":33},"end":{"line":198,"column":2}},"22":{"start":{"line":201,"column":34},"end":{"line":210,"column":2}},"23":{"start":{"line":213,"column":32},"end":{"line":217,"column":2}},"24":{"start":{"line":220,"column":24},"end":{"line":246,"column":1}},"25":{"start":{"line":221,"column":2},"end":{"line":245,"column":4}},"26":{"start":{"line":222,"column":29},"end":{"line":225,"column":6}},"27":{"start":{"line":227,"column":4},"end":{"line":241,"column":5}},"28":{"start":{"line":228,"column":22},"end":{"line":231,"column":9}},"29":{"start":{"line":228,"column":51},"end":{"line":231,"column":7}},"30":{"start":{"line":233,"column":6},"end":{"line":240,"column":9}},"31":{"start":{"line":243,"column":4},"end":{"line":243,"column":30}},"32":{"start":{"line":244,"column":4},"end":{"line":244,"column":11}},"33":{"start":{"line":249,"column":29},"end":{"line":275,"column":1}},"34":{"start":{"line":250,"column":2},"end":{"line":274,"column":4}},"35":{"start":{"line":251,"column":29},"end":{"line":254,"column":6}},"36":{"start":{"line":256,"column":4},"end":{"line":270,"column":5}},"37":{"start":{"line":257,"column":22},"end":{"line":260,"column":9}},"38":{"start":{"line":257,"column":51},"end":{"line":260,"column":7}},"39":{"start":{"line":262,"column":6},"end":{"line":269,"column":9}},"40":{"start":{"line":272,"column":4},"end":{"line":272,"column":31}},"41":{"start":{"line":273,"column":4},"end":{"line":273,"column":11}}},"fnMap":{"0":{"name":"(anonymous_0)","decl":{"start":{"line":99,"column":2},"end":{"line":99,"column":3}},"loc":{"start":{"line":99,"column":12},"end":{"line":99,"column":29}},"line":99},"1":{"name":"(anonymous_1)","decl":{"start":{"line":136,"column":2},"end":{"line":136,"column":3}},"loc":{"start":{"line":136,"column":12},"end":{"line":136,"column":29}},"line":136},"2":{"name":"(anonymous_2)","decl":{"start":{"line":220,"column":24},"end":{"line":220,"column":25}},"loc":{"start":{"line":220,"column":36},"end":{"line":246,"column":1}},"line":220},"3":{"name":"(anonymous_3)","decl":{"start":{"line":221,"column":9},"end":{"line":221,"column":10}},"loc":{"start":{"line":221,"column":29},"end":{"line":245,"column":3}},"line":221},"4":{"name":"(anonymous_4)","decl":{"start":{"line":228,"column":40},"end":{"line":228,"column":41}},"loc":{"start":{"line":228,"column":51},"end":{"line":231,"column":7}},"line":228},"5":{"name":"(anonymous_5)","decl":{"start":{"line":249,"column":29},"end":{"line":249,"column":30}},"loc":{"start":{"line":249,"column":41},"end":{"line":275,"column":1}},"line":249},"6":{"name":"(anonymous_6)","decl":{"start":{"line":250,"column":9},"end":{"line":250,"column":10}},"loc":{"start":{"line":250,"column":29},"end":{"line":274,"column":3}},"line":250},"7":{"name":"(anonymous_7)","decl":{"start":{"line":257,"column":40},"end":{"line":257,"column":41}},"loc":{"start":{"line":257,"column":51},"end":{"line":260,"column":7}},"line":257}},"branchMap":{"0":{"loc":{"start":{"line":227,"column":4},"end":{"line":241,"column":5}},"type":"if","locations":[{"start":{"line":227,"column":4},"end":{"line":241,"column":5}},{"start":{},"end":{}}],"line":227},"1":{"loc":{"start":{"line":256,"column":4},"end":{"line":270,"column":5}},"type":"if","locations":[{"start":{"line":256,"column":4},"end":{"line":270,"column":5}},{"start":{},"end":{}}],"line":256}},"s":{"0":0,"1":0,"2":0,"3":0,"4":0,"5":0,"6":0,"7":0,"8":0,"9":0,"10":0,"11":0,"12":0,"13":0,"14":0,"15":0,"16":0,"17":0,"18":0,"19":0,"20":0,"21":0,"22":0,"23":0,"24":0,"25":0,"26":0,"27":0,"28":0,"29":0,"30":0,"31":0,"32":0,"33":0,"34":0,"35":0,"36":0,"37":0,"38":0,"39":0,"40":0,"41":0},"f":{"0":0,"1":0,"2":0,"3":0,"4":0,"5":0,"6":0,"7":0},"b":{"0":[0,0],"1":[0,0]},"inputSourceMap":null}
}
