TN:
SF:src/cache/redis.js
FN:12,(anonymous_0)
FN:22,(anonymous_1)
FN:26,(anonymous_2)
FN:30,(anonymous_3)
FN:34,(anonymous_4)
FN:39,(anonymous_5)
FN:45,(anonymous_6)
FN:61,(anonymous_7)
FN:80,(anonymous_8)
FN:89,(anonymous_9)
FN:98,(anonymous_10)
FNF:11
FNH:0
FNDA:0,(anonymous_0)
FNDA:0,(anonymous_1)
FNDA:0,(anonymous_2)
FNDA:0,(anonymous_3)
FNDA:0,(anonymous_4)
FNDA:0,(anonymous_5)
FNDA:0,(anonymous_6)
FNDA:0,(anonymous_7)
FNDA:0,(anonymous_8)
FNDA:0,(anonymous_9)
FNDA:0,(anonymous_10)
DA:5,0
DA:7,0
DA:9,0
DA:13,0
DA:14,0
DA:15,0
DA:17,0
DA:22,0
DA:23,0
DA:26,0
DA:27,0
DA:30,0
DA:31,0
DA:34,0
DA:35,0
DA:39,0
DA:40,0
DA:41,0
DA:45,0
DA:46,0
DA:47,0
DA:48,0
DA:50,0
DA:51,0
DA:53,0
DA:55,0
DA:57,0
DA:61,0
DA:62,0
DA:63,0
DA:64,0
DA:65,0
DA:66,0
DA:67,0
DA:69,0
DA:72,0
DA:73,0
DA:75,0
DA:76,0
DA:80,0
DA:81,0
DA:82,0
DA:83,0
DA:85,0
DA:89,0
DA:90,0
DA:91,0
DA:92,0
DA:94,0
DA:98,0
DA:99,0
DA:100,0
LF:52
LH:0
BRDA:7,0,0,0
BRDA:7,0,1,0
BRDA:13,1,0,0
BRDA:13,1,1,0
BRDA:45,2,0,0
BRDA:47,3,0,0
BRDA:47,3,1,0
BRDA:50,4,0,0
BRDA:50,4,1,0
BRDA:64,5,0,0
BRDA:64,5,1,0
BRF:11
BRH:0
end_of_record
TN:
SF:src/db/connection.js
FN:17,(anonymous_0)
FN:21,(anonymous_1)
FN:25,(anonymous_2)
FN:27,(anonymous_3)
FN:31,(anonymous_4)
FN:37,(anonymous_5)
FN:42,(anonymous_6)
FNF:7
FNH:0
FNDA:0,(anonymous_0)
FNDA:0,(anonymous_1)
FNDA:0,(anonymous_2)
FNDA:0,(anonymous_3)
FNDA:0,(anonymous_4)
FNDA:0,(anonymous_5)
FNDA:0,(anonymous_6)
DA:5,0
DA:7,0
DA:9,0
DA:17,0
DA:18,0
DA:21,0
DA:22,0
DA:25,0
DA:26,0
DA:27,0
DA:28,0
DA:29,0
DA:30,0
DA:32,0
DA:33,0
DA:37,0
DA:38,0
DA:39,0
DA:42,0
DA:43,0
DA:44,0
LF:21
LH:0
BRDA:11,0,0,0
BRDA:11,0,1,0
BRDA:12,1,0,0
BRDA:12,1,1,0
BRF:4
BRH:0
end_of_record
TN:
SF:src/db/runMigrations.js
FN:11,(anonymous_0)
FN:13,(anonymous_1)
FN:18,(anonymous_2)
FN:35,(anonymous_3)
FN:60,(anonymous_4)
FN:64,(anonymous_5)
FNF:6
FNH:0
FNDA:0,(anonymous_0)
FNDA:0,(anonymous_1)
FNDA:0,(anonymous_2)
FNDA:0,(anonymous_3)
FNDA:0,(anonymous_4)
FNDA:0,(anonymous_5)
DA:7,0
DA:8,0
DA:11,0
DA:12,0
DA:13,0
DA:18,0
DA:19,0
DA:20,0
DA:21,0
DA:23,0
DA:24,0
DA:25,0
DA:27,0
DA:29,0
DA:30,0
DA:35,0
DA:36,0
DA:37,0
DA:39,0
DA:40,0
DA:41,0
DA:44,0
DA:46,0
DA:47,0
DA:50,0
DA:52,0
DA:53,0
DA:58,0
DA:59,0
DA:61,0
DA:62,0
DA:65,0
DA:66,0
LF:33
LH:0
BRDA:39,0,0,0
BRDA:39,0,1,0
BRDA:58,1,0,0
BRDA:58,1,1,0
BRF:4
BRH:0
end_of_record
TN:
SF:src/middleware/auth.js
FN:4,(anonymous_0)
FN:19,(anonymous_1)
FN:40,(anonymous_2)
FN:45,(anonymous_3)
FN:55,(anonymous_4)
FN:56,(anonymous_5)
FN:68,(anonymous_6)
FN:90,(anonymous_7)
FN:103,(anonymous_8)
FN:114,(anonymous_9)
FNF:10
FNH:0
FNDA:0,(anonymous_0)
FNDA:0,(anonymous_1)
FNDA:0,(anonymous_2)
FNDA:0,(anonymous_3)
FNDA:0,(anonymous_4)
FNDA:0,(anonymous_5)
FNDA:0,(anonymous_6)
FNDA:0,(anonymous_7)
FNDA:0,(anonymous_8)
FNDA:0,(anonymous_9)
DA:4,0
DA:5,0
DA:6,0
DA:8,0
DA:9,0
DA:10,0
DA:19,0
DA:20,0
DA:21,0
DA:26,0
DA:35,0
DA:36,0
DA:40,0
DA:41,0
DA:42,0
DA:44,0
DA:45,0
DA:46,0
DA:47,0
DA:52,0
DA:55,0
DA:56,0
DA:57,0
DA:58,0
DA:67,0
DA:68,0
DA:70,0
DA:71,0
DA:77,0
DA:86,0
DA:90,0
DA:91,0
DA:103,0
DA:104,0
DA:114,0
DA:115,0
DA:116,0
DA:118,0
DA:119,0
LF:39
LH:0
BRDA:6,0,0,0
BRDA:6,0,1,0
BRDA:8,1,0,0
BRDA:8,1,1,0
BRDA:20,2,0,0
BRDA:20,2,1,0
BRDA:42,3,0,0
BRDA:42,3,1,0
BRDA:44,4,0,0
BRDA:44,4,1,0
BRDA:46,5,0,0
BRDA:46,5,1,0
BRDA:57,6,0,0
BRDA:57,6,1,0
BRDA:67,7,0,0
BRDA:67,7,1,0
BRDA:70,8,0,0
BRDA:70,8,1,0
BRDA:90,9,0,0
BRDA:96,10,0,0
BRDA:96,10,1,0
BRF:21
BRH:0
end_of_record
TN:
SF:src/middleware/errorHandler.js
FN:3,(anonymous_0)
FN:16,(anonymous_1)
FN:76,(anonymous_2)
FN:85,(anonymous_3)
FN:91,(anonymous_4)
FN:97,(anonymous_5)
FN:103,(anonymous_6)
FN:109,(anonymous_7)
FNF:8
FNH:0
FNDA:0,(anonymous_0)
FNDA:0,(anonymous_1)
FNDA:0,(anonymous_2)
FNDA:0,(anonymous_3)
FNDA:0,(anonymous_4)
FNDA:0,(anonymous_5)
FNDA:0,(anonymous_6)
FNDA:0,(anonymous_7)
DA:3,0
DA:5,0
DA:15,0
DA:16,0
DA:21,0
DA:32,0
DA:33,0
DA:42,0
DA:43,0
DA:53,0
DA:54,0
DA:64,0
DA:77,0
DA:78,0
DA:79,0
DA:80,0
DA:86,0
DA:92,0
DA:98,0
DA:104,0
DA:110,0
LF:21
LH:0
BRDA:15,0,0,0
BRDA:15,0,1,0
BRDA:32,1,0,0
BRDA:32,1,1,0
BRDA:42,2,0,0
BRDA:42,2,1,0
BRDA:53,3,0,0
BRDA:53,3,1,0
BRDA:57,4,0,0
BRDA:57,4,1,0
BRDA:68,5,0,0
BRDA:68,5,1,0
BRDA:76,6,0,0
BRDA:76,7,0,0
BRDA:91,8,0,0
BRDA:97,9,0,0
BRDA:103,10,0,0
BRDA:109,11,0,0
BRF:18
BRH:0
end_of_record
TN:
SF:src/middleware/requestLogger.js
FN:3,(anonymous_0)
FN:15,(anonymous_1)
FNF:2
FNH:0
FNDA:0,(anonymous_0)
FNDA:0,(anonymous_1)
DA:3,0
DA:4,0
DA:7,0
DA:15,0
DA:16,0
DA:17,0
DA:19,0
DA:29,0
LF:8
LH:0
BRDA:17,0,0,0
BRDA:17,0,1,0
BRF:2
BRH:0
end_of_record
TN:
SF:src/routes/auth.js
FN:12,(anonymous_0)
FN:36,(anonymous_1)
FN:64,(anonymous_2)
FN:84,(anonymous_3)
FN:115,(anonymous_4)
FN:133,(anonymous_5)
FN:151,(anonymous_6)
FN:167,(anonymous_7)
FNF:8
FNH:0
FNDA:0,(anonymous_0)
FNDA:0,(anonymous_1)
FNDA:0,(anonymous_2)
FNDA:0,(anonymous_3)
FNDA:0,(anonymous_4)
FNDA:0,(anonymous_5)
FNDA:0,(anonymous_6)
FNDA:0,(anonymous_7)
DA:7,0
DA:12,0
DA:13,0
DA:14,0
DA:15,0
DA:16,0
DA:18,0
DA:24,0
DA:29,0
DA:36,0
DA:37,0
DA:38,0
DA:40,0
DA:41,0
DA:50,0
DA:52,0
DA:57,0
DA:64,0
DA:65,0
DA:66,0
DA:67,0
DA:68,0
DA:70,0
DA:72,0
DA:77,0
DA:84,0
DA:85,0
DA:86,0
DA:88,0
DA:89,0
DA:98,0
DA:99,0
DA:101,0
DA:103,0
DA:108,0
DA:115,0
DA:116,0
DA:117,0
DA:119,0
DA:121,0
DA:126,0
DA:133,0
DA:134,0
DA:135,0
DA:137,0
DA:139,0
DA:144,0
DA:151,0
DA:152,0
DA:153,0
DA:155,0
DA:160,0
DA:167,0
DA:168,0
DA:169,0
DA:170,0
DA:172,0
DA:177,0
LF:58
LH:0
BRDA:40,0,0,0
BRDA:40,0,1,0
BRDA:88,1,0,0
BRDA:88,1,1,0
BRF:4
BRH:0
end_of_record
TN:
SF:src/routes/campaigns.js
FN:8,(anonymous_0)
FNF:1
FNH:0
FNDA:0,(anonymous_0)
DA:4,0
DA:8,0
DA:9,0
DA:10,0
DA:15,0
DA:16,0
LF:6
LH:0
BRF:0
BRH:0
end_of_record
TN:
SF:src/routes/channels.js
FN:8,(anonymous_0)
FNF:1
FNH:0
FNDA:0,(anonymous_0)
DA:4,0
DA:8,0
DA:9,0
DA:10,0
DA:15,0
DA:16,0
LF:6
LH:0
BRF:0
BRH:0
end_of_record
TN:
SF:src/routes/intelligence.js
FN:8,(anonymous_0)
FNF:1
FNH:0
FNDA:0,(anonymous_0)
DA:4,0
DA:8,0
DA:9,0
DA:10,0
DA:15,0
DA:16,0
LF:6
LH:0
BRF:0
BRH:0
end_of_record
TN:
SF:src/routes/modules.js
FN:8,(anonymous_0)
FNF:1
FNH:0
FNDA:0,(anonymous_0)
DA:4,0
DA:8,0
DA:9,0
DA:10,0
DA:15,0
DA:16,0
LF:6
LH:0
BRF:0
BRH:0
end_of_record
TN:
SF:src/routes/notifications.js
FN:8,(anonymous_0)
FNF:1
FNH:0
FNDA:0,(anonymous_0)
DA:4,0
DA:8,0
DA:9,0
DA:10,0
DA:15,0
DA:16,0
LF:6
LH:0
BRF:0
BRH:0
end_of_record
TN:
SF:src/routes/organizations.js
FN:8,(anonymous_0)
FNF:1
FNH:0
FNDA:0,(anonymous_0)
DA:4,0
DA:8,0
DA:9,0
DA:10,0
DA:15,0
DA:16,0
LF:6
LH:0
BRF:0
BRH:0
end_of_record
TN:
SF:src/routes/search.js
FN:8,(anonymous_0)
FNF:1
FNH:0
FNDA:0,(anonymous_0)
DA:4,0
DA:8,0
DA:9,0
DA:10,0
DA:15,0
DA:16,0
LF:6
LH:0
BRF:0
BRH:0
end_of_record
TN:
SF:src/routes/statistics.js
FN:8,(anonymous_0)
FNF:1
FNH:0
FNDA:0,(anonymous_0)
DA:4,0
DA:8,0
DA:9,0
DA:10,0
DA:15,0
DA:16,0
LF:6
LH:0
BRF:0
BRH:0
end_of_record
TN:
SF:src/routes/supportRequests.js
FN:8,(anonymous_0)
FNF:1
FNH:0
FNDA:0,(anonymous_0)
DA:4,0
DA:8,0
DA:9,0
DA:10,0
DA:15,0
DA:16,0
LF:6
LH:0
BRF:0
BRH:0
end_of_record
TN:
SF:src/routes/users.js
FN:8,(anonymous_0)
FNF:1
FNH:0
FNDA:0,(anonymous_0)
DA:4,0
DA:8,0
DA:9,0
DA:10,0
DA:15,0
DA:16,0
LF:6
LH:0
BRF:0
BRH:0
end_of_record
TN:
SF:src/services/authService.js
FN:16,(anonymous_0)
FN:63,(anonymous_1)
FN:105,(anonymous_2)
FN:169,(anonymous_3)
FN:211,(anonymous_4)
FN:231,(anonymous_5)
FN:278,(anonymous_6)
FN:319,(anonymous_7)
FNF:8
FNH:0
FNDA:0,(anonymous_0)
FNDA:0,(anonymous_1)
FNDA:0,(anonymous_2)
FNDA:0,(anonymous_3)
FNDA:0,(anonymous_4)
FNDA:0,(anonymous_5)
FNDA:0,(anonymous_6)
FNDA:0,(anonymous_7)
DA:9,0
DA:10,0
DA:16,0
DA:17,0
DA:19,0
DA:22,0
DA:23,0
DA:26,0
DA:27,0
DA:34,0
DA:35,0
DA:40,0
DA:43,0
DA:45,0
DA:54,0
DA:55,0
DA:63,0
DA:64,0
DA:65,0
DA:68,0
DA:75,0
DA:76,0
DA:79,0
DA:82,0
DA:85,0
DA:90,0
DA:92,0
DA:96,0
DA:97,0
DA:105,0
DA:106,0
DA:108,0
DA:111,0
DA:112,0
DA:116,0
DA:117,0
DA:118,0
DA:122,0
DA:123,0
DA:127,0
DA:128,0
DA:131,0
DA:132,0
DA:134,0
DA:141,0
DA:146,0
DA:148,0
DA:160,0
DA:161,0
DA:169,0
DA:170,0
DA:173,0
DA:174,0
DA:176,0
DA:180,0
DA:181,0
DA:188,0
DA:189,0
DA:192,0
DA:195,0
DA:206,0
DA:207,0
DA:210,0
DA:211,0
DA:214,0
DA:216,0
DA:218,0
DA:222,0
DA:223,0
DA:231,0
DA:232,0
DA:234,0
DA:239,0
DA:241,0
DA:242,0
DA:245,0
DA:248,0
DA:249,0
DA:252,0
DA:253,0
DA:260,0
DA:261,0
DA:266,0
DA:269,0
DA:271,0
DA:273,0
DA:274,0
DA:278,0
DA:279,0
DA:280,0
DA:283,0
DA:290,0
DA:291,0
DA:294,0
DA:297,0
DA:298,0
DA:301,0
DA:306,0
DA:308,0
DA:310,0
DA:311,0
DA:319,0
DA:320,0
DA:323,0
DA:324,0
DA:326,0
DA:327,0
LF:107
LH:0
BRDA:9,0,0,0
BRDA:9,0,1,0
BRDA:10,1,0,0
BRDA:10,1,1,0
BRDA:75,2,0,0
BRDA:75,2,1,0
BRDA:111,3,0,0
BRDA:111,3,1,0
BRDA:117,4,0,0
BRDA:117,4,1,0
BRDA:122,5,0,0
BRDA:122,5,1,0
BRDA:188,6,0,0
BRDA:188,6,1,0
BRDA:206,7,0,0
BRDA:206,7,1,0
BRDA:239,8,0,0
BRDA:239,8,1,0
BRDA:290,9,0,0
BRDA:290,9,1,0
BRF:20
BRH:0
end_of_record
TN:
SF:src/services/emailService.js
FN:19,(anonymous_0)
FN:29,(anonymous_1)
FN:42,(anonymous_2)
FN:54,(anonymous_3)
FN:67,(anonymous_4)
FN:79,(anonymous_5)
FN:91,(anonymous_6)
FN:104,(anonymous_7)
FN:128,(anonymous_8)
FN:132,(anonymous_9)
FN:136,(anonymous_10)
FN:140,(anonymous_11)
FN:144,(anonymous_12)
FN:148,(anonymous_13)
FNF:14
FNH:0
FNDA:0,(anonymous_0)
FNDA:0,(anonymous_1)
FNDA:0,(anonymous_2)
FNDA:0,(anonymous_3)
FNDA:0,(anonymous_4)
FNDA:0,(anonymous_5)
FNDA:0,(anonymous_6)
FNDA:0,(anonymous_7)
FNDA:0,(anonymous_8)
FNDA:0,(anonymous_9)
FNDA:0,(anonymous_10)
FNDA:0,(anonymous_11)
FNDA:0,(anonymous_12)
FNDA:0,(anonymous_13)
DA:5,0
DA:8,0
DA:19,0
DA:20,0
DA:21,0
DA:23,0
DA:28,0
DA:29,0
DA:42,0
DA:54,0
DA:67,0
DA:79,0
DA:91,0
DA:104,0
DA:105,0
DA:106,0
DA:107,0
DA:108,0
DA:111,0
DA:113,0
DA:119,0
DA:120,0
DA:121,0
DA:123,0
DA:124,0
DA:128,0
DA:129,0
DA:132,0
DA:133,0
DA:136,0
DA:137,0
DA:140,0
DA:141,0
DA:144,0
DA:145,0
DA:148,0
DA:149,0
LF:37
LH:0
BRDA:20,0,0,0
BRDA:20,0,1,0
BRDA:32,1,0,0
BRDA:32,1,1,0
BRDA:104,2,0,0
BRDA:107,3,0,0
BRDA:107,3,1,0
BRF:7
BRH:0
end_of_record
TN:
SF:src/services/userService.js
FN:15,(anonymous_0)
FN:71,(anonymous_1)
FN:106,(anonymous_2)
FN:119,(anonymous_3)
FN:140,(anonymous_4)
FN:165,(anonymous_5)
FN:223,(anonymous_6)
FN:260,(anonymous_7)
FN:281,(anonymous_8)
FN:318,(anonymous_9)
FN:347,(anonymous_10)
FN:398,(anonymous_11)
FNF:12
FNH:0
FNDA:0,(anonymous_0)
FNDA:0,(anonymous_1)
FNDA:0,(anonymous_2)
FNDA:0,(anonymous_3)
FNDA:0,(anonymous_4)
FNDA:0,(anonymous_5)
FNDA:0,(anonymous_6)
FNDA:0,(anonymous_7)
FNDA:0,(anonymous_8)
FNDA:0,(anonymous_9)
FNDA:0,(anonymous_10)
FNDA:0,(anonymous_11)
DA:8,0
DA:9,0
DA:15,0
DA:16,0
DA:18,0
DA:20,0
DA:25,0
DA:26,0
DA:30,0
DA:35,0
DA:36,0
DA:40,0
DA:43,0
DA:50,0
DA:53,0
DA:59,0
DA:60,0
DA:62,0
DA:63,0
DA:71,0
DA:72,0
DA:74,0
DA:75,0
DA:76,0
DA:77,0
DA:81,0
DA:91,0
DA:92,0
DA:95,0
DA:98,0
DA:106,0
DA:109,0
DA:111,0
DA:112,0
DA:114,0
DA:115,0
DA:119,0
DA:120,0
DA:121,0
DA:129,0
DA:130,0
DA:133,0
DA:135,0
DA:136,0
DA:140,0
DA:141,0
DA:142,0
DA:150,0
DA:151,0
DA:154,0
DA:156,0
DA:157,0
DA:165,0
DA:166,0
DA:177,0
DA:179,0
DA:208,0
DA:209,0
DA:213,0
DA:215,0
DA:216,0
DA:218,0
DA:219,0
DA:223,0
DA:224,0
DA:225,0
DA:227,0
DA:241,0
DA:242,0
DA:246,0
DA:248,0
DA:249,0
DA:251,0
DA:252,0
DA:260,0
DA:261,0
DA:262,0
DA:267,0
DA:268,0
DA:271,0
DA:272,0
DA:274,0
DA:276,0
DA:277,0
DA:281,0
DA:282,0
DA:283,0
DA:285,0
DA:293,0
DA:294,0
DA:298,0
DA:304,0
DA:306,0
DA:307,0
DA:309,0
DA:310,0
DA:318,0
DA:319,0
DA:320,0
DA:328,0
DA:329,0
DA:333,0
DA:335,0
DA:336,0
DA:338,0
DA:339,0
DA:347,0
DA:348,0
DA:354,0
DA:356,0
DA:357,0
DA:358,0
DA:361,0
DA:366,0
DA:369,0
DA:379,0
DA:389,0
DA:390,0
DA:398,0
DA:399,0
DA:400,0
DA:408,0
DA:409,0
DA:413,0
DA:416,0
DA:421,0
DA:422,0
DA:424,0
DA:425,0
LF:129
LH:0
BRDA:8,0,0,0
BRDA:8,0,1,0
BRDA:25,1,0,0
BRDA:25,1,1,0
BRDA:35,2,0,0
BRDA:35,2,1,0
BRDA:47,3,0,0
BRDA:47,3,1,0
BRDA:47,4,0,0
BRDA:47,4,1,0
BRDA:75,5,0,0
BRDA:75,5,1,0
BRDA:91,6,0,0
BRDA:91,6,1,0
BRDA:129,7,0,0
BRDA:129,7,1,0
BRDA:150,8,0,0
BRDA:150,8,1,0
BRDA:208,9,0,0
BRDA:208,9,1,0
BRDA:236,10,0,0
BRDA:236,10,1,0
BRDA:241,11,0,0
BRDA:241,11,1,0
BRDA:267,12,0,0
BRDA:267,12,1,0
BRDA:293,13,0,0
BRDA:293,13,1,0
BRDA:328,14,0,0
BRDA:328,14,1,0
BRDA:347,15,0,0
BRDA:350,16,0,0
BRDA:351,17,0,0
BRDA:352,18,0,0
BRDA:353,19,0,0
BRDA:358,20,0,0
BRDA:358,20,1,0
BRDA:408,21,0,0
BRDA:408,21,1,0
BRF:39
BRH:0
end_of_record
TN:
SF:src/utils/logger.js
FN:48,(anonymous_0)
FNF:1
FNH:0
FNDA:0,(anonymous_0)
DA:6,0
DA:7,0
DA:10,0
DA:11,0
DA:14,0
DA:16,0
DA:43,0
DA:44,0
DA:49,0
DA:50,0
LF:10
LH:0
BRDA:10,0,0,0
BRDA:10,0,1,0
BRDA:14,1,0,0
BRDA:14,1,1,0
BRDA:43,2,0,0
BRDA:43,2,1,0
BRDA:49,3,0,0
BRDA:49,3,1,0
BRF:8
BRH:0
end_of_record
TN:
SF:src/validators/schemas.js
FN:91,(anonymous_0)
FN:111,(anonymous_1)
FN:177,(anonymous_2)
FN:178,(anonymous_3)
FN:185,(anonymous_4)
FN:206,(anonymous_5)
FN:207,(anonymous_6)
FN:214,(anonymous_7)
FNF:8
FNH:0
FNDA:0,(anonymous_0)
FNDA:0,(anonymous_1)
FNDA:0,(anonymous_2)
FNDA:0,(anonymous_3)
FNDA:0,(anonymous_4)
FNDA:0,(anonymous_5)
FNDA:0,(anonymous_6)
FNDA:0,(anonymous_7)
DA:4,0
DA:13,0
DA:28,0
DA:33,0
DA:37,0
DA:41,0
DA:54,0
DA:65,0
DA:76,0
DA:89,0
DA:91,0
DA:95,0
DA:109,0
DA:111,0
DA:115,0
DA:129,0
DA:137,0
DA:144,0
DA:152,0
DA:158,0
DA:170,0
DA:177,0
DA:178,0
DA:179,0
DA:184,0
DA:185,0
DA:190,0
DA:200,0
DA:201,0
DA:206,0
DA:207,0
DA:208,0
DA:213,0
DA:214,0
DA:219,0
DA:229,0
DA:230,0
LF:37
LH:0
BRDA:184,0,0,0
BRDA:184,0,1,0
BRDA:213,1,0,0
BRDA:213,1,1,0
BRF:4
BRH:0
end_of_record
