TN:
SF:src/data/ccpViolationsData.js
FN:420,calculateRelevanceScore
FN:427,(anonymous_1)
FN:432,(anonymous_2)
FN:437,(anonymous_3)
FN:442,(anonymous_4)
FNF:5
FNH:0
FNDA:0,calculateRelevanceScore
FNDA:0,(anonymous_1)
FNDA:0,(anonymous_2)
FNDA:0,(anonymous_3)
FNDA:0,(anonymous_4)
DA:18,0
DA:102,0
DA:166,0
DA:259,0
DA:352,0
DA:395,0
DA:421,0
DA:423,0
DA:424,0
DA:427,0
DA:428,0
DA:432,0
DA:433,0
DA:437,0
DA:438,0
DA:442,0
DA:443,0
DA:447,0
LF:18
LH:0
BRDA:421,0,0,0
BRDA:421,0,1,0
BRDA:428,1,0,0
BRDA:428,1,1,0
BRDA:433,2,0,0
BRDA:433,2,1,0
BRDA:438,3,0,0
BRDA:438,3,1,0
BRDA:443,4,0,0
BRDA:443,4,1,0
BRF:10
BRH:0
end_of_record
TN:
SF:src/data/regionalThreats.js
FNF:0
FNH:0
DA:18,0
DA:94,0
DA:141,0
DA:164,0
DA:217,0
DA:274,0
LF:6
LH:0
BRF:0
BRH:0
end_of_record
TN:
SF:src/db/connection.js
FN:17,(anonymous_0)
FN:21,(anonymous_1)
FN:25,(anonymous_2)
FN:27,(anonymous_3)
FN:31,(anonymous_4)
FN:37,(anonymous_5)
FN:42,(anonymous_6)
FNF:7
FNH:0
FNDA:0,(anonymous_0)
FNDA:0,(anonymous_1)
FNDA:0,(anonymous_2)
FNDA:0,(anonymous_3)
FNDA:0,(anonymous_4)
FNDA:0,(anonymous_5)
FNDA:0,(anonymous_6)
DA:5,0
DA:7,0
DA:9,0
DA:17,0
DA:18,0
DA:21,0
DA:22,0
DA:25,0
DA:26,0
DA:27,0
DA:28,0
DA:29,0
DA:30,0
DA:32,0
DA:33,0
DA:37,0
DA:38,0
DA:39,0
DA:42,0
DA:43,0
DA:44,0
LF:21
LH:0
BRDA:11,0,0,0
BRDA:11,0,1,0
BRDA:12,1,0,0
BRDA:12,1,1,0
BRF:4
BRH:0
end_of_record
TN:
SF:src/db/database.js
FN:87,(anonymous_0)
FN:93,(anonymous_1)
FN:96,(anonymous_2)
FN:100,(anonymous_3)
FN:113,(anonymous_4)
FN:117,(anonymous_5)
FN:160,(anonymous_6)
FN:171,(anonymous_7)
FN:194,(anonymous_8)
FN:218,(anonymous_9)
FN:220,(anonymous_10)
FN:222,(anonymous_11)
FN:231,(anonymous_12)
FN:242,(anonymous_13)
FN:243,(anonymous_14)
FN:244,(anonymous_15)
FNF:16
FNH:0
FNDA:0,(anonymous_0)
FNDA:0,(anonymous_1)
FNDA:0,(anonymous_2)
FNDA:0,(anonymous_3)
FNDA:0,(anonymous_4)
FNDA:0,(anonymous_5)
FNDA:0,(anonymous_6)
FNDA:0,(anonymous_7)
FNDA:0,(anonymous_8)
FNDA:0,(anonymous_9)
FNDA:0,(anonymous_10)
FNDA:0,(anonymous_11)
FNDA:0,(anonymous_12)
FNDA:0,(anonymous_13)
FNDA:0,(anonymous_14)
FNDA:0,(anonymous_15)
DA:8,0
DA:10,0
DA:11,0
DA:12,0
DA:16,0
DA:19,0
DA:22,0
DA:87,0
DA:88,0
DA:90,0
DA:92,0
DA:93,0
DA:95,0
DA:96,0
DA:99,0
DA:100,0
DA:103,0
DA:107,0
DA:108,0
DA:111,0
DA:112,0
DA:113,0
DA:117,0
DA:120,0
DA:121,0
DA:123,0
DA:124,0
DA:126,0
DA:127,0
DA:130,0
DA:134,0
DA:135,0
DA:153,0
DA:154,0
DA:158,0
DA:159,0
DA:160,0
DA:161,0
DA:162,0
DA:163,0
DA:165,0
DA:169,0
DA:170,0
DA:171,0
DA:172,0
DA:173,0
DA:174,0
DA:176,0
DA:177,0
DA:179,0
DA:180,0
DA:182,0
DA:186,0
DA:187,0
DA:188,0
DA:191,0
DA:192,0
DA:193,0
DA:194,0
DA:197,0
DA:199,0
DA:203,0
DA:204,0
DA:208,0
DA:211,0
DA:212,0
DA:216,0
DA:218,0
DA:223,0
DA:231,0
DA:232,0
DA:242,0
DA:243,0
DA:244,0
LF:74
LH:0
BRDA:10,0,0,0
BRDA:10,0,1,0
BRDA:12,1,0,0
BRDA:12,1,1,0
BRDA:16,2,0,0
BRDA:16,2,1,0
BRDA:87,3,0,0
BRDA:92,4,0,0
BRDA:92,4,1,0
BRDA:92,5,0,0
BRDA:92,5,1,0
BRDA:95,6,0,0
BRDA:95,6,1,0
BRDA:99,7,0,0
BRDA:99,7,1,0
BRDA:99,8,0,0
BRDA:99,8,1,0
BRDA:107,9,0,0
BRDA:107,9,1,0
BRDA:107,10,0,0
BRDA:107,10,1,0
BRDA:111,11,0,0
BRDA:111,11,1,0
BRDA:111,12,0,0
BRDA:111,12,1,0
BRDA:123,13,0,0
BRDA:123,13,1,0
BRDA:126,14,0,0
BRDA:126,14,1,0
BRDA:134,15,0,0
BRDA:134,15,1,0
BRDA:134,16,0,0
BRDA:134,16,1,0
BRDA:147,17,0,0
BRDA:147,17,1,0
BRDA:158,18,0,0
BRDA:158,18,1,0
BRDA:158,19,0,0
BRDA:158,19,1,0
BRDA:161,20,0,0
BRDA:161,20,1,0
BRDA:169,21,0,0
BRDA:169,21,1,0
BRDA:169,22,0,0
BRDA:169,22,1,0
BRDA:172,23,0,0
BRDA:172,23,1,0
BRDA:173,24,0,0
BRDA:173,24,1,0
BRDA:174,25,0,0
BRDA:174,25,1,0
BRDA:176,26,0,0
BRDA:176,26,1,0
BRDA:177,27,0,0
BRDA:177,27,1,0
BRDA:186,28,0,0
BRDA:186,28,1,0
BRDA:187,29,0,0
BRDA:187,29,1,0
BRDA:191,30,0,0
BRDA:191,30,1,0
BRDA:203,31,0,0
BRDA:203,31,1,0
BRF:63
BRH:0
end_of_record
TN:
SF:src/db/runMigrations.js
FN:11,(anonymous_0)
FN:13,(anonymous_1)
FN:18,(anonymous_2)
FN:35,(anonymous_3)
FN:60,(anonymous_4)
FN:64,(anonymous_5)
FNF:6
FNH:0
FNDA:0,(anonymous_0)
FNDA:0,(anonymous_1)
FNDA:0,(anonymous_2)
FNDA:0,(anonymous_3)
FNDA:0,(anonymous_4)
FNDA:0,(anonymous_5)
DA:7,0
DA:8,0
DA:11,0
DA:12,0
DA:13,0
DA:18,0
DA:19,0
DA:20,0
DA:21,0
DA:23,0
DA:24,0
DA:25,0
DA:27,0
DA:29,0
DA:30,0
DA:35,0
DA:36,0
DA:37,0
DA:39,0
DA:40,0
DA:41,0
DA:44,0
DA:46,0
DA:47,0
DA:50,0
DA:52,0
DA:53,0
DA:58,0
DA:59,0
DA:61,0
DA:62,0
DA:65,0
DA:66,0
LF:33
LH:0
BRDA:39,0,0,0
BRDA:39,0,1,0
BRDA:58,1,0,0
BRDA:58,1,1,0
BRF:4
BRH:0
end_of_record
TN:
SF:src/middleware/auth.js
FN:4,(anonymous_0)
FN:19,(anonymous_1)
FN:40,(anonymous_2)
FN:45,(anonymous_3)
FN:55,(anonymous_4)
FN:56,(anonymous_5)
FN:68,(anonymous_6)
FN:90,(anonymous_7)
FN:103,(anonymous_8)
FN:114,(anonymous_9)
FNF:10
FNH:0
FNDA:0,(anonymous_0)
FNDA:0,(anonymous_1)
FNDA:0,(anonymous_2)
FNDA:0,(anonymous_3)
FNDA:0,(anonymous_4)
FNDA:0,(anonymous_5)
FNDA:0,(anonymous_6)
FNDA:0,(anonymous_7)
FNDA:0,(anonymous_8)
FNDA:0,(anonymous_9)
DA:4,0
DA:5,0
DA:6,0
DA:8,0
DA:9,0
DA:10,0
DA:19,0
DA:20,0
DA:21,0
DA:26,0
DA:35,0
DA:36,0
DA:40,0
DA:41,0
DA:42,0
DA:44,0
DA:45,0
DA:46,0
DA:47,0
DA:52,0
DA:55,0
DA:56,0
DA:57,0
DA:58,0
DA:67,0
DA:68,0
DA:70,0
DA:71,0
DA:77,0
DA:86,0
DA:90,0
DA:91,0
DA:103,0
DA:104,0
DA:114,0
DA:115,0
DA:116,0
DA:118,0
DA:119,0
LF:39
LH:0
BRDA:6,0,0,0
BRDA:6,0,1,0
BRDA:8,1,0,0
BRDA:8,1,1,0
BRDA:20,2,0,0
BRDA:20,2,1,0
BRDA:42,3,0,0
BRDA:42,3,1,0
BRDA:44,4,0,0
BRDA:44,4,1,0
BRDA:46,5,0,0
BRDA:46,5,1,0
BRDA:57,6,0,0
BRDA:57,6,1,0
BRDA:67,7,0,0
BRDA:67,7,1,0
BRDA:70,8,0,0
BRDA:70,8,1,0
BRDA:90,9,0,0
BRDA:96,10,0,0
BRDA:96,10,1,0
BRF:21
BRH:0
end_of_record
TN:
SF:src/middleware/errorHandler.js
FN:3,(anonymous_0)
FN:16,(anonymous_1)
FN:76,(anonymous_2)
FN:85,(anonymous_3)
FN:91,(anonymous_4)
FN:97,(anonymous_5)
FN:103,(anonymous_6)
FN:109,(anonymous_7)
FNF:8
FNH:0
FNDA:0,(anonymous_0)
FNDA:0,(anonymous_1)
FNDA:0,(anonymous_2)
FNDA:0,(anonymous_3)
FNDA:0,(anonymous_4)
FNDA:0,(anonymous_5)
FNDA:0,(anonymous_6)
FNDA:0,(anonymous_7)
DA:3,0
DA:5,0
DA:15,0
DA:16,0
DA:21,0
DA:32,0
DA:33,0
DA:42,0
DA:43,0
DA:53,0
DA:54,0
DA:64,0
DA:77,0
DA:78,0
DA:79,0
DA:80,0
DA:86,0
DA:92,0
DA:98,0
DA:104,0
DA:110,0
LF:21
LH:0
BRDA:15,0,0,0
BRDA:15,0,1,0
BRDA:32,1,0,0
BRDA:32,1,1,0
BRDA:42,2,0,0
BRDA:42,2,1,0
BRDA:53,3,0,0
BRDA:53,3,1,0
BRDA:57,4,0,0
BRDA:57,4,1,0
BRDA:68,5,0,0
BRDA:68,5,1,0
BRDA:76,6,0,0
BRDA:76,7,0,0
BRDA:91,8,0,0
BRDA:97,9,0,0
BRDA:103,10,0,0
BRDA:109,11,0,0
BRF:18
BRH:0
end_of_record
TN:
SF:src/middleware/requestLogger.js
FN:3,(anonymous_0)
FN:15,(anonymous_1)
FNF:2
FNH:0
FNDA:0,(anonymous_0)
FNDA:0,(anonymous_1)
DA:3,0
DA:4,0
DA:7,0
DA:15,0
DA:16,0
DA:17,0
DA:19,0
DA:29,0
LF:8
LH:0
BRDA:17,0,0,0
BRDA:17,0,1,0
BRF:2
BRH:0
end_of_record
TN:
SF:src/middleware/socketAuth.js
FN:10,(anonymous_0)
FN:45,(anonymous_1)
FNF:2
FNH:0
FNDA:0,(anonymous_0)
FNDA:0,(anonymous_1)
DA:4,0
DA:10,0
DA:11,0
DA:13,0
DA:15,0
DA:16,0
DA:17,0
DA:21,0
DA:24,0
DA:25,0
DA:27,0
DA:32,0
DA:34,0
DA:38,0
DA:45,0
DA:46,0
DA:47,0
DA:53,0
DA:55,0
LF:19
LH:0
BRDA:4,0,0,0
BRDA:4,0,1,0
BRDA:13,1,0,0
BRDA:13,1,1,0
BRDA:15,2,0,0
BRDA:15,2,1,0
BRDA:25,3,0,0
BRDA:25,3,1,0
BRDA:46,4,0,0
BRDA:46,4,1,0
BRDA:46,5,0,0
BRDA:46,5,1,0
BRF:12
BRH:0
end_of_record
TN:
SF:src/routes/auth.js
FN:12,(anonymous_0)
FN:36,(anonymous_1)
FN:64,(anonymous_2)
FN:84,(anonymous_3)
FN:115,(anonymous_4)
FN:133,(anonymous_5)
FN:151,(anonymous_6)
FN:167,(anonymous_7)
FNF:8
FNH:0
FNDA:0,(anonymous_0)
FNDA:0,(anonymous_1)
FNDA:0,(anonymous_2)
FNDA:0,(anonymous_3)
FNDA:0,(anonymous_4)
FNDA:0,(anonymous_5)
FNDA:0,(anonymous_6)
FNDA:0,(anonymous_7)
DA:7,0
DA:12,0
DA:13,0
DA:14,0
DA:15,0
DA:16,0
DA:18,0
DA:24,0
DA:29,0
DA:36,0
DA:37,0
DA:38,0
DA:40,0
DA:41,0
DA:50,0
DA:52,0
DA:57,0
DA:64,0
DA:65,0
DA:66,0
DA:67,0
DA:68,0
DA:70,0
DA:72,0
DA:77,0
DA:84,0
DA:85,0
DA:86,0
DA:88,0
DA:89,0
DA:98,0
DA:99,0
DA:101,0
DA:103,0
DA:108,0
DA:115,0
DA:116,0
DA:117,0
DA:119,0
DA:121,0
DA:126,0
DA:133,0
DA:134,0
DA:135,0
DA:137,0
DA:139,0
DA:144,0
DA:151,0
DA:152,0
DA:153,0
DA:155,0
DA:160,0
DA:167,0
DA:168,0
DA:169,0
DA:170,0
DA:172,0
DA:177,0
LF:58
LH:0
BRDA:40,0,0,0
BRDA:40,0,1,0
BRDA:88,1,0,0
BRDA:88,1,1,0
BRF:4
BRH:0
end_of_record
TN:
SF:src/routes/campaigns.js
FN:12,(anonymous_0)
FN:30,(anonymous_1)
FN:60,(anonymous_2)
FN:85,(anonymous_3)
FN:114,(anonymous_4)
FN:159,(anonymous_5)
FN:202,(anonymous_6)
FN:249,(anonymous_7)
FN:277,(anonymous_8)
FNF:9
FNH:0
FNDA:0,(anonymous_0)
FNDA:0,(anonymous_1)
FNDA:0,(anonymous_2)
FNDA:0,(anonymous_3)
FNDA:0,(anonymous_4)
FNDA:0,(anonymous_5)
FNDA:0,(anonymous_6)
FNDA:0,(anonymous_7)
FNDA:0,(anonymous_8)
DA:7,0
DA:12,0
DA:13,0
DA:14,0
DA:15,0
DA:17,0
DA:23,0
DA:30,0
DA:31,0
DA:32,0
DA:35,0
DA:39,0
DA:44,0
DA:45,0
DA:53,0
DA:60,0
DA:61,0
DA:62,0
DA:63,0
DA:65,0
DA:72,0
DA:78,0
DA:85,0
DA:86,0
DA:87,0
DA:88,0
DA:90,0
DA:92,0
DA:98,0
DA:99,0
DA:107,0
DA:114,0
DA:115,0
DA:116,0
DA:117,0
DA:118,0
DA:121,0
DA:122,0
DA:123,0
DA:125,0
DA:126,0
DA:135,0
DA:137,0
DA:143,0
DA:144,0
DA:152,0
DA:159,0
DA:160,0
DA:161,0
DA:162,0
DA:165,0
DA:166,0
DA:167,0
DA:169,0
DA:170,0
DA:179,0
DA:181,0
DA:186,0
DA:187,0
DA:195,0
DA:202,0
DA:203,0
DA:204,0
DA:205,0
DA:206,0
DA:208,0
DA:210,0
DA:215,0
DA:216,0
DA:224,0
DA:225,0
DA:233,0
DA:234,0
DA:242,0
DA:249,0
DA:250,0
DA:251,0
DA:252,0
DA:254,0
DA:256,0
DA:261,0
DA:262,0
DA:270,0
DA:277,0
DA:278,0
DA:279,0
DA:280,0
DA:281,0
DA:284,0
DA:285,0
DA:286,0
DA:288,0
DA:289,0
DA:298,0
DA:300,0
DA:306,0
DA:307,0
DA:315,0
LF:98
LH:0
BRDA:35,0,0,0
BRDA:35,0,1,0
BRDA:44,1,0,0
BRDA:44,1,1,0
BRDA:63,2,0,0
BRDA:63,3,0,0
BRDA:98,4,0,0
BRDA:98,4,1,0
BRDA:123,5,0,0
BRDA:123,5,1,0
BRDA:125,6,0,0
BRDA:125,6,1,0
BRDA:125,7,0,0
BRDA:125,7,1,0
BRDA:143,8,0,0
BRDA:143,8,1,0
BRDA:167,9,0,0
BRDA:167,9,1,0
BRDA:169,10,0,0
BRDA:169,10,1,0
BRDA:169,11,0,0
BRDA:169,11,1,0
BRDA:186,12,0,0
BRDA:186,12,1,0
BRDA:186,13,0,0
BRDA:186,13,1,0
BRDA:206,14,0,0
BRDA:215,15,0,0
BRDA:215,15,1,0
BRDA:224,16,0,0
BRDA:224,16,1,0
BRDA:233,17,0,0
BRDA:233,17,1,0
BRDA:261,18,0,0
BRDA:261,18,1,0
BRDA:286,19,0,0
BRDA:286,19,1,0
BRDA:288,20,0,0
BRDA:288,20,1,0
BRDA:288,21,0,0
BRDA:288,21,1,0
BRDA:306,22,0,0
BRDA:306,22,1,0
BRF:43
BRH:0
end_of_record
TN:
SF:src/routes/channels.js
FN:8,(anonymous_0)
FNF:1
FNH:0
FNDA:0,(anonymous_0)
DA:4,0
DA:8,0
DA:9,0
DA:10,0
DA:15,0
DA:16,0
LF:6
LH:0
BRF:0
BRH:0
end_of_record
TN:
SF:src/routes/feeds.js
FN:14,(anonymous_0)
FN:58,(anonymous_1)
FN:81,(anonymous_2)
FN:107,(anonymous_3)
FN:150,(anonymous_4)
FN:212,(anonymous_5)
FN:240,(anonymous_6)
FNF:7
FNH:0
FNDA:0,(anonymous_0)
FNDA:0,(anonymous_1)
FNDA:0,(anonymous_2)
FNDA:0,(anonymous_3)
FNDA:0,(anonymous_4)
FNDA:0,(anonymous_5)
FNDA:0,(anonymous_6)
DA:7,0
DA:14,0
DA:15,0
DA:24,0
DA:26,0
DA:27,0
DA:28,0
DA:29,0
DA:30,0
DA:31,0
DA:33,0
DA:39,0
DA:45,0
DA:46,0
DA:58,0
DA:59,0
DA:60,0
DA:62,0
DA:68,0
DA:69,0
DA:81,0
DA:82,0
DA:83,0
DA:84,0
DA:86,0
DA:94,0
DA:95,0
DA:107,0
DA:108,0
DA:109,0
DA:112,0
DA:113,0
DA:114,0
DA:120,0
DA:122,0
DA:123,0
DA:130,0
DA:132,0
DA:137,0
DA:138,0
DA:150,0
DA:151,0
DA:152,0
DA:153,0
DA:155,0
DA:156,0
DA:157,0
DA:164,0
DA:165,0
DA:166,0
DA:173,0
DA:174,0
DA:175,0
DA:176,0
DA:177,0
DA:178,0
DA:179,0
DA:180,0
DA:186,0
DA:194,0
DA:199,0
DA:200,0
DA:212,0
DA:213,0
DA:215,0
DA:217,0
DA:227,0
DA:228,0
DA:240,0
DA:241,0
DA:242,0
DA:244,0
DA:249,0
DA:250,0
LF:74
LH:0
BRDA:17,0,0,0
BRDA:18,1,0,0
BRDA:27,2,0,0
BRDA:27,2,1,0
BRDA:28,3,0,0
BRDA:28,3,1,0
BRDA:29,4,0,0
BRDA:29,4,1,0
BRDA:30,5,0,0
BRDA:30,5,1,0
BRDA:31,6,0,0
BRDA:31,6,1,0
BRDA:113,7,0,0
BRDA:113,7,1,0
BRDA:122,8,0,0
BRDA:122,8,1,0
BRDA:156,9,0,0
BRDA:156,9,1,0
BRDA:165,10,0,0
BRDA:165,10,1,0
BRDA:165,11,0,0
BRDA:165,11,1,0
BRDA:175,12,0,0
BRDA:175,12,1,0
BRDA:175,13,0,0
BRDA:175,13,1,0
BRDA:189,14,0,0
BRDA:189,14,1,0
BRDA:220,15,0,0
BRDA:220,15,1,0
BRF:30
BRH:0
end_of_record
TN:
SF:src/routes/intelligence.js
FN:23,(anonymous_0)
FN:40,(anonymous_1)
FN:57,(anonymous_2)
FN:83,(anonymous_3)
FN:89,(anonymous_4)
FN:92,(anonymous_5)
FN:111,(anonymous_6)
FN:114,(anonymous_7)
FN:132,(anonymous_8)
FN:149,(anonymous_9)
FN:164,(anonymous_10)
FN:165,(anonymous_11)
FN:195,(anonymous_12)
FN:212,(anonymous_13)
FN:229,(anonymous_14)
FN:246,(anonymous_15)
FN:278,(anonymous_16)
FN:294,(anonymous_17)
FN:310,(anonymous_18)
FN:330,(anonymous_19)
FN:360,(anonymous_20)
FN:377,(anonymous_21)
FNF:22
FNH:0
FNDA:0,(anonymous_0)
FNDA:0,(anonymous_1)
FNDA:0,(anonymous_2)
FNDA:0,(anonymous_3)
FNDA:0,(anonymous_4)
FNDA:0,(anonymous_5)
FNDA:0,(anonymous_6)
FNDA:0,(anonymous_7)
FNDA:0,(anonymous_8)
FNDA:0,(anonymous_9)
FNDA:0,(anonymous_10)
FNDA:0,(anonymous_11)
FNDA:0,(anonymous_12)
FNDA:0,(anonymous_13)
FNDA:0,(anonymous_14)
FNDA:0,(anonymous_15)
FNDA:0,(anonymous_16)
FNDA:0,(anonymous_17)
FNDA:0,(anonymous_18)
FNDA:0,(anonymous_19)
FNDA:0,(anonymous_20)
FNDA:0,(anonymous_21)
DA:13,0
DA:23,0
DA:24,0
DA:25,0
DA:31,0
DA:32,0
DA:40,0
DA:41,0
DA:42,0
DA:48,0
DA:49,0
DA:57,0
DA:58,0
DA:59,0
DA:61,0
DA:62,0
DA:67,0
DA:74,0
DA:75,0
DA:83,0
DA:84,0
DA:85,0
DA:86,0
DA:88,0
DA:89,0
DA:91,0
DA:92,0
DA:95,0
DA:102,0
DA:103,0
DA:111,0
DA:112,0
DA:113,0
DA:114,0
DA:117,0
DA:118,0
DA:120,0
DA:123,0
DA:124,0
DA:132,0
DA:133,0
DA:134,0
DA:140,0
DA:141,0
DA:149,0
DA:150,0
DA:151,0
DA:153,0
DA:154,0
DA:157,0
DA:158,0
DA:161,0
DA:162,0
DA:164,0
DA:165,0
DA:166,0
DA:167,0
DA:172,0
DA:182,0
DA:183,0
DA:195,0
DA:196,0
DA:197,0
DA:203,0
DA:204,0
DA:212,0
DA:213,0
DA:214,0
DA:220,0
DA:221,0
DA:229,0
DA:230,0
DA:231,0
DA:237,0
DA:238,0
DA:246,0
DA:247,0
DA:248,0
DA:269,0
DA:270,0
DA:278,0
DA:279,0
DA:280,0
DA:285,0
DA:286,0
DA:294,0
DA:295,0
DA:296,0
DA:301,0
DA:302,0
DA:310,0
DA:311,0
DA:312,0
DA:317,0
DA:318,0
DA:330,0
DA:331,0
DA:332,0
DA:351,0
DA:352,0
DA:360,0
DA:361,0
DA:362,0
DA:368,0
DA:369,0
DA:377,0
DA:378,0
LF:107
LH:0
BRDA:61,0,0,0
BRDA:61,0,1,0
BRDA:61,1,0,0
BRDA:61,1,1,0
BRDA:88,2,0,0
BRDA:88,2,1,0
BRDA:91,3,0,0
BRDA:91,3,1,0
BRDA:117,4,0,0
BRDA:117,4,1,0
BRDA:153,5,0,0
BRDA:153,5,1,0
BRDA:158,6,0,0
BRDA:158,6,1,0
BRDA:158,7,0,0
BRDA:158,7,1,0
BRDA:166,8,0,0
BRDA:166,8,1,0
BRF:18
BRH:0
end_of_record
TN:
SF:src/routes/modules.js
FN:8,(anonymous_0)
FNF:1
FNH:0
FNDA:0,(anonymous_0)
DA:4,0
DA:8,0
DA:9,0
DA:10,0
DA:15,0
DA:16,0
LF:6
LH:0
BRF:0
BRH:0
end_of_record
TN:
SF:src/routes/notifications.js
FN:8,(anonymous_0)
FNF:1
FNH:0
FNDA:0,(anonymous_0)
DA:4,0
DA:8,0
DA:9,0
DA:10,0
DA:15,0
DA:16,0
LF:6
LH:0
BRF:0
BRH:0
end_of_record
TN:
SF:src/routes/organizations.js
FN:12,(anonymous_0)
FN:30,(anonymous_1)
FN:58,(anonymous_2)
FN:88,(anonymous_3)
FN:117,(anonymous_4)
FN:147,(anonymous_5)
FN:175,(anonymous_6)
FNF:7
FNH:0
FNDA:0,(anonymous_0)
FNDA:0,(anonymous_1)
FNDA:0,(anonymous_2)
FNDA:0,(anonymous_3)
FNDA:0,(anonymous_4)
FNDA:0,(anonymous_5)
FNDA:0,(anonymous_6)
DA:7,0
DA:12,0
DA:13,0
DA:14,0
DA:15,0
DA:17,0
DA:23,0
DA:30,0
DA:31,0
DA:32,0
DA:34,0
DA:35,0
DA:44,0
DA:46,0
DA:51,0
DA:58,0
DA:59,0
DA:60,0
DA:63,0
DA:67,0
DA:72,0
DA:73,0
DA:81,0
DA:88,0
DA:89,0
DA:90,0
DA:91,0
DA:93,0
DA:95,0
DA:101,0
DA:102,0
DA:110,0
DA:117,0
DA:118,0
DA:119,0
DA:120,0
DA:121,0
DA:123,0
DA:125,0
DA:131,0
DA:132,0
DA:140,0
DA:147,0
DA:148,0
DA:149,0
DA:150,0
DA:152,0
DA:154,0
DA:159,0
DA:160,0
DA:168,0
DA:175,0
DA:176,0
DA:177,0
DA:178,0
DA:179,0
DA:181,0
DA:183,0
DA:189,0
DA:190,0
DA:198,0
DA:199,0
DA:207,0
LF:63
LH:0
BRDA:32,0,0,0
BRDA:34,1,0,0
BRDA:34,1,1,0
BRDA:34,2,0,0
BRDA:34,2,1,0
BRDA:63,3,0,0
BRDA:63,3,1,0
BRDA:72,4,0,0
BRDA:72,4,1,0
BRDA:101,5,0,0
BRDA:101,5,1,0
BRDA:131,6,0,0
BRDA:131,6,1,0
BRDA:159,7,0,0
BRDA:159,7,1,0
BRDA:178,8,0,0
BRDA:189,9,0,0
BRDA:189,9,1,0
BRDA:198,10,0,0
BRDA:198,10,1,0
BRF:20
BRH:0
end_of_record
TN:
SF:src/routes/search.js
FN:8,(anonymous_0)
FNF:1
FNH:0
FNDA:0,(anonymous_0)
DA:4,0
DA:8,0
DA:9,0
DA:10,0
DA:15,0
DA:16,0
LF:6
LH:0
BRF:0
BRH:0
end_of_record
TN:
SF:src/routes/statistics.js
FN:8,(anonymous_0)
FNF:1
FNH:0
FNDA:0,(anonymous_0)
DA:4,0
DA:8,0
DA:9,0
DA:10,0
DA:15,0
DA:16,0
LF:6
LH:0
BRF:0
BRH:0
end_of_record
TN:
SF:src/routes/supportRequests.js
FN:8,(anonymous_0)
FNF:1
FNH:0
FNDA:0,(anonymous_0)
DA:4,0
DA:8,0
DA:9,0
DA:10,0
DA:15,0
DA:16,0
LF:6
LH:0
BRF:0
BRH:0
end_of_record
TN:
SF:src/routes/users.js
FN:12,(anonymous_0)
FN:29,(anonymous_1)
FN:49,(anonymous_2)
FN:69,(anonymous_3)
FN:95,(anonymous_4)
FN:132,(anonymous_5)
FN:156,(anonymous_6)
FNF:7
FNH:0
FNDA:0,(anonymous_0)
FNDA:0,(anonymous_1)
FNDA:0,(anonymous_2)
FNDA:0,(anonymous_3)
FNDA:0,(anonymous_4)
FNDA:0,(anonymous_5)
FNDA:0,(anonymous_6)
DA:7,0
DA:12,0
DA:13,0
DA:14,0
DA:15,0
DA:17,0
DA:22,0
DA:29,0
DA:30,0
DA:31,0
DA:32,0
DA:34,0
DA:36,0
DA:42,0
DA:49,0
DA:50,0
DA:51,0
DA:52,0
DA:54,0
DA:56,0
DA:62,0
DA:69,0
DA:70,0
DA:71,0
DA:72,0
DA:74,0
DA:79,0
DA:80,0
DA:88,0
DA:95,0
DA:96,0
DA:97,0
DA:98,0
DA:101,0
DA:111,0
DA:116,0
DA:117,0
DA:125,0
DA:132,0
DA:133,0
DA:134,0
DA:136,0
DA:143,0
DA:149,0
DA:156,0
DA:157,0
DA:158,0
DA:161,0
DA:162,0
DA:171,0
DA:173,0
DA:178,0
DA:179,0
DA:187,0
LF:54
LH:0
BRDA:79,0,0,0
BRDA:79,0,1,0
BRDA:116,1,0,0
BRDA:116,1,1,0
BRDA:134,2,0,0
BRDA:134,3,0,0
BRDA:134,4,0,0
BRDA:134,5,0,0
BRDA:161,6,0,0
BRDA:161,6,1,0
BRDA:178,7,0,0
BRDA:178,7,1,0
BRF:12
BRH:0
end_of_record
TN:
SF:src/services/authService.js
FN:16,(anonymous_0)
FN:63,(anonymous_1)
FN:105,(anonymous_2)
FN:178,(anonymous_3)
FN:220,(anonymous_4)
FN:240,(anonymous_5)
FN:287,(anonymous_6)
FN:328,(anonymous_7)
FNF:8
FNH:0
FNDA:0,(anonymous_0)
FNDA:0,(anonymous_1)
FNDA:0,(anonymous_2)
FNDA:0,(anonymous_3)
FNDA:0,(anonymous_4)
FNDA:0,(anonymous_5)
FNDA:0,(anonymous_6)
FNDA:0,(anonymous_7)
DA:9,0
DA:10,0
DA:16,0
DA:17,0
DA:19,0
DA:22,0
DA:23,0
DA:26,0
DA:27,0
DA:34,0
DA:35,0
DA:40,0
DA:43,0
DA:45,0
DA:54,0
DA:55,0
DA:63,0
DA:64,0
DA:65,0
DA:68,0
DA:75,0
DA:76,0
DA:79,0
DA:82,0
DA:85,0
DA:90,0
DA:92,0
DA:96,0
DA:97,0
DA:105,0
DA:106,0
DA:109,0
DA:110,0
DA:112,0
DA:114,0
DA:116,0
DA:120,0
DA:121,0
DA:125,0
DA:126,0
DA:127,0
DA:131,0
DA:132,0
DA:136,0
DA:137,0
DA:140,0
DA:141,0
DA:143,0
DA:150,0
DA:155,0
DA:157,0
DA:169,0
DA:170,0
DA:178,0
DA:179,0
DA:182,0
DA:183,0
DA:185,0
DA:189,0
DA:190,0
DA:197,0
DA:198,0
DA:201,0
DA:204,0
DA:215,0
DA:216,0
DA:219,0
DA:220,0
DA:223,0
DA:225,0
DA:227,0
DA:231,0
DA:232,0
DA:240,0
DA:241,0
DA:243,0
DA:248,0
DA:250,0
DA:251,0
DA:254,0
DA:257,0
DA:258,0
DA:261,0
DA:262,0
DA:269,0
DA:270,0
DA:275,0
DA:278,0
DA:280,0
DA:282,0
DA:283,0
DA:287,0
DA:288,0
DA:289,0
DA:292,0
DA:299,0
DA:300,0
DA:303,0
DA:306,0
DA:307,0
DA:310,0
DA:315,0
DA:317,0
DA:319,0
DA:320,0
DA:328,0
DA:329,0
DA:332,0
DA:333,0
DA:335,0
DA:336,0
LF:111
LH:0
BRDA:9,0,0,0
BRDA:9,0,1,0
BRDA:10,1,0,0
BRDA:10,1,1,0
BRDA:75,2,0,0
BRDA:75,2,1,0
BRDA:112,3,0,0
BRDA:112,3,1,0
BRDA:120,4,0,0
BRDA:120,4,1,0
BRDA:126,5,0,0
BRDA:126,5,1,0
BRDA:131,6,0,0
BRDA:131,6,1,0
BRDA:197,7,0,0
BRDA:197,7,1,0
BRDA:215,8,0,0
BRDA:215,8,1,0
BRDA:248,9,0,0
BRDA:248,9,1,0
BRDA:299,10,0,0
BRDA:299,10,1,0
BRF:22
BRH:0
end_of_record
TN:
SF:src/services/cacheService.js
FN:25,(anonymous_0)
FN:54,(anonymous_1)
FN:98,(anonymous_2)
FN:117,(anonymous_3)
FN:126,(anonymous_4)
FN:141,(anonymous_5)
FN:162,(anonymous_6)
FN:174,(anonymous_7)
FN:182,(anonymous_8)
FN:198,(anonymous_9)
FN:220,(anonymous_10)
FN:222,(anonymous_11)
FN:232,(anonymous_12)
FN:244,(anonymous_13)
FN:262,(anonymous_14)
FNF:15
FNH:14
FNDA:22,(anonymous_0)
FNDA:35,(anonymous_1)
FNDA:26,(anonymous_2)
FNDA:2,(anonymous_3)
FNDA:6,(anonymous_4)
FNDA:3,(anonymous_5)
FNDA:22,(anonymous_6)
FNDA:6,(anonymous_7)
FNDA:1,(anonymous_8)
FNDA:1,(anonymous_9)
FNDA:1,(anonymous_10)
FNDA:0,(anonymous_11)
FNDA:23,(anonymous_12)
FNDA:1,(anonymous_13)
FNDA:11,(anonymous_14)
DA:16,1
DA:17,1
DA:26,22
DA:27,22
DA:30,22
DA:33,22
DA:36,22
DA:38,22
DA:55,35
DA:56,35
DA:59,35
DA:60,1
DA:64,35
DA:65,35
DA:66,2
DA:69,35
DA:77,35
DA:78,35
DA:81,35
DA:82,8
DA:83,6
DA:85,8
DA:88,35
DA:89,35
DA:99,26
DA:100,26
DA:102,17
DA:103,2
DA:104,2
DA:108,15
DA:109,15
DA:118,2
DA:127,6
DA:128,6
DA:130,5
DA:131,5
DA:132,5
DA:133,5
DA:142,3
DA:143,3
DA:145,2
DA:146,2
DA:147,3
DA:148,3
DA:149,3
DA:150,3
DA:151,3
DA:154,2
DA:155,2
DA:156,2
DA:163,22
DA:164,22
DA:165,22
DA:166,22
DA:175,6
DA:183,1
DA:199,1
DA:200,1
DA:202,1
DA:203,2
DA:204,1
DA:205,1
DA:206,1
DA:210,1
DA:211,1
DA:213,1
DA:221,1
DA:222,1
DA:224,1
DA:225,1
DA:233,23
DA:234,1
DA:235,1
DA:245,1
DA:246,1
DA:248,1
DA:249,5
DA:250,2
DA:251,2
DA:255,1
DA:256,1
DA:257,1
DA:263,11
DA:264,4
DA:265,4
DA:266,4
DA:267,4
DA:268,2
DA:276,1
LF:89
LH:89
BRDA:25,0,0,1
BRDA:26,1,0,22
BRDA:26,1,1,1
BRDA:27,2,0,22
BRDA:27,2,1,1
BRDA:54,3,0,22
BRDA:55,4,0,6
BRDA:55,4,1,29
BRDA:56,5,0,35
BRDA:56,5,1,28
BRDA:59,6,0,1
BRDA:59,6,1,34
BRDA:59,7,0,35
BRDA:59,7,1,33
BRDA:65,8,0,2
BRDA:65,8,1,33
BRDA:71,9,0,34
BRDA:71,9,1,1
BRDA:82,10,0,6
BRDA:82,10,1,2
BRDA:100,11,0,9
BRDA:100,11,1,17
BRDA:102,12,0,2
BRDA:102,12,1,15
BRDA:128,13,0,1
BRDA:128,13,1,5
BRDA:143,14,0,1
BRDA:143,14,1,2
BRDA:148,15,0,3
BRDA:148,15,1,0
BRDA:203,16,0,1
BRDA:203,16,1,1
BRDA:210,17,0,1
BRDA:210,17,1,0
BRDA:220,18,0,0
BRDA:224,19,0,1
BRDA:224,19,1,0
BRDA:233,20,0,1
BRDA:233,20,1,22
BRDA:249,21,0,2
BRDA:249,21,1,3
BRDA:255,22,0,1
BRDA:255,22,1,0
BRDA:265,23,0,4
BRDA:265,23,1,0
BRDA:267,24,0,2
BRDA:267,24,1,2
BRF:47
BRH:41
end_of_record
TN:
SF:src/services/campaignService.js
FN:7,(anonymous_0)
FN:17,(anonymous_1)
FN:74,(anonymous_2)
FN:193,(anonymous_3)
FN:225,(anonymous_4)
FN:256,(anonymous_5)
FN:310,(anonymous_6)
FN:335,(anonymous_7)
FN:389,(anonymous_8)
FN:423,(anonymous_9)
FN:483,(anonymous_10)
FNF:11
FNH:0
FNDA:0,(anonymous_0)
FNDA:0,(anonymous_1)
FNDA:0,(anonymous_2)
FNDA:0,(anonymous_3)
FNDA:0,(anonymous_4)
FNDA:0,(anonymous_5)
FNDA:0,(anonymous_6)
FNDA:0,(anonymous_7)
FNDA:0,(anonymous_8)
FNDA:0,(anonymous_9)
FNDA:0,(anonymous_10)
DA:7,0
DA:8,0
DA:17,0
DA:18,0
DA:36,0
DA:39,0
DA:41,0
DA:60,0
DA:61,0
DA:63,0
DA:64,0
DA:66,0
DA:67,0
DA:74,0
DA:75,0
DA:88,0
DA:90,0
DA:91,0
DA:92,0
DA:93,0
DA:96,0
DA:97,0
DA:98,0
DA:99,0
DA:103,0
DA:104,0
DA:105,0
DA:106,0
DA:110,0
DA:111,0
DA:112,0
DA:113,0
DA:117,0
DA:118,0
DA:119,0
DA:120,0
DA:124,0
DA:125,0
DA:126,0
DA:127,0
DA:131,0
DA:132,0
DA:133,0
DA:134,0
DA:138,0
DA:139,0
DA:140,0
DA:141,0
DA:144,0
DA:147,0
DA:148,0
DA:149,0
DA:152,0
DA:156,0
DA:159,0
DA:175,0
DA:185,0
DA:186,0
DA:193,0
DA:194,0
DA:195,0
DA:211,0
DA:212,0
DA:215,0
DA:217,0
DA:218,0
DA:225,0
DA:226,0
DA:227,0
DA:242,0
DA:243,0
DA:246,0
DA:248,0
DA:249,0
DA:256,0
DA:257,0
DA:258,0
DA:266,0
DA:267,0
DA:268,0
DA:271,0
DA:272,0
DA:273,0
DA:274,0
DA:275,0
DA:276,0
DA:280,0
DA:281,0
DA:285,0
DA:287,0
DA:295,0
DA:296,0
DA:299,0
DA:300,0
DA:302,0
DA:303,0
DA:310,0
DA:311,0
DA:312,0
DA:320,0
DA:321,0
DA:324,0
DA:325,0
DA:327,0
DA:328,0
DA:335,0
DA:336,0
DA:338,0
DA:339,0
DA:340,0
DA:344,0
DA:349,0
DA:350,0
DA:351,0
DA:354,0
DA:362,0
DA:370,0
DA:378,0
DA:379,0
DA:381,0
DA:382,0
DA:389,0
DA:390,0
DA:391,0
DA:399,0
DA:400,0
DA:404,0
DA:412,0
DA:413,0
DA:415,0
DA:416,0
DA:423,0
DA:424,0
DA:425,0
DA:426,0
DA:428,0
DA:429,0
DA:430,0
DA:432,0
DA:433,0
DA:434,0
DA:435,0
DA:438,0
DA:439,0
DA:440,0
DA:441,0
DA:444,0
DA:447,0
DA:451,0
DA:454,0
DA:465,0
DA:475,0
DA:476,0
DA:483,0
DA:484,0
DA:485,0
DA:487,0
DA:488,0
DA:489,0
DA:492,0
DA:502,0
DA:503,0
DA:505,0
DA:506,0
LF:164
LH:0
BRDA:25,0,0,0
BRDA:26,1,0,0
BRDA:55,2,0,0
BRDA:55,2,1,0
BRDA:63,3,0,0
BRDA:63,3,1,0
BRDA:74,4,0,0
BRDA:84,5,0,0
BRDA:85,6,0,0
BRDA:86,7,0,0
BRDA:87,8,0,0
BRDA:96,9,0,0
BRDA:96,9,1,0
BRDA:103,10,0,0
BRDA:103,10,1,0
BRDA:110,11,0,0
BRDA:110,11,1,0
BRDA:117,12,0,0
BRDA:117,12,1,0
BRDA:124,13,0,0
BRDA:124,13,1,0
BRDA:131,14,0,0
BRDA:131,14,1,0
BRDA:138,15,0,0
BRDA:138,15,1,0
BRDA:144,16,0,0
BRDA:144,16,1,0
BRDA:148,17,0,0
BRDA:148,17,1,0
BRDA:149,18,0,0
BRDA:149,18,1,0
BRDA:211,19,0,0
BRDA:211,19,1,0
BRDA:242,20,0,0
BRDA:242,20,1,0
BRDA:273,21,0,0
BRDA:273,21,1,0
BRDA:280,22,0,0
BRDA:280,22,1,0
BRDA:295,23,0,0
BRDA:295,23,1,0
BRDA:320,24,0,0
BRDA:320,24,1,0
BRDA:335,25,0,0
BRDA:339,26,0,0
BRDA:339,26,1,0
BRDA:349,27,0,0
BRDA:349,27,1,0
BRDA:350,28,0,0
BRDA:350,28,1,0
BRDA:399,29,0,0
BRDA:399,29,1,0
BRDA:423,30,0,0
BRDA:425,31,0,0
BRDA:425,32,0,0
BRDA:425,33,0,0
BRDA:432,34,0,0
BRDA:432,34,1,0
BRDA:438,35,0,0
BRDA:438,35,1,0
BRDA:488,36,0,0
BRDA:488,36,1,0
BRDA:488,37,0,0
BRDA:488,37,1,0
BRF:64
BRH:0
end_of_record
TN:
SF:src/services/emailService.js
FN:19,(anonymous_0)
FN:29,(anonymous_1)
FN:42,(anonymous_2)
FN:54,(anonymous_3)
FN:67,(anonymous_4)
FN:79,(anonymous_5)
FN:91,(anonymous_6)
FN:104,(anonymous_7)
FN:128,(anonymous_8)
FN:132,(anonymous_9)
FN:136,(anonymous_10)
FN:140,(anonymous_11)
FN:144,(anonymous_12)
FN:148,(anonymous_13)
FNF:14
FNH:0
FNDA:0,(anonymous_0)
FNDA:0,(anonymous_1)
FNDA:0,(anonymous_2)
FNDA:0,(anonymous_3)
FNDA:0,(anonymous_4)
FNDA:0,(anonymous_5)
FNDA:0,(anonymous_6)
FNDA:0,(anonymous_7)
FNDA:0,(anonymous_8)
FNDA:0,(anonymous_9)
FNDA:0,(anonymous_10)
FNDA:0,(anonymous_11)
FNDA:0,(anonymous_12)
FNDA:0,(anonymous_13)
DA:5,0
DA:8,0
DA:19,0
DA:20,0
DA:21,0
DA:23,0
DA:28,0
DA:29,0
DA:42,0
DA:54,0
DA:67,0
DA:79,0
DA:91,0
DA:104,0
DA:105,0
DA:106,0
DA:107,0
DA:108,0
DA:111,0
DA:113,0
DA:119,0
DA:120,0
DA:121,0
DA:123,0
DA:124,0
DA:128,0
DA:129,0
DA:132,0
DA:133,0
DA:136,0
DA:137,0
DA:140,0
DA:141,0
DA:144,0
DA:145,0
DA:148,0
DA:149,0
LF:37
LH:0
BRDA:20,0,0,0
BRDA:20,0,1,0
BRDA:32,1,0,0
BRDA:32,1,1,0
BRDA:104,2,0,0
BRDA:107,3,0,0
BRDA:107,3,1,0
BRF:7
BRH:0
end_of_record
TN:
SF:src/services/feedScheduler.js
FN:11,(anonymous_0)
FN:30,(anonymous_1)
FN:44,(anonymous_2)
FN:55,(anonymous_3)
FN:73,(anonymous_4)
FN:134,(anonymous_5)
FN:142,(anonymous_6)
FN:145,(anonymous_7)
FN:146,(anonymous_8)
FN:146,(anonymous_9)
FN:157,(anonymous_10)
FN:179,(anonymous_11)
FN:190,(anonymous_12)
FN:206,(anonymous_13)
FN:218,(anonymous_14)
FNF:15
FNH:0
FNDA:0,(anonymous_0)
FNDA:0,(anonymous_1)
FNDA:0,(anonymous_2)
FNDA:0,(anonymous_3)
FNDA:0,(anonymous_4)
FNDA:0,(anonymous_5)
FNDA:0,(anonymous_6)
FNDA:0,(anonymous_7)
FNDA:0,(anonymous_8)
FNDA:0,(anonymous_9)
FNDA:0,(anonymous_10)
FNDA:0,(anonymous_11)
FNDA:0,(anonymous_12)
FNDA:0,(anonymous_13)
FNDA:0,(anonymous_14)
DA:12,0
DA:13,0
DA:14,0
DA:15,0
DA:31,0
DA:32,0
DA:33,0
DA:36,0
DA:38,0
DA:41,0
DA:44,0
DA:45,0
DA:48,0
DA:49,0
DA:56,0
DA:57,0
DA:58,0
DA:61,0
DA:62,0
DA:63,0
DA:66,0
DA:67,0
DA:75,0
DA:76,0
DA:77,0
DA:80,0
DA:81,0
DA:83,0
DA:84,0
DA:86,0
DA:89,0
DA:90,0
DA:91,0
DA:92,0
DA:93,0
DA:96,0
DA:97,0
DA:101,0
DA:106,0
DA:108,0
DA:111,0
DA:112,0
DA:113,0
DA:119,0
DA:120,0
DA:123,0
DA:124,0
DA:127,0
DA:135,0
DA:136,0
DA:144,0
DA:145,0
DA:146,0
DA:151,0
DA:154,0
DA:157,0
DA:158,0
DA:173,0
DA:180,0
DA:191,0
DA:200,0
DA:207,0
DA:209,0
DA:212,0
DA:213,0
DA:214,0
DA:215,0
DA:217,0
DA:218,0
DA:219,0
DA:222,0
DA:223,0
DA:227,0
DA:232,0
LF:74
LH:0
BRDA:30,0,0,0
BRDA:31,1,0,0
BRDA:31,1,1,0
BRDA:56,2,0,0
BRDA:56,2,1,0
BRDA:61,3,0,0
BRDA:61,3,1,0
BRDA:75,4,0,0
BRDA:75,4,1,0
BRDA:96,5,0,0
BRDA:96,5,1,0
BRDA:119,6,0,0
BRDA:119,6,1,0
BRDA:145,7,0,0
BRDA:145,7,1,0
BRDA:145,7,2,0
BRDA:151,8,0,0
BRDA:151,8,1,0
BRDA:212,9,0,0
BRDA:212,9,1,0
BRDA:217,10,0,0
BRDA:217,10,1,0
BRDA:222,11,0,0
BRDA:222,11,1,0
BRF:24
BRH:0
end_of_record
TN:
SF:src/services/feedService.js
FN:22,(anonymous_0)
FN:36,(anonymous_1)
FN:45,(anonymous_2)
FN:64,(anonymous_3)
FN:73,(anonymous_4)
FN:116,(anonymous_5)
FN:151,(anonymous_6)
FN:157,(anonymous_7)
FN:182,(anonymous_8)
FN:197,(anonymous_9)
FN:268,(anonymous_10)
FN:281,(anonymous_11)
FN:284,(anonymous_12)
FN:285,(anonymous_13)
FN:300,(anonymous_14)
FN:357,(anonymous_15)
FN:376,(anonymous_16)
FN:390,(anonymous_17)
FN:408,(anonymous_18)
FNF:19
FNH:0
FNDA:0,(anonymous_0)
FNDA:0,(anonymous_1)
FNDA:0,(anonymous_2)
FNDA:0,(anonymous_3)
FNDA:0,(anonymous_4)
FNDA:0,(anonymous_5)
FNDA:0,(anonymous_6)
FNDA:0,(anonymous_7)
FNDA:0,(anonymous_8)
FNDA:0,(anonymous_9)
FNDA:0,(anonymous_10)
FNDA:0,(anonymous_11)
FNDA:0,(anonymous_12)
FNDA:0,(anonymous_13)
FNDA:0,(anonymous_14)
FNDA:0,(anonymous_15)
FNDA:0,(anonymous_16)
FNDA:0,(anonymous_17)
FNDA:0,(anonymous_18)
DA:5,0
DA:23,0
DA:29,0
DA:30,0
DA:37,0
DA:38,0
DA:39,0
DA:46,0
DA:57,0
DA:58,0
DA:65,0
DA:66,0
DA:67,0
DA:74,0
DA:91,0
DA:105,0
DA:108,0
DA:110,0
DA:117,0
DA:119,0
DA:122,0
DA:136,0
DA:148,0
DA:149,0
DA:151,0
DA:152,0
DA:153,0
DA:157,0
DA:158,0
DA:159,0
DA:164,0
DA:165,0
DA:168,0
DA:169,0
DA:171,0
DA:172,0
DA:176,0
DA:183,0
DA:191,0
DA:198,0
DA:199,0
DA:201,0
DA:202,0
DA:204,0
DA:205,0
DA:207,0
DA:208,0
DA:211,0
DA:213,0
DA:215,0
DA:216,0
DA:217,0
DA:218,0
DA:219,0
DA:220,0
DA:221,0
DA:224,0
DA:229,0
DA:230,0
DA:235,0
DA:237,0
DA:239,0
DA:248,0
DA:250,0
DA:256,0
DA:269,0
DA:271,0
DA:272,0
DA:274,0
DA:276,0
DA:277,0
DA:278,0
DA:281,0
DA:284,0
DA:285,0
DA:287,0
DA:289,0
DA:301,0
DA:313,0
DA:314,0
DA:317,0
DA:318,0
DA:319,0
DA:320,0
DA:323,0
DA:324,0
DA:327,0
DA:328,0
DA:331,0
DA:332,0
DA:333,0
DA:334,0
DA:337,0
DA:338,0
DA:339,0
DA:340,0
DA:344,0
DA:348,0
DA:350,0
DA:351,0
DA:358,0
DA:369,0
DA:370,0
DA:377,0
DA:383,0
DA:384,0
DA:391,0
DA:396,0
DA:399,0
DA:409,0
DA:422,0
DA:423,0
LF:112
LH:0
BRDA:45,0,0,0
BRDA:93,1,0,0
BRDA:93,1,1,0
BRDA:96,2,0,0
BRDA:96,2,1,0
BRDA:96,2,2,0
BRDA:97,3,0,0
BRDA:97,3,1,0
BRDA:97,3,2,0
BRDA:98,4,0,0
BRDA:98,4,1,0
BRDA:98,4,2,0
BRDA:99,5,0,0
BRDA:99,5,1,0
BRDA:100,6,0,0
BRDA:100,6,1,0
BRDA:101,7,0,0
BRDA:101,7,1,0
BRDA:119,8,0,0
BRDA:119,8,1,0
BRDA:119,9,0,0
BRDA:119,9,1,0
BRDA:152,10,0,0
BRDA:152,10,1,0
BRDA:158,11,0,0
BRDA:158,11,1,0
BRDA:168,12,0,0
BRDA:168,12,1,0
BRDA:171,13,0,0
BRDA:171,13,1,0
BRDA:198,14,0,0
BRDA:198,14,1,0
BRDA:208,15,0,0
BRDA:208,15,1,0
BRDA:213,16,0,0
BRDA:213,16,1,0
BRDA:216,17,0,0
BRDA:216,17,1,0
BRDA:216,18,0,0
BRDA:216,18,1,0
BRDA:218,19,0,0
BRDA:218,19,1,0
BRDA:218,20,0,0
BRDA:218,20,1,0
BRDA:220,21,0,0
BRDA:220,21,1,0
BRDA:220,22,0,0
BRDA:220,22,1,0
BRDA:285,23,0,0
BRDA:285,23,1,0
BRDA:300,24,0,0
BRDA:300,25,0,0
BRDA:300,26,0,0
BRDA:317,27,0,0
BRDA:317,27,1,0
BRDA:323,28,0,0
BRDA:323,28,1,0
BRDA:327,29,0,0
BRDA:327,29,1,0
BRDA:331,30,0,0
BRDA:331,30,1,0
BRDA:337,31,0,0
BRDA:337,31,1,0
BRF:63
BRH:0
end_of_record
TN:
SF:src/services/organizationService.js
FN:7,(anonymous_0)
FN:17,(anonymous_1)
FN:76,(anonymous_2)
FN:171,(anonymous_3)
FN:192,(anonymous_4)
FN:213,(anonymous_5)
FN:267,(anonymous_6)
FN:292,(anonymous_7)
FN:325,(anonymous_8)
FNF:9
FNH:0
FNDA:0,(anonymous_0)
FNDA:0,(anonymous_1)
FNDA:0,(anonymous_2)
FNDA:0,(anonymous_3)
FNDA:0,(anonymous_4)
FNDA:0,(anonymous_5)
FNDA:0,(anonymous_6)
FNDA:0,(anonymous_7)
FNDA:0,(anonymous_8)
DA:7,0
DA:8,0
DA:17,0
DA:18,0
DA:38,0
DA:41,0
DA:43,0
DA:62,0
DA:63,0
DA:65,0
DA:66,0
DA:68,0
DA:69,0
DA:76,0
DA:77,0
DA:88,0
DA:90,0
DA:91,0
DA:92,0
DA:93,0
DA:96,0
DA:97,0
DA:98,0
DA:99,0
DA:103,0
DA:104,0
DA:105,0
DA:106,0
DA:110,0
DA:111,0
DA:112,0
DA:113,0
DA:117,0
DA:118,0
DA:119,0
DA:120,0
DA:124,0
DA:125,0
DA:126,0
DA:127,0
DA:130,0
DA:133,0
DA:134,0
DA:135,0
DA:138,0
DA:142,0
DA:145,0
DA:153,0
DA:163,0
DA:164,0
DA:171,0
DA:172,0
DA:173,0
DA:178,0
DA:179,0
DA:182,0
DA:184,0
DA:185,0
DA:192,0
DA:193,0
DA:194,0
DA:199,0
DA:200,0
DA:203,0
DA:205,0
DA:206,0
DA:213,0
DA:214,0
DA:215,0
DA:223,0
DA:224,0
DA:225,0
DA:228,0
DA:229,0
DA:230,0
DA:231,0
DA:232,0
DA:233,0
DA:237,0
DA:238,0
DA:242,0
DA:244,0
DA:252,0
DA:253,0
DA:256,0
DA:257,0
DA:259,0
DA:260,0
DA:267,0
DA:268,0
DA:269,0
DA:277,0
DA:278,0
DA:281,0
DA:282,0
DA:284,0
DA:285,0
DA:292,0
DA:293,0
DA:294,0
DA:295,0
DA:296,0
DA:299,0
DA:310,0
DA:311,0
DA:314,0
DA:315,0
DA:317,0
DA:318,0
DA:325,0
DA:326,0
DA:327,0
DA:337,0
DA:339,0
DA:340,0
LF:115
LH:0
BRDA:55,0,0,0
BRDA:55,0,1,0
BRDA:56,1,0,0
BRDA:56,1,1,0
BRDA:65,2,0,0
BRDA:65,2,1,0
BRDA:76,3,0,0
BRDA:84,4,0,0
BRDA:85,5,0,0
BRDA:86,6,0,0
BRDA:87,7,0,0
BRDA:96,8,0,0
BRDA:96,8,1,0
BRDA:103,9,0,0
BRDA:103,9,1,0
BRDA:110,10,0,0
BRDA:110,10,1,0
BRDA:117,11,0,0
BRDA:117,11,1,0
BRDA:124,12,0,0
BRDA:124,12,1,0
BRDA:130,13,0,0
BRDA:130,13,1,0
BRDA:134,14,0,0
BRDA:134,14,1,0
BRDA:135,15,0,0
BRDA:135,15,1,0
BRDA:178,16,0,0
BRDA:178,16,1,0
BRDA:199,17,0,0
BRDA:199,17,1,0
BRDA:230,18,0,0
BRDA:230,18,1,0
BRDA:237,19,0,0
BRDA:237,19,1,0
BRDA:252,20,0,0
BRDA:252,20,1,0
BRDA:277,21,0,0
BRDA:277,21,1,0
BRDA:292,22,0,0
BRDA:295,23,0,0
BRDA:295,23,1,0
BRDA:310,24,0,0
BRDA:310,24,1,0
BRDA:325,25,0,0
BRF:45
BRH:0
end_of_record
TN:
SF:src/services/socketService.js
FN:14,(anonymous_0)
FN:22,(anonymous_1)
FN:32,(anonymous_2)
FN:41,(anonymous_3)
FN:69,(anonymous_4)
FN:80,(anonymous_5)
FN:84,(anonymous_6)
FN:109,(anonymous_7)
FN:124,(anonymous_8)
FN:148,(anonymous_9)
FN:162,(anonymous_10)
FN:187,(anonymous_11)
FN:202,(anonymous_12)
FN:221,(anonymous_13)
FN:240,(anonymous_14)
FN:258,(anonymous_15)
FN:261,(anonymous_16)
FN:278,(anonymous_17)
FN:296,(anonymous_18)
FN:311,(anonymous_19)
FN:329,(anonymous_20)
FN:346,(anonymous_21)
FN:365,(anonymous_22)
FN:375,(anonymous_23)
FN:379,(anonymous_24)
FN:389,(anonymous_25)
FN:403,(anonymous_26)
FN:409,(anonymous_27)
FNF:28
FNH:0
FNDA:0,(anonymous_0)
FNDA:0,(anonymous_1)
FNDA:0,(anonymous_2)
FNDA:0,(anonymous_3)
FNDA:0,(anonymous_4)
FNDA:0,(anonymous_5)
FNDA:0,(anonymous_6)
FNDA:0,(anonymous_7)
FNDA:0,(anonymous_8)
FNDA:0,(anonymous_9)
FNDA:0,(anonymous_10)
FNDA:0,(anonymous_11)
FNDA:0,(anonymous_12)
FNDA:0,(anonymous_13)
FNDA:0,(anonymous_14)
FNDA:0,(anonymous_15)
FNDA:0,(anonymous_16)
FNDA:0,(anonymous_17)
FNDA:0,(anonymous_18)
FNDA:0,(anonymous_19)
FNDA:0,(anonymous_20)
FNDA:0,(anonymous_21)
FNDA:0,(anonymous_22)
FNDA:0,(anonymous_23)
FNDA:0,(anonymous_24)
FNDA:0,(anonymous_25)
FNDA:0,(anonymous_26)
FNDA:0,(anonymous_27)
DA:9,0
DA:14,0
DA:15,0
DA:16,0
DA:22,0
DA:23,0
DA:24,0
DA:26,0
DA:32,0
DA:41,0
DA:42,0
DA:44,0
DA:60,0
DA:63,0
DA:64,0
DA:68,0
DA:69,0
DA:70,0
DA:74,0
DA:80,0
DA:81,0
DA:83,0
DA:84,0
DA:101,0
DA:103,0
DA:109,0
DA:110,0
DA:112,0
DA:118,0
DA:124,0
DA:125,0
DA:127,0
DA:139,0
DA:140,0
DA:142,0
DA:148,0
DA:149,0
DA:151,0
DA:156,0
DA:162,0
DA:163,0
DA:165,0
DA:175,0
DA:177,0
DA:187,0
DA:188,0
DA:190,0
DA:196,0
DA:202,0
DA:203,0
DA:205,0
DA:215,0
DA:221,0
DA:222,0
DA:224,0
DA:230,0
DA:240,0
DA:241,0
DA:243,0
DA:252,0
DA:258,0
DA:259,0
DA:261,0
DA:262,0
DA:265,0
DA:278,0
DA:279,0
DA:281,0
DA:286,0
DA:296,0
DA:297,0
DA:299,0
DA:305,0
DA:311,0
DA:312,0
DA:314,0
DA:319,0
DA:329,0
DA:330,0
DA:332,0
DA:340,0
DA:346,0
DA:347,0
DA:349,0
DA:355,0
DA:365,0
DA:366,0
DA:368,0
DA:369,0
DA:375,0
DA:376,0
DA:378,0
DA:379,0
DA:389,0
DA:390,0
DA:392,0
DA:397,0
DA:403,0
DA:404,0
DA:406,0
DA:407,0
DA:409,0
DA:411,0
DA:412,0
DA:419,0
LF:105
LH:0
BRDA:23,0,0,0
BRDA:23,0,1,0
BRDA:42,1,0,0
BRDA:42,1,1,0
BRDA:50,2,0,0
BRDA:50,2,1,0
BRDA:51,3,0,0
BRDA:51,3,1,0
BRDA:52,4,0,0
BRDA:52,4,1,0
BRDA:53,5,0,0
BRDA:53,5,1,0
BRDA:54,6,0,0
BRDA:54,6,1,0
BRDA:55,7,0,0
BRDA:55,7,1,0
BRDA:63,8,0,0
BRDA:63,8,1,0
BRDA:68,9,0,0
BRDA:68,9,1,0
BRDA:68,10,0,0
BRDA:68,10,1,0
BRDA:81,11,0,0
BRDA:81,11,1,0
BRDA:81,12,0,0
BRDA:81,12,1,0
BRDA:81,12,2,0
BRDA:90,13,0,0
BRDA:90,13,1,0
BRDA:91,14,0,0
BRDA:91,14,1,0
BRDA:92,15,0,0
BRDA:92,15,1,0
BRDA:93,16,0,0
BRDA:93,16,1,0
BRDA:94,17,0,0
BRDA:94,17,1,0
BRDA:95,18,0,0
BRDA:95,18,1,0
BRDA:110,19,0,0
BRDA:110,19,1,0
BRDA:125,20,0,0
BRDA:125,20,1,0
BRDA:149,21,0,0
BRDA:149,21,1,0
BRDA:163,22,0,0
BRDA:163,22,1,0
BRDA:170,23,0,0
BRDA:170,23,1,0
BRDA:188,24,0,0
BRDA:188,24,1,0
BRDA:203,25,0,0
BRDA:203,25,1,0
BRDA:222,26,0,0
BRDA:222,26,1,0
BRDA:241,27,0,0
BRDA:241,27,1,0
BRDA:259,28,0,0
BRDA:259,28,1,0
BRDA:279,29,0,0
BRDA:279,29,1,0
BRDA:296,30,0,0
BRDA:297,31,0,0
BRDA:297,31,1,0
BRDA:312,32,0,0
BRDA:312,32,1,0
BRDA:330,33,0,0
BRDA:330,33,1,0
BRDA:347,34,0,0
BRDA:347,34,1,0
BRDA:366,35,0,0
BRDA:366,35,1,0
BRDA:376,36,0,0
BRDA:376,36,1,0
BRDA:390,37,0,0
BRDA:390,37,1,0
BRDA:404,38,0,0
BRDA:404,38,1,0
BRDA:411,39,0,0
BRDA:411,39,1,0
BRF:80
BRH:0
end_of_record
TN:
SF:src/services/userService.js
FN:15,(anonymous_0)
FN:71,(anonymous_1)
FN:99,(anonymous_2)
FN:109,(anonymous_3)
FN:130,(anonymous_4)
FN:155,(anonymous_5)
FN:211,(anonymous_6)
FN:246,(anonymous_7)
FN:267,(anonymous_8)
FN:302,(anonymous_9)
FN:329,(anonymous_10)
FN:380,(anonymous_11)
FNF:12
FNH:0
FNDA:0,(anonymous_0)
FNDA:0,(anonymous_1)
FNDA:0,(anonymous_2)
FNDA:0,(anonymous_3)
FNDA:0,(anonymous_4)
FNDA:0,(anonymous_5)
FNDA:0,(anonymous_6)
FNDA:0,(anonymous_7)
FNDA:0,(anonymous_8)
FNDA:0,(anonymous_9)
FNDA:0,(anonymous_10)
FNDA:0,(anonymous_11)
DA:8,0
DA:15,0
DA:16,0
DA:18,0
DA:20,0
DA:25,0
DA:26,0
DA:30,0
DA:35,0
DA:36,0
DA:40,0
DA:43,0
DA:50,0
DA:53,0
DA:59,0
DA:60,0
DA:62,0
DA:63,0
DA:71,0
DA:72,0
DA:74,0
DA:84,0
DA:85,0
DA:88,0
DA:91,0
DA:99,0
DA:101,0
DA:102,0
DA:104,0
DA:105,0
DA:109,0
DA:110,0
DA:111,0
DA:119,0
DA:120,0
DA:123,0
DA:125,0
DA:126,0
DA:130,0
DA:131,0
DA:132,0
DA:140,0
DA:141,0
DA:144,0
DA:146,0
DA:147,0
DA:155,0
DA:156,0
DA:167,0
DA:169,0
DA:198,0
DA:199,0
DA:203,0
DA:204,0
DA:206,0
DA:207,0
DA:211,0
DA:212,0
DA:213,0
DA:215,0
DA:229,0
DA:230,0
DA:234,0
DA:235,0
DA:237,0
DA:238,0
DA:246,0
DA:247,0
DA:248,0
DA:253,0
DA:254,0
DA:257,0
DA:258,0
DA:260,0
DA:262,0
DA:263,0
DA:267,0
DA:268,0
DA:269,0
DA:271,0
DA:279,0
DA:280,0
DA:284,0
DA:290,0
DA:291,0
DA:293,0
DA:294,0
DA:302,0
DA:303,0
DA:304,0
DA:312,0
DA:313,0
DA:317,0
DA:318,0
DA:320,0
DA:321,0
DA:329,0
DA:330,0
DA:336,0
DA:338,0
DA:339,0
DA:340,0
DA:343,0
DA:348,0
DA:351,0
DA:361,0
DA:371,0
DA:372,0
DA:380,0
DA:381,0
DA:382,0
DA:390,0
DA:391,0
DA:396,0
DA:401,0
DA:402,0
DA:404,0
DA:405,0
LF:118
LH:0
BRDA:8,0,0,0
BRDA:8,0,1,0
BRDA:25,1,0,0
BRDA:25,1,1,0
BRDA:35,2,0,0
BRDA:35,2,1,0
BRDA:47,3,0,0
BRDA:47,3,1,0
BRDA:47,4,0,0
BRDA:47,4,1,0
BRDA:84,5,0,0
BRDA:84,5,1,0
BRDA:119,6,0,0
BRDA:119,6,1,0
BRDA:140,7,0,0
BRDA:140,7,1,0
BRDA:198,8,0,0
BRDA:198,8,1,0
BRDA:224,9,0,0
BRDA:224,9,1,0
BRDA:229,10,0,0
BRDA:229,10,1,0
BRDA:253,11,0,0
BRDA:253,11,1,0
BRDA:279,12,0,0
BRDA:279,12,1,0
BRDA:312,13,0,0
BRDA:312,13,1,0
BRDA:329,14,0,0
BRDA:332,15,0,0
BRDA:333,16,0,0
BRDA:334,17,0,0
BRDA:335,18,0,0
BRDA:340,19,0,0
BRDA:340,19,1,0
BRDA:390,20,0,0
BRDA:390,20,1,0
BRF:37
BRH:0
end_of_record
TN:
SF:src/sockets/handlers.js
FN:12,(anonymous_0)
FN:36,(anonymous_1)
FN:38,(anonymous_2)
FN:39,(anonymous_3)
FN:40,(anonymous_4)
FN:41,(anonymous_5)
FN:42,(anonymous_6)
FN:43,(anonymous_7)
FN:46,(anonymous_8)
FN:47,(anonymous_9)
FN:50,(anonymous_10)
FN:51,(anonymous_11)
FN:54,(anonymous_12)
FN:55,(anonymous_13)
FN:58,(anonymous_14)
FN:61,(anonymous_15)
FN:64,(anonymous_16)
FN:71,(anonymous_17)
FN:94,(anonymous_18)
FN:116,(anonymous_19)
FN:134,(anonymous_20)
FN:152,(anonymous_21)
FN:170,(anonymous_22)
FN:192,(anonymous_23)
FN:208,(anonymous_24)
FN:228,(anonymous_25)
FN:244,(anonymous_26)
FN:264,(anonymous_27)
FN:280,(anonymous_28)
FN:300,(anonymous_29)
FN:319,(anonymous_30)
FN:333,(anonymous_31)
FNF:32
FNH:0
FNDA:0,(anonymous_0)
FNDA:0,(anonymous_1)
FNDA:0,(anonymous_2)
FNDA:0,(anonymous_3)
FNDA:0,(anonymous_4)
FNDA:0,(anonymous_5)
FNDA:0,(anonymous_6)
FNDA:0,(anonymous_7)
FNDA:0,(anonymous_8)
FNDA:0,(anonymous_9)
FNDA:0,(anonymous_10)
FNDA:0,(anonymous_11)
FNDA:0,(anonymous_12)
FNDA:0,(anonymous_13)
FNDA:0,(anonymous_14)
FNDA:0,(anonymous_15)
FNDA:0,(anonymous_16)
FNDA:0,(anonymous_17)
FNDA:0,(anonymous_18)
FNDA:0,(anonymous_19)
FNDA:0,(anonymous_20)
FNDA:0,(anonymous_21)
FNDA:0,(anonymous_22)
FNDA:0,(anonymous_23)
FNDA:0,(anonymous_24)
FNDA:0,(anonymous_25)
FNDA:0,(anonymous_26)
FNDA:0,(anonymous_27)
FNDA:0,(anonymous_28)
FNDA:0,(anonymous_29)
FNDA:0,(anonymous_30)
FNDA:0,(anonymous_31)
DA:12,0
DA:13,0
DA:19,0
DA:22,0
DA:25,0
DA:30,0
DA:36,0
DA:38,0
DA:39,0
DA:40,0
DA:41,0
DA:42,0
DA:43,0
DA:46,0
DA:47,0
DA:50,0
DA:51,0
DA:54,0
DA:55,0
DA:58,0
DA:61,0
DA:64,0
DA:71,0
DA:72,0
DA:74,0
DA:76,0
DA:77,0
DA:81,0
DA:82,0
DA:85,0
DA:86,0
DA:89,0
DA:90,0
DA:94,0
DA:95,0
DA:97,0
DA:98,0
DA:99,0
DA:103,0
DA:104,0
DA:107,0
DA:108,0
DA:111,0
DA:112,0
DA:116,0
DA:117,0
DA:118,0
DA:119,0
DA:122,0
DA:123,0
DA:125,0
DA:131,0
DA:134,0
DA:135,0
DA:136,0
DA:137,0
DA:140,0
DA:141,0
DA:143,0
DA:149,0
DA:152,0
DA:153,0
DA:154,0
DA:155,0
DA:158,0
DA:159,0
DA:161,0
DA:167,0
DA:170,0
DA:171,0
DA:172,0
DA:173,0
DA:176,0
DA:177,0
DA:179,0
DA:185,0
DA:192,0
DA:193,0
DA:194,0
DA:195,0
DA:198,0
DA:199,0
DA:205,0
DA:208,0
DA:209,0
DA:210,0
DA:211,0
DA:214,0
DA:215,0
DA:221,0
DA:228,0
DA:229,0
DA:230,0
DA:231,0
DA:234,0
DA:235,0
DA:241,0
DA:244,0
DA:245,0
DA:246,0
DA:247,0
DA:250,0
DA:251,0
DA:257,0
DA:264,0
DA:265,0
DA:266,0
DA:267,0
DA:270,0
DA:271,0
DA:277,0
DA:280,0
DA:281,0
DA:282,0
DA:283,0
DA:286,0
DA:287,0
DA:293,0
DA:300,0
DA:301,0
DA:308,0
DA:319,0
DA:320,0
DA:326,0
DA:333,0
DA:334,0
LF:126
LH:0
BRDA:71,0,0,0
BRDA:74,1,0,0
BRDA:74,1,1,0
BRDA:74,2,0,0
BRDA:74,2,1,0
BRDA:74,2,2,0
BRDA:85,3,0,0
BRDA:85,3,1,0
BRDA:89,4,0,0
BRDA:89,4,1,0
BRDA:94,5,0,0
BRDA:97,6,0,0
BRDA:97,6,1,0
BRDA:107,7,0,0
BRDA:107,7,1,0
BRDA:111,8,0,0
BRDA:111,8,1,0
BRDA:117,9,0,0
BRDA:117,9,1,0
BRDA:135,10,0,0
BRDA:135,10,1,0
BRDA:153,11,0,0
BRDA:153,11,1,0
BRDA:171,12,0,0
BRDA:171,12,1,0
BRDA:193,13,0,0
BRDA:193,13,1,0
BRDA:209,14,0,0
BRDA:209,14,1,0
BRDA:229,15,0,0
BRDA:229,15,1,0
BRDA:245,16,0,0
BRDA:245,16,1,0
BRDA:265,17,0,0
BRDA:265,17,1,0
BRDA:281,18,0,0
BRDA:281,18,1,0
BRDA:337,19,0,0
BRDA:337,19,1,0
BRF:39
BRH:0
end_of_record
TN:
SF:src/utils/logger.js
FN:48,(anonymous_0)
FNF:1
FNH:0
FNDA:0,(anonymous_0)
DA:6,1
DA:7,1
DA:10,1
DA:11,0
DA:14,1
DA:16,1
DA:43,1
DA:44,1
DA:49,0
DA:50,0
LF:10
LH:7
BRDA:10,0,0,0
BRDA:10,0,1,1
BRDA:14,1,0,1
BRDA:14,1,1,1
BRDA:43,2,0,1
BRDA:43,2,1,0
BRDA:49,3,0,0
BRDA:49,3,1,0
BRF:8
BRH:4
end_of_record
TN:
SF:src/validators/schemas.js
FN:99,(anonymous_0)
FN:136,(anonymous_1)
FN:220,(anonymous_2)
FN:221,(anonymous_3)
FN:228,(anonymous_4)
FN:249,(anonymous_5)
FN:250,(anonymous_6)
FN:257,(anonymous_7)
FNF:8
FNH:0
FNDA:0,(anonymous_0)
FNDA:0,(anonymous_1)
FNDA:0,(anonymous_2)
FNDA:0,(anonymous_3)
FNDA:0,(anonymous_4)
FNDA:0,(anonymous_5)
FNDA:0,(anonymous_6)
FNDA:0,(anonymous_7)
DA:4,0
DA:13,0
DA:28,0
DA:33,0
DA:37,0
DA:41,0
DA:54,0
DA:65,0
DA:76,0
DA:97,0
DA:99,0
DA:102,0
DA:115,0
DA:134,0
DA:136,0
DA:139,0
DA:153,0
DA:158,0
DA:172,0
DA:180,0
DA:187,0
DA:195,0
DA:201,0
DA:213,0
DA:220,0
DA:221,0
DA:222,0
DA:227,0
DA:228,0
DA:233,0
DA:243,0
DA:244,0
DA:249,0
DA:250,0
DA:251,0
DA:256,0
DA:257,0
DA:262,0
DA:272,0
DA:273,0
LF:40
LH:0
BRDA:227,0,0,0
BRDA:227,0,1,0
BRDA:256,1,0,0
BRDA:256,1,1,0
BRF:4
BRH:0
end_of_record
